::1 - - [01/Jun/2019:20:09:21 +0900] "GET / HTTP/1.1" 200 46
::1 - - [01/Jun/2019:20:09:21 +0900] "GET /favicon.ico HTTP/1.1" 404 209
::1 - - [01/Jun/2019:20:28:17 +0900] "GET /test.html HTTP/1.1" 200 469
::1 - - [01/Jun/2019:20:29:17 +0900] "-" 408 -
::1 - - [01/Jun/2019:20:30:18 +0900] "GET /test.html HTTP/1.1" 200 189
::1 - - [01/Jun/2019:20:30:45 +0900] "GET /test.html HTTP/1.1" 200 83549
::1 - - [01/Jun/2019:20:31:17 +0900] "GET /test.html HTTP/1.1" 200 83315
::1 - - [01/Jun/2019:21:00:35 +0900] "GET /ex.html HTTP/1.1" 200 122
::1 - - [01/Jun/2019:23:35:34 +0900] "GET /ex.html HTTP/1.1" 200 122
::1 - - [01/Jun/2019:23:36:45 +0900] "GET /ex.html HTTP/1.1" 200 47
::1 - - [01/Jun/2019:23:54:21 +0900] "GET /login_form.html HTTP/1.1" 200 825
::1 - - [01/Jun/2019:23:54:21 +0900] "GET /css/basicstyle.css HTTP/1.1" 200 407
::1 - - [01/Jun/2019:23:55:41 +0900] "POST /login.php HTTP/1.1" 200 56
::1 - - [01/Jun/2019:23:55:51 +0900] "POST /login.php HTTP/1.1" 200 79
::1 - - [01/Jun/2019:23:55:51 +0900] "GET /main.php HTTP/1.1" 200 2149
::1 - - [01/Jun/2019:23:55:51 +0900] "GET /css/basicstyle.css HTTP/1.1" 304 -
::1 - - [02/Jun/2019:00:01:29 +0900] "GET /login_form.html HTTP/1.1" 200 825
::1 - - [02/Jun/2019:00:01:29 +0900] "GET /css/basicstyle.css HTTP/1.1" 200 406
::1 - - [02/Jun/2019:00:01:35 +0900] "POST /login.php HTTP/1.1" 200 682
::1 - - [02/Jun/2019:00:01:36 +0900] "GET /main.php HTTP/1.1" 200 2602
::1 - - [02/Jun/2019:00:01:36 +0900] "GET /css/basicstyle.css HTTP/1.1" 304 -
::1 - - [02/Jun/2019:21:28:58 +0900] "GET /login_form.html HTTP/1.1" 200 825
::1 - - [02/Jun/2019:21:28:58 +0900] "GET /css/basicstyle.css HTTP/1.1" 200 406
::1 - - [02/Jun/2019:21:28:58 +0900] "GET /favicon.ico HTTP/1.1" 404 209
::1 - - [02/Jun/2019:23:42:28 +0900] "-" 408 -
::1 - - [03/Jun/2019:00:03:34 +0900] "-" 408 -
::1 - - [03/Jun/2019:10:35:32 +0900] "GET /main.php HTTP/1.1" 200 7995
::1 - - [03/Jun/2019:10:35:32 +0900] "GET /css/basicstyle.css HTTP/1.1" 200 406
::1 - - [03/Jun/2019:10:35:32 +0900] "GET /favicon.ico HTTP/1.1" 404 209
::1 - - [03/Jun/2019:21:21:04 +0900] "-" 408 -
::1 - - [04/Jun/2019:19:52:27 +0900] "GET /login_form.html HTTP/1.1" 200 825
::1 - - [04/Jun/2019:19:52:27 +0900] "GET /css/basicstyle.css HTTP/1.1" 200 406
::1 - - [04/Jun/2019:19:52:27 +0900] "GET /favicon.ico HTTP/1.1" 404 209
::1 - - [04/Jun/2019:19:52:32 +0900] "POST /login.php HTTP/1.1" 200 79
::1 - - [04/Jun/2019:19:52:34 +0900] "GET /main.php HTTP/1.1" 200 5387
::1 - - [04/Jun/2019:19:52:34 +0900] "GET /js/javascript.js HTTP/1.1" 200 1576
::1 - - [04/Jun/2019:19:53:33 +0900] "POST /register.php HTTP/1.1" 200 107
::1 - - [04/Jun/2019:19:53:34 +0900] "GET /login_form.html HTTP/1.1" 200 825
::1 - - [04/Jun/2019:19:58:30 +0900] "POST /login.php HTTP/1.1" 200 250
::1 - - [04/Jun/2019:19:58:32 +0900] "POST /main.php HTTP/1.1" 200 1039
::1 - - [04/Jun/2019:19:58:34 +0900] "POST /resume.php HTTP/1.1" 200 4105
::1 - - [04/Jun/2019:19:58:38 +0900] "POST /update_resume.php HTTP/1.1" 200 575
::1 - - [04/Jun/2019:19:58:39 +0900] "POST /main.php HTTP/1.1" 200 1039
::1 - - [04/Jun/2019:20:05:34 +0900] "POST /login.php HTTP/1.1" 200 250
::1 - - [04/Jun/2019:20:05:35 +0900] "POST /main.php HTTP/1.1" 200 1039
::1 - - [04/Jun/2019:20:05:36 +0900] "POST /resume.php HTTP/1.1" 200 4104
::1 - - [04/Jun/2019:20:05:50 +0900] "POST /login.php HTTP/1.1" 200 79
::1 - - [04/Jun/2019:20:05:51 +0900] "GET /main.php HTTP/1.1" 200 5387
::1 - - [04/Jun/2019:20:18:32 +0900] "GET /main.php HTTP/1.1" 200 6123
::1 - - [04/Jun/2019:20:22:35 +0900] "GET /main.php HTTP/1.1" 200 6083
::1 - - [04/Jun/2019:20:22:54 +0900] "GET /main.php HTTP/1.1" 200 6083
::1 - - [04/Jun/2019:20:25:03 +0900] "GET /main.php HTTP/1.1" 200 6081
::1 - - [04/Jun/2019:20:31:06 +0900] "GET /main.php HTTP/1.1" 200 6089
::1 - - [04/Jun/2019:20:58:46 +0900] "GET /main.php HTTP/1.1" 200 6089
::1 - - [04/Jun/2019:20:58:56 +0900] "POST /register.php HTTP/1.1" 200 237
::1 - - [04/Jun/2019:20:58:57 +0900] "GET /login_form.html HTTP/1.1" 200 825
::1 - - [04/Jun/2019:20:59:06 +0900] "GET /login_form.html HTTP/1.1" 200 825
::1 - - [04/Jun/2019:20:59:25 +0900] "POST /login.php HTTP/1.1" 200 79
::1 - - [04/Jun/2019:20:59:26 +0900] "GET /main.php HTTP/1.1" 200 6089
::1 - - [04/Jun/2019:21:00:25 +0900] "POST /register.php HTTP/1.1" 200 107
::1 - - [04/Jun/2019:21:00:26 +0900] "GET /login_form.html HTTP/1.1" 200 825
::1 - - [04/Jun/2019:21:07:43 +0900] "POST /login.php HTTP/1.1" 200 251
::1 - - [04/Jun/2019:21:07:45 +0900] "POST /main.php HTTP/1.1" 200 1042
::1 - - [04/Jun/2019:21:07:46 +0900] "POST /resume.php HTTP/1.1" 200 3923
::1 - - [04/Jun/2019:21:07:54 +0900] "POST /update_resume.php HTTP/1.1" 200 441
::1 - - [04/Jun/2019:21:07:55 +0900] "POST /main.php HTTP/1.1" 200 1042
::1 - - [04/Jun/2019:21:07:57 +0900] "POST /resume.php HTTP/1.1" 200 4009
::1 - - [04/Jun/2019:21:08:00 +0900] "POST /main.php HTTP/1.1" 200 1042
::1 - - [04/Jun/2019:21:08:02 +0900] "POST /resume.php HTTP/1.1" 200 4009
::1 - - [04/Jun/2019:21:26:08 +0900] "POST /login_form.html HTTP/1.1" 200 825
::1 - - [04/Jun/2019:21:26:14 +0900] "POST /login.php HTTP/1.1" 200 79
::1 - - [04/Jun/2019:21:26:15 +0900] "GET /main.php HTTP/1.1" 200 6093
::1 - - [04/Jun/2019:21:26:25 +0900] "POST /register.php HTTP/1.1" 200 237
::1 - - [04/Jun/2019:21:26:26 +0900] "GET /login_form.html HTTP/1.1" 200 825
::1 - - [04/Jun/2019:21:27:07 +0900] "POST /login.php HTTP/1.1" 200 79
::1 - - [04/Jun/2019:21:27:07 +0900] "GET /main.php HTTP/1.1" 200 6093
::1 - - [04/Jun/2019:21:28:07 +0900] "POST /register.php HTTP/1.1" 200 107
::1 - - [04/Jun/2019:21:28:08 +0900] "GET /login_form.html HTTP/1.1" 200 825
::1 - - [04/Jun/2019:21:34:06 +0900] "POST /login.php HTTP/1.1" 200 79
::1 - - [04/Jun/2019:21:34:06 +0900] "GET /main.php HTTP/1.1" 200 6111
::1 - - [04/Jun/2019:21:34:27 +0900] "POST /register.php HTTP/1.1" 200 237
::1 - - [04/Jun/2019:21:34:28 +0900] "GET /login_form.html HTTP/1.1" 200 825
::1 - - [04/Jun/2019:21:34:44 +0900] "POST /login.php HTTP/1.1" 200 79
::1 - - [04/Jun/2019:21:34:46 +0900] "GET /main.php HTTP/1.1" 200 6111
::1 - - [04/Jun/2019:21:35:36 +0900] "POST /register.php HTTP/1.1" 200 107
::1 - - [04/Jun/2019:21:35:38 +0900] "GET /login_form.html HTTP/1.1" 200 825
::1 - - [04/Jun/2019:21:42:52 +0900] "POST /login.php HTTP/1.1" 200 79
::1 - - [04/Jun/2019:21:42:53 +0900] "GET /main.php HTTP/1.1" 200 6111
::1 - - [04/Jun/2019:21:42:53 +0900] "GET /js/javascript.js HTTP/1.1" 304 -
::1 - - [04/Jun/2019:21:44:27 +0900] "POST /register.php HTTP/1.1" 200 155
::1 - - [04/Jun/2019:21:46:06 +0900] "POST /register.php HTTP/1.1" 200 155
::1 - - [04/Jun/2019:21:46:52 +0900] "POST /register.php HTTP/1.1" 200 155
::1 - - [04/Jun/2019:21:47:49 +0900] "POST /register.php HTTP/1.1" 200 244
::1 - - [04/Jun/2019:21:49:07 +0900] "POST /register.php HTTP/1.1" 200 244
::1 - - [04/Jun/2019:21:50:41 +0900] "POST /register.php HTTP/1.1" 200 251
::1 - - [04/Jun/2019:21:53:22 +0900] "POST /register.php HTTP/1.1" 200 243
::1 - - [04/Jun/2019:21:54:41 +0900] "POST /register.php HTTP/1.1" 200 244
::1 - - [04/Jun/2019:21:55:05 +0900] "POST /register.php HTTP/1.1" 200 252
::1 - - [04/Jun/2019:22:02:17 +0900] "POST /register.php HTTP/1.1" 200 257
::1 - - [04/Jun/2019:22:19:15 +0900] "POST /register.php HTTP/1.1" 200 250
::1 - - [04/Jun/2019:22:20:13 +0900] "POST /register.php HTTP/1.1" 200 250
::1 - - [04/Jun/2019:22:22:26 +0900] "GET /main.php HTTP/1.1" 200 6111
::1 - - [04/Jun/2019:22:22:36 +0900] "POST /register.php HTTP/1.1" 200 406
::1 - - [04/Jun/2019:22:24:34 +0900] "POST /register.php HTTP/1.1" 200 254
::1 - - [04/Jun/2019:22:25:13 +0900] "POST /register.php HTTP/1.1" 200 250
::1 - - [04/Jun/2019:22:35:45 +0900] "POST /register.php HTTP/1.1" 200 145
::1 - - [04/Jun/2019:22:36:29 +0900] "POST /register.php HTTP/1.1" 200 260
::1 - - [04/Jun/2019:22:42:53 +0900] "POST /register.php HTTP/1.1" 200 254
::1 - - [04/Jun/2019:22:43:46 +0900] "POST /register.php HTTP/1.1" 200 251
::1 - - [04/Jun/2019:22:45:43 +0900] "POST /register.php HTTP/1.1" 200 245
::1 - - [04/Jun/2019:22:56:52 +0900] "POST /register.php HTTP/1.1" 200 436
::1 - - [04/Jun/2019:22:58:33 +0900] "POST /register.php HTTP/1.1" 200 306
::1 - - [04/Jun/2019:23:00:20 +0900] "POST /register.php HTTP/1.1" 200 306
::1 - - [04/Jun/2019:23:00:51 +0900] "POST /register.php HTTP/1.1" 200 371
::1 - - [04/Jun/2019:23:01:51 +0900] "-" 408 -
::1 - - [04/Jun/2019:23:03:37 +0900] "-" 408 -
::1 - - [04/Jun/2019:23:03:37 +0900] "-" 408 -
::1 - - [04/Jun/2019:23:03:52 +0900] "POST /register.php HTTP/1.1" 200 111
::1 - - [04/Jun/2019:23:04:52 +0900] "-" 408 -
::1 - - [04/Jun/2019:23:05:06 +0900] "POST /register.php HTTP/1.1" 200 223
::1 - - [04/Jun/2019:23:06:06 +0900] "-" 408 -
::1 - - [04/Jun/2019:23:06:11 +0900] "-" 408 -
::1 - - [04/Jun/2019:23:15:29 +0900] "POST /login.php HTTP/1.1" 200 250
::1 - - [04/Jun/2019:23:15:30 +0900] "POST /main.php HTTP/1.1" 200 1039
::1 - - [04/Jun/2019:23:15:31 +0900] "POST /resume.php HTTP/1.1" 200 4101
::1 - - [04/Jun/2019:23:16:29 +0900] "-" 408 -
::1 - - [04/Jun/2019:23:46:18 +0900] "POST /resume.php HTTP/1.1" 200 141
::1 - - [04/Jun/2019:23:46:46 +0900] "POST /resume.php HTTP/1.1" 200 4265
::1 - - [04/Jun/2019:23:46:46 +0900] "GET /js/javascript.js HTTP/1.1" 304 -
::1 - - [04/Jun/2019:23:47:16 +0900] "POST /resume.php HTTP/1.1" 200 4269
::1 - - [04/Jun/2019:23:48:09 +0900] "POST /resume.php HTTP/1.1" 200 4108
::1 - - [04/Jun/2019:23:49:09 +0900] "-" 408 -
::1 - - [04/Jun/2019:23:51:35 +0900] "POST /resume.php HTTP/1.1" 200 5138
::1 - - [04/Jun/2019:23:52:16 +0900] "POST /resume.php HTTP/1.1" 200 5216
::1 - - [04/Jun/2019:23:53:16 +0900] "-" 408 -
::1 - - [04/Jun/2019:23:54:27 +0900] "POST /resume.php HTTP/1.1" 200 5216
::1 - - [04/Jun/2019:23:55:27 +0900] "-" 408 -
::1 - - [04/Jun/2019:23:55:33 +0900] "POST /login_form.html HTTP/1.1" 200 825
::1 - - [04/Jun/2019:23:55:41 +0900] "POST /login.php HTTP/1.1" 200 252
::1 - - [04/Jun/2019:23:55:42 +0900] "POST /main.php HTTP/1.1" 200 1045
::1 - - [04/Jun/2019:23:55:43 +0900] "POST /resume.php HTTP/1.1" 200 5328
::1 - - [04/Jun/2019:23:56:26 +0900] "POST /resume.php HTTP/1.1" 200 5330
::1 - - [04/Jun/2019:23:57:26 +0900] "-" 408 -
::1 - - [05/Jun/2019:00:03:35 +0900] "-" 408 -
::1 - - [05/Jun/2019:00:05:40 +0900] "-" 408 -
::1 - - [06/Jun/2019:00:05:17 +0900] "GET /resume.php HTTP/1.1" 200 6211
::1 - - [06/Jun/2019:00:05:17 +0900] "GET /css/basicstyle.css HTTP/1.1" 304 -
::1 - - [06/Jun/2019:00:05:17 +0900] "GET /js/javascript.js HTTP/1.1" 304 -
::1 - - [06/Jun/2019:00:05:17 +0900] "GET /favicon.ico HTTP/1.1" 404 209
::1 - - [06/Jun/2019:00:05:28 +0900] "POST /main.php HTTP/1.1" 200 1021
::1 - - [06/Jun/2019:00:05:29 +0900] "POST /login_form.html HTTP/1.1" 200 825
::1 - - [06/Jun/2019:00:05:35 +0900] "POST /login.php HTTP/1.1" 200 250
::1 - - [06/Jun/2019:00:05:37 +0900] "POST /main.php HTTP/1.1" 200 1039
::1 - - [06/Jun/2019:00:05:38 +0900] "POST /resume.php HTTP/1.1" 200 6901
::1 - - [06/Jun/2019:00:06:06 +0900] "POST /resume.php HTTP/1.1" 200 6901
::1 - - [06/Jun/2019:00:06:11 +0900] "POST /update_resume.php HTTP/1.1" 200 575
::1 - - [06/Jun/2019:00:06:12 +0900] "POST /main.php HTTP/1.1" 200 1039
::1 - - [06/Jun/2019:00:06:13 +0900] "POST /resume.php HTTP/1.1" 200 6901
::1 - - [06/Jun/2019:00:51:26 +0900] "-" 408 -
::1 - - [08/Jun/2019:23:43:02 +0900] "GET /login.php HTTP/1.1" 200 79
::1 - - [08/Jun/2019:23:43:04 +0900] "GET /main.php HTTP/1.1" 200 8482
::1 - - [08/Jun/2019:23:43:04 +0900] "GET /js/javascript.js HTTP/1.1" 304 -
::1 - - [08/Jun/2019:23:43:04 +0900] "GET /favicon.ico HTTP/1.1" 404 209
::1 - - [08/Jun/2019:23:43:07 +0900] "GET /main.php HTTP/1.1" 200 8482
::1 - - [08/Jun/2019:23:43:20 +0900] "GET /login_form.html HTTP/1.1" 200 1227
::1 - - [08/Jun/2019:23:43:26 +0900] "POST /login.php HTTP/1.1" 200 250
::1 - - [08/Jun/2019:23:43:27 +0900] "POST /main.php HTTP/1.1" 200 2363
::1 - - [08/Jun/2019:23:43:31 +0900] "POST /favorite_com.php HTTP/1.1" 404 214
::1 - - [08/Jun/2019:23:43:34 +0900] "POST /recommend.php HTTP/1.1" 200 -
::1 - - [08/Jun/2019:23:43:37 +0900] "POST /com_list.php HTTP/1.1" 200 22655
::1 - - [08/Jun/2019:23:43:37 +0900] "GET /css/basicstyle.css HTTP/1.1" 200 355
::1 - - [08/Jun/2019:23:43:41 +0900] "POST /favorite_com.php HTTP/1.1" 404 214
::1 - - [08/Jun/2019:23:44:37 +0900] "-" 408 -
::1 - - [08/Jun/2019:23:45:38 +0900] "POST /resume.php HTTP/1.1" 200 8451
::1 - - [08/Jun/2019:23:45:40 +0900] "POST /com_list.php HTTP/1.1" 200 22655
::1 - - [08/Jun/2019:23:46:37 +0900] "POST /favorite_com.php HTTP/1.1" 404 214
::1 - - [08/Jun/2019:23:47:35 +0900] "-" 408 -
::1 - - [08/Jun/2019:23:54:41 +0900] "POST /com_list.php HTTP/1.1" 200 23278
::1 - - [08/Jun/2019:23:55:38 +0900] "-" 408 -
::1 - - [09/Jun/2019:00:00:51 +0900] "POST /com_list.php HTTP/1.1" 200 23278
::1 - - [09/Jun/2019:00:01:03 +0900] "POST /search.php HTTP/1.1" 200 6947
::1 - - [09/Jun/2019:00:01:54 +0900] "POST /search.php HTTP/1.1" 200 6969
::1 - - [09/Jun/2019:00:02:54 +0900] "-" 408 -
::1 - - [09/Jun/2019:00:04:30 +0900] "POST /search.php HTTP/1.1" 200 7084
::1 - - [09/Jun/2019:00:04:33 +0900] "POST /main.php HTTP/1.1" 200 2327
::1 - - [09/Jun/2019:00:04:34 +0900] "POST /com_list.php HTTP/1.1" 200 23092
::1 - - [09/Jun/2019:00:04:39 +0900] "POST /search.php HTTP/1.1" 200 10212
::1 - - [09/Jun/2019:00:04:44 +0900] "POST /main.php HTTP/1.1" 200 2327
::1 - - [09/Jun/2019:00:04:47 +0900] "POST /com_list.php HTTP/1.1" 200 23092
::1 - - [09/Jun/2019:00:04:57 +0900] "POST /favorite_com.php HTTP/1.1" 200 1736
::1 - - [09/Jun/2019:00:05:02 +0900] "POST /com_list.php HTTP/1.1" 200 23092
::1 - - [09/Jun/2019:00:05:06 +0900] "POST /login_form.html HTTP/1.1" 200 1227
::1 - - [09/Jun/2019:00:05:10 +0900] "POST /login.php HTTP/1.1" 200 250
::1 - - [09/Jun/2019:00:05:11 +0900] "POST /main.php HTTP/1.1" 200 2363
::1 - - [09/Jun/2019:00:05:13 +0900] "POST /com_list.php HTTP/1.1" 200 23278
::1 - - [09/Jun/2019:00:05:18 +0900] "POST /search.php HTTP/1.1" 200 10212
::1 - - [09/Jun/2019:00:05:22 +0900] "POST /main.php HTTP/1.1" 200 2327
::1 - - [09/Jun/2019:00:05:38 +0900] "POST /login_form.html HTTP/1.1" 200 1227
::1 - - [09/Jun/2019:00:05:43 +0900] "POST /login.php HTTP/1.1" 200 250
::1 - - [09/Jun/2019:00:05:45 +0900] "POST /main.php HTTP/1.1" 200 2363
::1 - - [09/Jun/2019:00:06:43 +0900] "-" 408 -
::1 - - [09/Jun/2019:00:10:12 +0900] "POST /resume.php HTTP/1.1" 200 8451
::1 - - [09/Jun/2019:00:10:17 +0900] "POST /com_list.php HTTP/1.1" 200 23377
::1 - - [09/Jun/2019:00:10:17 +0900] "GET /css/basicstyle.css HTTP/1.1" 304 -
::1 - - [09/Jun/2019:00:10:26 +0900] "POST /login_form.html HTTP/1.1" 200 1227
::1 - - [09/Jun/2019:00:10:30 +0900] "POST /login.php HTTP/1.1" 200 250
::1 - - [09/Jun/2019:00:10:31 +0900] "POST /main.php HTTP/1.1" 200 2363
::1 - - [09/Jun/2019:00:10:32 +0900] "POST /favorite_com.php HTTP/1.1" 200 1742
::1 - - [09/Jun/2019:00:10:34 +0900] "POST /com_list.php HTTP/1.1" 200 23377
::1 - - [09/Jun/2019:00:10:37 +0900] "POST /resume.php HTTP/1.1" 200 8451
::1 - - [09/Jun/2019:00:10:39 +0900] "POST /com_list.php HTTP/1.1" 200 23377
::1 - - [09/Jun/2019:00:11:36 +0900] "-" 408 -
::1 - - [09/Jun/2019:00:17:13 +0900] "POST /login_form.html HTTP/1.1" 200 1227
::1 - - [09/Jun/2019:00:17:20 +0900] "POST /login.php HTTP/1.1" 200 56
::1 - - [09/Jun/2019:00:17:37 +0900] "POST /login.php HTTP/1.1" 200 250
::1 - - [09/Jun/2019:00:17:39 +0900] "POST /main.php HTTP/1.1" 200 2363
::1 - - [09/Jun/2019:00:18:37 +0900] "-" 408 -
::1 - - [09/Jun/2019:00:19:39 +0900] "POST /resume.php HTTP/1.1" 200 8451
::1 - - [09/Jun/2019:00:19:45 +0900] "POST /update_resume.php HTTP/1.1" 200 387
::1 - - [09/Jun/2019:00:19:46 +0900] "POST /resume.php HTTP/1.1" 200 8451
::1 - - [09/Jun/2019:00:19:48 +0900] "POST /main.php HTTP/1.1" 200 2363
::1 - - [09/Jun/2019:00:19:49 +0900] "POST /favorite_com.php HTTP/1.1" 200 1742
::1 - - [09/Jun/2019:00:19:51 +0900] "POST /main.php HTTP/1.1" 200 2363
::1 - - [09/Jun/2019:00:19:52 +0900] "POST /com_list.php HTTP/1.1" 200 23250
::1 - - [09/Jun/2019:00:19:53 +0900] "POST /login_form.html HTTP/1.1" 200 1227
::1 - - [09/Jun/2019:00:20:45 +0900] "-" 408 -
::1 - - [09/Jun/2019:00:21:39 +0900] "POST /login.php HTTP/1.1" 200 250
::1 - - [09/Jun/2019:00:21:40 +0900] "POST /main.php HTTP/1.1" 200 2363
::1 - - [09/Jun/2019:00:21:42 +0900] "POST /com_list.php HTTP/1.1" 200 22595
::1 - - [09/Jun/2019:00:21:43 +0900] "POST /add_favorite_com.php HTTP/1.1" 200 206
::1 - - [09/Jun/2019:00:21:45 +0900] "POST /com_list.php HTTP/1.1" 200 22595
::1 - - [09/Jun/2019:00:23:48 +0900] "POST /main.php HTTP/1.1" 200 2363
::1 - - [09/Jun/2019:00:23:49 +0900] "POST /resume.php HTTP/1.1" 200 8451
::1 - - [09/Jun/2019:00:23:50 +0900] "POST /main.php HTTP/1.1" 200 2363
::1 - - [09/Jun/2019:00:23:51 +0900] "POST /com_list.php HTTP/1.1" 200 23257
::1 - - [09/Jun/2019:00:24:46 +0900] "-" 408 -
::1 - - [09/Jun/2019:00:25:49 +0900] "POST /com_list.php HTTP/1.1" 200 22605
::1 - - [09/Jun/2019:00:25:50 +0900] "POST /add_favorite_com.php HTTP/1.1" 200 206
::1 - - [09/Jun/2019:00:25:51 +0900] "POST /com_list.php HTTP/1.1" 200 22605
::1 - - [09/Jun/2019:00:26:49 +0900] "-" 408 -
::1 - - [09/Jun/2019:00:27:10 +0900] "POST /com_list.php HTTP/1.1" 200 23223
::1 - - [09/Jun/2019:00:27:11 +0900] "POST /search.php HTTP/1.1" 200 2210
::1 - - [09/Jun/2019:00:27:13 +0900] "POST /add_favorite_com.php HTTP/1.1" 200 206
::1 - - [09/Jun/2019:00:27:14 +0900] "POST /com_list.php HTTP/1.1" 200 23223
::1 - - [09/Jun/2019:00:28:10 +0900] "-" 408 -
::1 - - [09/Jun/2019:00:31:11 +0900] "POST /add_favorite_com.php HTTP/1.1" 200 206
::1 - - [09/Jun/2019:00:31:12 +0900] "POST /com_list.php HTTP/1.1" 200 23223
::1 - - [09/Jun/2019:00:31:14 +0900] "POST /main.php HTTP/1.1" 200 2363
::1 - - [09/Jun/2019:00:31:15 +0900] "POST /favorite_com.php HTTP/1.1" 200 1742
::1 - - [09/Jun/2019:00:32:11 +0900] "-" 408 -
::1 - - [09/Jun/2019:00:34:11 +0900] "POST /favorite_com.php HTTP/1.1" 200 2170
::1 - - [09/Jun/2019:00:34:59 +0900] "POST /favorite_com.php HTTP/1.1" 200 3354
::1 - - [09/Jun/2019:00:35:59 +0900] "-" 408 -
::1 - - [09/Jun/2019:00:36:32 +0900] "POST /favorite_com.php HTTP/1.1" 200 2003
::1 - - [09/Jun/2019:00:36:35 +0900] "POST /favorite_com.php HTTP/1.1" 200 2003
::1 - - [09/Jun/2019:00:37:28 +0900] "POST /com_list.php HTTP/1.1" 200 23223
::1 - - [09/Jun/2019:00:37:49 +0900] "POST /favorite_com.php HTTP/1.1" 200 2389
::1 - - [09/Jun/2019:00:38:25 +0900] "POST /favorite_com.php HTTP/1.1" 200 2389
::1 - - [09/Jun/2019:00:39:25 +0900] "-" 408 -
::1 - - [09/Jun/2019:00:42:54 +0900] "POST /favorite_com.php HTTP/1.1" 200 2141
::1 - - [09/Jun/2019:00:43:54 +0900] "-" 408 -
::1 - - [09/Jun/2019:00:45:42 +0900] "POST /favorite_com.php HTTP/1.1" 200 2445
::1 - - [09/Jun/2019:00:46:42 +0900] "-" 408 -
::1 - - [09/Jun/2019:00:49:15 +0900] "POST /main.php HTTP/1.1" 200 2363
::1 - - [09/Jun/2019:00:49:16 +0900] "POST /com_list.php HTTP/1.1" 200 23223
::1 - - [09/Jun/2019:00:49:16 +0900] "GET /css/basicstyle.css HTTP/1.1" 304 -
::1 - - [09/Jun/2019:00:50:15 +0900] "-" 408 -
::1 - - [09/Jun/2019:00:50:35 +0900] "POST /search.php HTTP/1.1" 200 2210
::1 - - [09/Jun/2019:00:50:46 +0900] "POST /search.php HTTP/1.1" 200 2886
::1 - - [09/Jun/2019:00:51:46 +0900] "-" 408 -
::1 - - [09/Jun/2019:00:52:38 +0900] "POST /search.php HTTP/1.1" 200 2886
::1 - - [09/Jun/2019:00:52:53 +0900] "POST /search.php HTTP/1.1" 200 2210
::1 - - [09/Jun/2019:00:53:09 +0900] "POST /search.php HTTP/1.1" 200 2210
::1 - - [09/Jun/2019:00:53:18 +0900] "POST /search.php HTTP/1.1" 200 2210
::1 - - [09/Jun/2019:00:53:25 +0900] "POST /search.php HTTP/1.1" 200 2558
::1 - - [09/Jun/2019:00:54:18 +0900] "POST /search.php HTTP/1.1" 200 2371
::1 - - [09/Jun/2019:00:54:35 +0900] "POST /search.php HTTP/1.1" 200 2371
::1 - - [09/Jun/2019:00:55:36 +0900] "POST /search.php HTTP/1.1" 200 2371
::1 - - [09/Jun/2019:00:56:10 +0900] "POST /search.php HTTP/1.1" 200 2371
::1 - - [09/Jun/2019:00:56:24 +0900] "POST /search.php HTTP/1.1" 200 2558
::1 - - [09/Jun/2019:00:56:51 +0900] "POST /search.php HTTP/1.1" 200 2558
::1 - - [09/Jun/2019:00:57:01 +0900] "POST /search.php HTTP/1.1" 200 2558
::1 - - [09/Jun/2019:00:57:08 +0900] "POST /search.php HTTP/1.1" 200 6064
::1 - - [09/Jun/2019:00:57:14 +0900] "POST /search.php HTTP/1.1" 200 6064
::1 - - [09/Jun/2019:00:57:35 +0900] "POST /search.php HTTP/1.1" 200 6064
::1 - - [09/Jun/2019:00:58:35 +0900] "-" 408 -
::1 - - [09/Jun/2019:00:59:40 +0900] "POST /search.php HTTP/1.1" 200 2371
::1 - - [09/Jun/2019:01:00:01 +0900] "POST /search.php HTTP/1.1" 200 2371
::1 - - [09/Jun/2019:01:00:54 +0900] "POST /search.php HTTP/1.1" 200 2371
::1 - - [09/Jun/2019:01:01:50 +0900] "POST /search.php HTTP/1.1" 200 2371
::1 - - [09/Jun/2019:01:06:25 +0900] "POST /favorite_com.php HTTP/1.1" 200 2445
::1 - - [09/Jun/2019:01:06:27 +0900] "POST /recommend.php HTTP/1.1" 200 -
::1 - - [09/Jun/2019:01:06:30 +0900] "POST /com_list.php HTTP/1.1" 200 23223
::1 - - [09/Jun/2019:01:07:07 +0900] "POST /favorite_com.php HTTP/1.1" 200 2445
::1 - - [09/Jun/2019:01:07:13 +0900] "POST /com_list.php HTTP/1.1" 200 23223
::1 - - [09/Jun/2019:01:08:37 +0900] "POST /search.php HTTP/1.1" 200 2371
::1 - - [09/Jun/2019:01:08:48 +0900] "POST /search.php HTTP/1.1" 200 2371
::1 - - [09/Jun/2019:01:09:21 +0900] "POST /search.php HTTP/1.1" 200 2371
::1 - - [09/Jun/2019:01:09:24 +0900] "POST /search.php HTTP/1.1" 200 2371
::1 - - [09/Jun/2019:01:09:54 +0900] "POST /main.php HTTP/1.1" 200 2327
::1 - - [09/Jun/2019:01:09:55 +0900] "POST /com_list.php HTTP/1.1" 200 23037
::1 - - [09/Jun/2019:01:10:06 +0900] "POST /com_list.php HTTP/1.1" 200 23037
::1 - - [09/Jun/2019:01:10:22 +0900] "POST /search.php HTTP/1.1" 200 2371
::1 - - [09/Jun/2019:01:10:25 +0900] "POST /search.php HTTP/1.1" 200 2371
::1 - - [09/Jun/2019:15:21:20 +0900] "GET /login_form.html HTTP/1.1" 200 1227
::1 - - [09/Jun/2019:15:21:20 +0900] "GET /favicon.ico HTTP/1.1" 404 209
::1 - - [09/Jun/2019:15:21:20 +0900] "GET /favicon.ico HTTP/1.1" 404 209
::1 - - [09/Jun/2019:15:21:24 +0900] "POST /login.php HTTP/1.1" 200 79
::1 - - [09/Jun/2019:15:21:25 +0900] "GET /main.php HTTP/1.1" 200 8482
::1 - - [09/Jun/2019:15:21:25 +0900] "GET /js/javascript.js HTTP/1.1" 304 -
::1 - - [09/Jun/2019:15:22:13 +0900] "POST /register.php HTTP/1.1" 200 107
::1 - - [09/Jun/2019:15:22:14 +0900] "GET /login_form.html HTTP/1.1" 200 1227
::1 - - [09/Jun/2019:15:23:13 +0900] "-" 408 -
::1 - - [09/Jun/2019:15:23:23 +0900] "POST /login.php HTTP/1.1" 200 79
::1 - - [09/Jun/2019:15:23:25 +0900] "GET /main.php HTTP/1.1" 200 8482
::1 - - [09/Jun/2019:15:24:08 +0900] "POST /register.php HTTP/1.1" 200 107
::1 - - [09/Jun/2019:15:24:09 +0900] "GET /login_form.html HTTP/1.1" 200 1227
::1 - - [09/Jun/2019:15:35:24 +0900] "POST /login.php HTTP/1.1" 200 79
::1 - - [09/Jun/2019:15:35:25 +0900] "GET /main.php HTTP/1.1" 200 5846
::1 - - [09/Jun/2019:15:36:24 +0900] "-" 408 -
::1 - - [09/Jun/2019:15:38:11 +0900] "POST /login.php HTTP/1.1" 200 79
::1 - - [09/Jun/2019:15:38:12 +0900] "GET /main.php HTTP/1.1" 200 8482
::1 - - [09/Jun/2019:15:38:55 +0900] "POST /register.php HTTP/1.1" 200 107
::1 - - [09/Jun/2019:15:38:56 +0900] "GET /login_form.html HTTP/1.1" 200 1227
::1 - - [09/Jun/2019:15:39:25 +0900] "POST /login.php HTTP/1.1" 200 250
::1 - - [09/Jun/2019:15:39:26 +0900] "POST /main.php HTTP/1.1" 200 2363
::1 - - [09/Jun/2019:15:39:27 +0900] "GET /delete_user.php?id=diakes HTTP/1.1" 200 104
::1 - - [09/Jun/2019:15:39:29 +0900] "GET /login_form.html HTTP/1.1" 200 1227
::1 - - [09/Jun/2019:15:40:25 +0900] "-" 408 -
::1 - - [09/Jun/2019:20:08:58 +0900] "POST /login.php HTTP/1.1" 200 79
::1 - - [09/Jun/2019:20:09:00 +0900] "GET /main.php HTTP/1.1" 200 8482
::1 - - [09/Jun/2019:20:09:32 +0900] "POST /register.php HTTP/1.1" 200 107
::1 - - [09/Jun/2019:20:09:33 +0900] "GET /login_form.html HTTP/1.1" 200 1227
::1 - - [09/Jun/2019:20:09:37 +0900] "POST /login.php HTTP/1.1" 200 250
::1 - - [09/Jun/2019:20:09:39 +0900] "POST /main.php HTTP/1.1" 200 2602
::1 - - [09/Jun/2019:20:10:58 +0900] "POST /main.php HTTP/1.1" 200 2694
::1 - - [09/Jun/2019:20:12:15 +0900] "POST /main.php HTTP/1.1" 200 2693
::1 - - [09/Jun/2019:20:12:17 +0900] "POST /recommend.php HTTP/1.1" 200 2866
::1 - - [09/Jun/2019:20:12:24 +0900] "POST /recommend.php HTTP/1.1" 200 2866
::1 - - [09/Jun/2019:20:12:28 +0900] "POST /favorite_com.php HTTP/1.1" 200 1974
::1 - - [09/Jun/2019:20:12:29 +0900] "POST /com_list.php HTTP/1.1" 200 21624
::1 - - [09/Jun/2019:20:12:29 +0900] "GET /css/basicstyle.css HTTP/1.1" 304 -
::1 - - [09/Jun/2019:20:12:33 +0900] "POST /com_list.php HTTP/1.1" 200 21624
::1 - - [09/Jun/2019:20:12:34 +0900] "POST /add_favorite_com.php HTTP/1.1" 200 98
::1 - - [09/Jun/2019:20:12:38 +0900] "POST /favorite_com.php HTTP/1.1" 200 2214
::1 - - [09/Jun/2019:20:12:40 +0900] "POST /main.php HTTP/1.1" 200 2693
::1 - - [09/Jun/2019:20:12:43 +0900] "POST /main.php HTTP/1.1" 200 2693
::1 - - [09/Jun/2019:20:13:03 +0900] "POST /main.php HTTP/1.1" 200 2693
::1 - - [09/Jun/2019:20:18:45 +0900] "POST /main.php HTTP/1.1" 200 2745
::1 - - [09/Jun/2019:20:19:14 +0900] "POST /main.php HTTP/1.1" 200 2688
::1 - - [09/Jun/2019:20:19:50 +0900] "POST /main.php HTTP/1.1" 200 2682
::1 - - [09/Jun/2019:20:34:59 +0900] "POST /main.php HTTP/1.1" 200 2682
::1 - - [09/Jun/2019:20:35:11 +0900] "POST /main.php HTTP/1.1" 200 2682
::1 - - [09/Jun/2019:20:36:19 +0900] "POST /main.php HTTP/1.1" 200 2692
::1 - - [09/Jun/2019:20:36:55 +0900] "POST /main.php HTTP/1.1" 200 2694
::1 - - [09/Jun/2019:20:37:57 +0900] "POST /main.php HTTP/1.1" 200 3855
::1 - - [09/Jun/2019:20:38:44 +0900] "POST /main.php HTTP/1.1" 200 4052
::1 - - [09/Jun/2019:20:40:40 +0900] "POST /main.php HTTP/1.1" 200 2702
::1 - - [09/Jun/2019:20:40:48 +0900] "POST /favorite_com.php HTTP/1.1" 200 2214
::1 - - [09/Jun/2019:20:51:57 +0900] "POST /main.php HTTP/1.1" 200 2636
::1 - - [09/Jun/2019:20:53:51 +0900] "POST /main.php HTTP/1.1" 200 2628
::1 - - [09/Jun/2019:20:54:14 +0900] "POST /favorite_com.php HTTP/1.1" 200 2214
::1 - - [09/Jun/2019:20:55:28 +0900] "POST /main.php HTTP/1.1" 200 2628
::1 - - [09/Jun/2019:20:55:29 +0900] "POST /com_list.php HTTP/1.1" 200 21624
::1 - - [09/Jun/2019:20:55:39 +0900] "POST /search.php HTTP/1.1" 200 18949
::1 - - [09/Jun/2019:20:55:42 +0900] "POST /add_favorite_com.php HTTP/1.1" 200 97
::1 - - [09/Jun/2019:20:55:44 +0900] "POST /add_favorite_com.php HTTP/1.1" 200 98
::1 - - [09/Jun/2019:20:55:52 +0900] "POST /main.php HTTP/1.1" 200 2535
::1 - - [09/Jun/2019:20:55:52 +0900] "POST /favorite_com.php HTTP/1.1" 200 2472
::1 - - [09/Jun/2019:20:59:21 +0900] "POST /main.php HTTP/1.1" 200 2519
::1 - - [09/Jun/2019:20:59:39 +0900] "POST /main.php HTTP/1.1" 200 2527
::1 - - [09/Jun/2019:21:00:13 +0900] "POST /main.php HTTP/1.1" 200 2527
::1 - - [09/Jun/2019:21:00:14 +0900] "POST /favorite_com.php HTTP/1.1" 200 2472
::1 - - [09/Jun/2019:21:00:16 +0900] "POST /favorite_com.php HTTP/1.1" 200 2472
::1 - - [09/Jun/2019:21:00:32 +0900] "POST /main.php HTTP/1.1" 200 2609
::1 - - [09/Jun/2019:21:01:59 +0900] "POST /favorite_com.php HTTP/1.1" 200 2472
::1 - - [09/Jun/2019:21:02:57 +0900] "POST /favorite_com.php HTTP/1.1" 200 2472
::1 - - [09/Jun/2019:21:54:42 +0900] "POST /main.php HTTP/1.1" 200 2609
::1 - - [09/Jun/2019:21:54:44 +0900] "POST /favorite_com.php HTTP/1.1" 200 3507
::1 - - [09/Jun/2019:21:54:45 +0900] "POST /check_com.php HTTP/1.1" 200 144
::1 - - [09/Jun/2019:21:54:58 +0900] "POST /check_com.php HTTP/1.1" 200 144
::1 - - [09/Jun/2019:21:55:04 +0900] "POST /check_com.php HTTP/1.1" 200 144
::1 - - [09/Jun/2019:21:59:23 +0900] "POST /check_com.php HTTP/1.1" 200 144
::1 - - [09/Jun/2019:21:59:44 +0900] "POST /favorite_com.php HTTP/1.1" 200 3507
::1 - - [09/Jun/2019:21:59:45 +0900] "POST /check_com.php HTTP/1.1" 200 143
::1 - - [09/Jun/2019:22:00:28 +0900] "POST /check_com.php HTTP/1.1" 200 143
::1 - - [09/Jun/2019:22:00:39 +0900] "POST /check_com.php HTTP/1.1" 200 143
::1 - - [09/Jun/2019:22:00:46 +0900] "POST /check_com.php HTTP/1.1" 200 143
::1 - - [09/Jun/2019:22:01:27 +0900] "POST /check_com.php HTTP/1.1" 200 143
::1 - - [09/Jun/2019:22:01:29 +0900] "POST /favorite_com.php HTTP/1.1" 200 3507
::1 - - [09/Jun/2019:22:01:30 +0900] "POST /check_com.php HTTP/1.1" 200 143
::1 - - [09/Jun/2019:22:01:35 +0900] "POST /check_com.php HTTP/1.1" 200 143
::1 - - [09/Jun/2019:22:02:06 +0900] "POST /favorite_com.php HTTP/1.1" 200 3507
::1 - - [09/Jun/2019:22:02:07 +0900] "POST /check_com.php HTTP/1.1" 200 147
::1 - - [09/Jun/2019:22:02:23 +0900] "POST /favorite_com.php HTTP/1.1" 200 3507
::1 - - [09/Jun/2019:22:02:24 +0900] "POST /check_com.php HTTP/1.1" 200 52
::1 - - [09/Jun/2019:22:05:29 +0900] "POST /main.php HTTP/1.1" 200 3224
::1 - - [09/Jun/2019:22:05:30 +0900] "POST /main.php HTTP/1.1" 200 3224
::1 - - [09/Jun/2019:22:05:38 +0900] "POST /main.php HTTP/1.1" 200 3224
::1 - - [09/Jun/2019:22:05:40 +0900] "POST /com_list.php HTTP/1.1" 200 21624
::1 - - [09/Jun/2019:22:05:41 +0900] "POST /favorite_com.php HTTP/1.1" 200 3507
::1 - - [09/Jun/2019:22:05:42 +0900] "POST /check_com.php HTTP/1.1" 200 58
::1 - - [09/Jun/2019:22:06:39 +0900] "POST /favorite_com.php HTTP/1.1" 200 3507
::1 - - [09/Jun/2019:22:06:39 +0900] "POST /check_com.php HTTP/1.1" 200 53
::1 - - [09/Jun/2019:22:07:00 +0900] "POST /check_com.php HTTP/1.1" 200 52
::1 - - [09/Jun/2019:22:08:00 +0900] "-" 408 -
::1 - - [09/Jun/2019:22:09:36 +0900] "POST /main.php HTTP/1.1" 200 3224
::1 - - [09/Jun/2019:22:09:37 +0900] "POST /favorite_com.php HTTP/1.1" 200 3511
::1 - - [09/Jun/2019:22:15:50 +0900] "POST /check_com.php HTTP/1.1" 200 52
::1 - - [09/Jun/2019:22:15:55 +0900] "POST /check_com.php HTTP/1.1" 200 52
::1 - - [09/Jun/2019:22:17:11 +0900] "POST /favorite_com.php HTTP/1.1" 200 3477
::1 - - [09/Jun/2019:22:17:12 +0900] "POST /check_com.php HTTP/1.1" 200 52
::1 - - [09/Jun/2019:22:17:49 +0900] "POST /favorite_com.php HTTP/1.1" 200 3477
::1 - - [09/Jun/2019:22:17:50 +0900] "POST /check_com.php HTTP/1.1" 200 53
::1 - - [09/Jun/2019:22:18:54 +0900] "POST /check_com.php HTTP/1.1" 200 54
::1 - - [09/Jun/2019:22:19:49 +0900] "POST /favorite_com.php HTTP/1.1" 200 3477
::1 - - [09/Jun/2019:22:19:50 +0900] "POST /check_com.php HTTP/1.1" 200 39
::1 - - [09/Jun/2019:22:20:09 +0900] "POST /check_com.php HTTP/1.1" 200 39
::1 - - [09/Jun/2019:22:20:10 +0900] "POST /check_com.php HTTP/1.1" 200 39
::1 - - [09/Jun/2019:22:20:20 +0900] "POST /check_com.php HTTP/1.1" 200 37
::1 - - [09/Jun/2019:22:20:22 +0900] "POST /check_com.php HTTP/1.1" 200 37
::1 - - [09/Jun/2019:22:20:33 +0900] "POST /login_form.html HTTP/1.1" 200 1227
::1 - - [09/Jun/2019:22:20:38 +0900] "POST /login.php HTTP/1.1" 200 250
::1 - - [09/Jun/2019:22:20:44 +0900] "POST /main.php HTTP/1.1" 200 3224
::1 - - [09/Jun/2019:22:24:59 +0900] "POST /favorite_com.php HTTP/1.1" 200 3477
::1 - - [09/Jun/2019:22:25:00 +0900] "POST /check_com.php HTTP/1.1" 200 37
::1 - - [09/Jun/2019:22:27:15 +0900] "POST /login_form.html HTTP/1.1" 200 1227
::1 - - [09/Jun/2019:22:27:21 +0900] "POST /login.php HTTP/1.1" 200 56
::1 - - [09/Jun/2019:22:28:21 +0900] "-" 408 -
::1 - - [09/Jun/2019:22:28:22 +0900] "POST /login.php HTTP/1.1" 200 250
::1 - - [09/Jun/2019:22:28:24 +0900] "POST /main.php HTTP/1.1" 200 3224
::1 - - [09/Jun/2019:22:28:25 +0900] "POST /favorite_com.php HTTP/1.1" 200 3477
::1 - - [09/Jun/2019:22:28:26 +0900] "POST /check_com.php HTTP/1.1" 200 36
::1 - - [09/Jun/2019:22:28:29 +0900] "POST /check_com.php HTTP/1.1" 200 36
::1 - - [09/Jun/2019:22:30:59 +0900] "POST /check_com.php HTTP/1.1" 200 36
::1 - - [09/Jun/2019:22:31:41 +0900] "POST /main.php HTTP/1.1" 200 3224
::1 - - [09/Jun/2019:22:35:22 +0900] "POST /favorite_com.php HTTP/1.1" 200 3485
::1 - - [09/Jun/2019:22:35:22 +0900] "POST /check_com.php HTTP/1.1" 200 143
::1 - - [09/Jun/2019:22:35:28 +0900] "POST /favorite_com.php HTTP/1.1" 200 3485
::1 - - [09/Jun/2019:22:35:29 +0900] "POST /check_com.php HTTP/1.1" 200 143
::1 - - [09/Jun/2019:22:36:28 +0900] "-" 408 -
::1 - - [09/Jun/2019:22:38:00 +0900] "POST /main.php HTTP/1.1" 200 3224
::1 - - [09/Jun/2019:22:38:02 +0900] "POST /main.php HTTP/1.1" 200 3224
::1 - - [09/Jun/2019:22:38:44 +0900] "POST /main.php HTTP/1.1" 200 3225
::1 - - [09/Jun/2019:22:38:55 +0900] "POST /main.php HTTP/1.1" 200 3226
::1 - - [09/Jun/2019:22:39:08 +0900] "POST /main.php HTTP/1.1" 200 3226
::1 - - [09/Jun/2019:22:39:24 +0900] "POST /favorite_com.php HTTP/1.1" 200 3485
::1 - - [09/Jun/2019:22:41:07 +0900] "POST /main.php HTTP/1.1" 200 3226
::1 - - [09/Jun/2019:22:42:01 +0900] "POST /favorite_com.php HTTP/1.1" 200 3485
::1 - - [09/Jun/2019:22:42:03 +0900] "POST /main.php HTTP/1.1" 200 3226
::1 - - [09/Jun/2019:22:42:04 +0900] "POST /com_list.php HTTP/1.1" 200 21624
::1 - - [09/Jun/2019:22:42:04 +0900] "GET /css/basicstyle.css HTTP/1.1" 304 -
::1 - - [09/Jun/2019:22:42:05 +0900] "POST /add_favorite_com.php HTTP/1.1" 200 98
::1 - - [09/Jun/2019:22:42:08 +0900] "POST /main.php HTTP/1.1" 200 3226
::1 - - [09/Jun/2019:22:42:11 +0900] "POST /main.php HTTP/1.1" 200 3226
::1 - - [09/Jun/2019:22:42:14 +0900] "POST /com_list.php HTTP/1.1" 200 21624
::1 - - [09/Jun/2019:22:42:17 +0900] "POST /favorite_com.php HTTP/1.1" 200 4117
::1 - - [09/Jun/2019:22:42:18 +0900] "POST /check_com.php HTTP/1.1" 200 36
::1 - - [09/Jun/2019:22:42:21 +0900] "POST /check_com.php HTTP/1.1" 200 36
::1 - - [09/Jun/2019:22:42:24 +0900] "POST /check_com.php HTTP/1.1" 200 36
::1 - - [09/Jun/2019:22:42:32 +0900] "POST /main.php HTTP/1.1" 200 3226
::1 - - [09/Jun/2019:22:45:26 +0900] "POST /main.php HTTP/1.1" 200 3154
::1 - - [09/Jun/2019:22:46:41 +0900] "POST /main.php HTTP/1.1" 200 3208
::1 - - [09/Jun/2019:22:46:55 +0900] "POST /main.php HTTP/1.1" 200 3234
::1 - - [09/Jun/2019:22:47:01 +0900] "POST /favorite_com.php HTTP/1.1" 200 4117
::1 - - [09/Jun/2019:22:47:31 +0900] "POST /favorite_com.php HTTP/1.1" 200 4117
::1 - - [09/Jun/2019:22:48:39 +0900] "-" 408 -
::1 - - [09/Jun/2019:22:48:41 +0900] "-" 408 -
::1 - - [09/Jun/2019:22:49:10 +0900] "POST /login.php HTTP/1.1" 200 250
::1 - - [09/Jun/2019:22:49:11 +0900] "POST /main.php HTTP/1.1" 200 3235
::1 - - [09/Jun/2019:22:50:04 +0900] "POST /main.php HTTP/1.1" 200 165
::1 - - [09/Jun/2019:22:50:13 +0900] "POST /login.php HTTP/1.1" 200 250
::1 - - [09/Jun/2019:22:50:14 +0900] "POST /main.php HTTP/1.1" 200 165
::1 - - [09/Jun/2019:22:50:26 +0900] "POST /main.php HTTP/1.1" 200 3234
::1 - - [09/Jun/2019:22:52:06 +0900] "POST /main.php HTTP/1.1" 200 3310
::1 - - [09/Jun/2019:22:52:34 +0900] "POST /main.php HTTP/1.1" 200 3155
::1 - - [09/Jun/2019:22:57:14 +0900] "POST /main.php HTTP/1.1" 200 3262
::1 - - [09/Jun/2019:22:57:38 +0900] "POST /main.php HTTP/1.1" 200 3323
::1 - - [09/Jun/2019:22:57:46 +0900] "POST /favorite_com.php HTTP/1.1" 200 4117
::1 - - [09/Jun/2019:22:58:15 +0900] "POST /favorite_com.php HTTP/1.1" 200 4117
::1 - - [09/Jun/2019:22:58:22 +0900] "POST /main.php HTTP/1.1" 200 3323
::1 - - [09/Jun/2019:22:59:20 +0900] "-" 408 -
::1 - - [09/Jun/2019:23:09:00 +0900] "POST /main.php HTTP/1.1" 200 3434
::1 - - [09/Jun/2019:23:11:08 +0900] "POST /main.php HTTP/1.1" 200 3433
::1 - - [09/Jun/2019:23:13:20 +0900] "POST /main.php HTTP/1.1" 200 212
::1 - - [09/Jun/2019:23:13:22 +0900] "POST /main.php HTTP/1.1" 200 212
::1 - - [09/Jun/2019:23:16:54 +0900] "POST /login.php HTTP/1.1" 200 250
::1 - - [09/Jun/2019:23:16:55 +0900] "POST /main.php HTTP/1.1" 200 3431
::1 - - [09/Jun/2019:23:17:38 +0900] "POST /main.php HTTP/1.1" 200 3377
::1 - - [09/Jun/2019:23:18:56 +0900] "POST /main.php HTTP/1.1" 200 3377
::1 - - [09/Jun/2019:23:19:11 +0900] "POST /recommend.php HTTP/1.1" 200 2866
::1 - - [09/Jun/2019:23:19:15 +0900] "POST /add_favorite_com.php HTTP/1.1" 200 99
::1 - - [09/Jun/2019:23:19:55 +0900] "POST /com_list.php HTTP/1.1" 200 21624
::1 - - [09/Jun/2019:23:24:43 +0900] "POST /main.php HTTP/1.1" 200 3377
::1 - - [09/Jun/2019:23:27:48 +0900] "POST /main.php HTTP/1.1" 200 3621
::1 - - [09/Jun/2019:23:29:22 +0900] "POST /main.php HTTP/1.1" 200 3655
::1 - - [09/Jun/2019:23:30:00 +0900] "POST /main.php HTTP/1.1" 200 3617
::1 - - [09/Jun/2019:23:32:15 +0900] "POST /main.php HTTP/1.1" 200 3636
::1 - - [09/Jun/2019:23:44:17 +0900] "POST /main.php HTTP/1.1" 200 3807
::1 - - [09/Jun/2019:23:50:47 +0900] "POST /main.php HTTP/1.1" 200 3937
::1 - - [09/Jun/2019:23:54:45 +0900] "POST /main.php HTTP/1.1" 200 3663
::1 - - [09/Jun/2019:23:59:38 +0900] "POST /main.php HTTP/1.1" 200 210
::1 - - [10/Jun/2019:00:01:14 +0900] "POST /login.php HTTP/1.1" 200 250
::1 - - [10/Jun/2019:00:01:15 +0900] "POST /main.php HTTP/1.1" 200 3361
::1 - - [10/Jun/2019:00:02:09 +0900] "POST /main.php HTTP/1.1" 200 3481
::1 - - [10/Jun/2019:00:02:33 +0900] "POST /main.php HTTP/1.1" 200 119
::1 - - [10/Jun/2019:00:03:04 +0900] "POST /main.php HTTP/1.1" 200 3469
::1 - - [10/Jun/2019:00:03:35 +0900] "POST /main.php HTTP/1.1" 200 3467
::1 - - [10/Jun/2019:00:05:55 +0900] "POST /main.php HTTP/1.1" 200 124
::1 - - [10/Jun/2019:00:06:26 +0900] "POST /main.php HTTP/1.1" 200 3509
::1 - - [10/Jun/2019:00:07:37 +0900] "POST /main.php HTTP/1.1" 200 3472
::1 - - [10/Jun/2019:00:09:02 +0900] "POST /main.php HTTP/1.1" 200 3477
::1 - - [10/Jun/2019:00:09:24 +0900] "POST /main.php HTTP/1.1" 200 3473
::1 - - [10/Jun/2019:00:09:45 +0900] "POST /main.php HTTP/1.1" 200 3472
::1 - - [10/Jun/2019:00:10:40 +0900] "POST /main.php HTTP/1.1" 200 3472
::1 - - [10/Jun/2019:00:12:56 +0900] "POST /main.php HTTP/1.1" 200 3474
::1 - - [10/Jun/2019:00:13:18 +0900] "POST /main.php HTTP/1.1" 200 3474
::1 - - [10/Jun/2019:00:14:18 +0900] "-" 408 -
::1 - - [10/Jun/2019:00:14:37 +0900] "POST /favorite_com.php HTTP/1.1" 200 4747
::1 - - [10/Jun/2019:00:14:41 +0900] "POST /check_com.php HTTP/1.1" 200 36
::1 - - [10/Jun/2019:00:14:49 +0900] "POST /main.php HTTP/1.1" 200 3474
::1 - - [10/Jun/2019:00:20:40 +0900] "POST /main.php HTTP/1.1" 200 3573
::1 - - [10/Jun/2019:00:21:25 +0900] "POST /login_form.html HTTP/1.1" 200 1227
::1 - - [10/Jun/2019:00:21:28 +0900] "POST /login.php HTTP/1.1" 200 250
::1 - - [10/Jun/2019:00:21:29 +0900] "POST /main.php HTTP/1.1" 200 3573
::1 - - [10/Jun/2019:00:21:34 +0900] "POST /favorite_com.php HTTP/1.1" 200 4747
::1 - - [10/Jun/2019:00:21:40 +0900] "POST /recommend.php HTTP/1.1" 200 2866
::1 - - [10/Jun/2019:00:21:43 +0900] "POST /com_list.php HTTP/1.1" 200 21624
::1 - - [10/Jun/2019:00:21:46 +0900] "POST /resume.php HTTP/1.1" 200 8258
::1 - - [10/Jun/2019:00:25:25 +0900] "POST /main.php HTTP/1.1" 200 3573
::1 - - [10/Jun/2019:00:25:31 +0900] "POST /com_list.php HTTP/1.1" 200 21624
::1 - - [10/Jun/2019:00:25:35 +0900] "POST /add_favorite_com.php HTTP/1.1" 200 99
::1 - - [10/Jun/2019:00:25:39 +0900] "POST /com_list.php HTTP/1.1" 200 21624
::1 - - [10/Jun/2019:00:25:42 +0900] "POST /main.php HTTP/1.1" 200 3714
::1 - - [10/Jun/2019:00:26:31 +0900] "POST /main.php HTTP/1.1" 200 3714
::1 - - [10/Jun/2019:00:26:33 +0900] "POST /favorite_com.php HTTP/1.1" 200 5380
::1 - - [10/Jun/2019:00:26:41 +0900] "POST /login_form.html HTTP/1.1" 200 1227
::1 - - [10/Jun/2019:00:26:47 +0900] "POST /login.php HTTP/1.1" 200 250
::1 - - [10/Jun/2019:00:26:48 +0900] "POST /main.php HTTP/1.1" 200 3714
::1 - - [10/Jun/2019:00:27:30 +0900] "POST /main.php HTTP/1.1" 200 3727
::1 - - [10/Jun/2019:00:29:38 +0900] "POST /main.php HTTP/1.1" 200 3727
::1 - - [10/Jun/2019:00:29:40 +0900] "POST /favorite_com.php HTTP/1.1" 200 5380
::1 - - [10/Jun/2019:00:29:44 +0900] "POST /main.php HTTP/1.1" 200 3727
::1 - - [10/Jun/2019:00:29:47 +0900] "POST /login.php HTTP/1.1" 200 250
::1 - - [10/Jun/2019:00:29:48 +0900] "POST /main.php HTTP/1.1" 200 3727
::1 - - [10/Jun/2019:00:29:50 +0900] "POST /favorite_com.php HTTP/1.1" 200 5380
::1 - - [10/Jun/2019:00:31:01 +0900] "-" 408 -
::1 - - [10/Jun/2019:00:31:01 +0900] "-" 408 -
::1 - - [10/Jun/2019:00:31:11 +0900] "POST /main.php HTTP/1.1" 200 3580
::1 - - [10/Jun/2019:00:31:12 +0900] "POST /favorite_com.php HTTP/1.1" 200 4761
::1 - - [10/Jun/2019:00:31:23 +0900] "POST /login.php HTTP/1.1" 200 250
::1 - - [10/Jun/2019:00:31:25 +0900] "POST /main.php HTTP/1.1" 200 3580
::1 - - [10/Jun/2019:00:32:23 +0900] "-" 408 -
::1 - - [10/Jun/2019:00:34:51 +0900] "POST /favorite_com.php HTTP/1.1" 200 4761
::1 - - [10/Jun/2019:00:35:24 +0900] "POST /main.php HTTP/1.1" 200 3580
::1 - - [10/Jun/2019:00:35:36 +0900] "POST /favorite_com.php HTTP/1.1" 200 4761
::1 - - [10/Jun/2019:00:35:37 +0900] "POST /check_com.php HTTP/1.1" 200 36
::1 - - [10/Jun/2019:00:35:40 +0900] "POST /check_com.php HTTP/1.1" 200 36
::1 - - [10/Jun/2019:00:35:43 +0900] "POST /check_com.php HTTP/1.1" 200 36
::1 - - [10/Jun/2019:00:35:46 +0900] "POST /recommend.php HTTP/1.1" 200 2866
::1 - - [10/Jun/2019:00:36:51 +0900] "-" 408 -
::1 - - [10/Jun/2019:00:41:36 +0900] "POST /main.php HTTP/1.1" 200 3580
::1 - - [10/Jun/2019:00:41:37 +0900] "POST /favorite_com.php HTTP/1.1" 200 4761
::1 - - [10/Jun/2019:00:41:42 +0900] "POST /login.php HTTP/1.1" 200 250
::1 - - [10/Jun/2019:00:41:43 +0900] "POST /main.php HTTP/1.1" 200 3580
::1 - - [10/Jun/2019:00:42:42 +0900] "-" 408 -
::1 - - [10/Jun/2019:00:52:08 +0900] "POST /favorite_com.php HTTP/1.1" 200 4761
::1 - - [10/Jun/2019:00:52:10 +0900] "POST /check_com.php HTTP/1.1" 200 164
::1 - - [10/Jun/2019:00:52:16 +0900] "POST /favorite_com.php HTTP/1.1" 200 4761
::1 - - [10/Jun/2019:00:52:17 +0900] "POST /check_com.php HTTP/1.1" 200 164
::1 - - [10/Jun/2019:00:53:07 +0900] "POST /favorite_com.php HTTP/1.1" 200 4761
::1 - - [10/Jun/2019:00:53:08 +0900] "POST /check_com.php HTTP/1.1" 200 164
::1 - - [10/Jun/2019:00:53:12 +0900] "POST /main.php HTTP/1.1" 200 3569
::1 - - [10/Jun/2019:00:53:15 +0900] "POST /favorite_com.php HTTP/1.1" 200 4761
::1 - - [10/Jun/2019:00:53:16 +0900] "POST /check_com.php HTTP/1.1" 200 164
::1 - - [10/Jun/2019:00:53:33 +0900] "POST /favorite_com.php HTTP/1.1" 200 4761
::1 - - [10/Jun/2019:00:53:35 +0900] "POST /check_com.php HTTP/1.1" 200 56
::1 - - [10/Jun/2019:00:53:37 +0900] "POST /check_com.php HTTP/1.1" 200 36
::1 - - [10/Jun/2019:00:53:39 +0900] "POST /check_com.php HTTP/1.1" 200 36
::1 - - [10/Jun/2019:00:53:42 +0900] "POST /check_com.php HTTP/1.1" 200 36
::1 - - [10/Jun/2019:00:54:24 +0900] "POST /main.php HTTP/1.1" 200 3716
::1 - - [10/Jun/2019:00:55:41 +0900] "POST /favorite_com.php HTTP/1.1" 200 4761
::1 - - [10/Jun/2019:00:55:44 +0900] "POST /com_list.php HTTP/1.1" 200 21624
::1 - - [10/Jun/2019:00:55:46 +0900] "POST /com_list.php HTTP/1.1" 200 21624
::1 - - [10/Jun/2019:00:55:47 +0900] "POST /add_favorite_com.php HTTP/1.1" 200 98
::1 - - [10/Jun/2019:00:55:50 +0900] "POST /main.php HTTP/1.1" 200 3858
::1 - - [10/Jun/2019:00:55:56 +0900] "POST /recommend.php HTTP/1.1" 200 2866
::1 - - [10/Jun/2019:00:55:59 +0900] "POST /favorite_com.php HTTP/1.1" 200 5380
::1 - - [10/Jun/2019:00:56:02 +0900] "POST /resume.php HTTP/1.1" 200 8257
::1 - - [10/Jun/2019:00:56:04 +0900] "POST /main.php HTTP/1.1" 200 3858
::1 - - [10/Jun/2019:01:03:52 +0900] "POST /main.php HTTP/1.1" 200 5525
::1 - - [10/Jun/2019:01:03:55 +0900] "POST /check_com.php HTTP/1.1" 200 -
::1 - - [10/Jun/2019:01:03:57 +0900] "POST /check_com.php HTTP/1.1" 200 -
::1 - - [10/Jun/2019:01:04:14 +0900] "POST /main.php HTTP/1.1" 200 5525
::1 - - [10/Jun/2019:01:05:24 +0900] "POST /main.php HTTP/1.1" 200 5566
::1 - - [10/Jun/2019:01:06:20 +0900] "POST /main.php HTTP/1.1" 200 5602
::1 - - [10/Jun/2019:01:06:21 +0900] "POST /check_com.php HTTP/1.1" 200 36
::1 - - [10/Jun/2019:01:06:57 +0900] "POST /main.php HTTP/1.1" 200 5602
::1 - - [10/Jun/2019:01:07:57 +0900] "-" 408 -
::1 - - [10/Jun/2019:01:19:48 +0900] "POST /main.php HTTP/1.1" 200 5602
::1 - - [10/Jun/2019:01:20:18 +0900] "POST /check_com.php HTTP/1.1" 200 77
::1 - - [10/Jun/2019:01:20:24 +0900] "POST /favorite_com.php HTTP/1.1" 200 5380
::1 - - [10/Jun/2019:01:20:25 +0900] "POST /check_com.php HTTP/1.1" 200 77
::1 - - [10/Jun/2019:01:20:34 +0900] "POST /recommend.php HTTP/1.1" 200 2866
::1 - - [10/Jun/2019:01:22:48 +0900] "POST /main.php HTTP/1.1" 200 5602
::1 - - [10/Jun/2019:01:22:49 +0900] "POST /favorite_com.php HTTP/1.1" 200 7314
::1 - - [10/Jun/2019:01:22:50 +0900] "POST /check_com.php HTTP/1.1" 200 77
::1 - - [10/Jun/2019:01:22:52 +0900] "POST /compare.php HTTP/1.1" 200 3025
::1 - - [10/Jun/2019:01:22:56 +0900] "POST /compare.php HTTP/1.1" 200 3059
::1 - - [10/Jun/2019:01:23:02 +0900] "POST /compare.php HTTP/1.1" 200 3017
::1 - - [10/Jun/2019:01:23:04 +0900] "POST /compare.php HTTP/1.1" 200 3026
::1 - - [10/Jun/2019:01:23:06 +0900] "POST /check_com.php HTTP/1.1" 200 77
::1 - - [10/Jun/2019:01:23:08 +0900] "POST /check_com.php HTTP/1.1" 200 77
::1 - - [10/Jun/2019:01:24:44 +0900] "POST /favorite_com.php HTTP/1.1" 200 7331
::1 - - [10/Jun/2019:01:24:45 +0900] "POST /check_com.php HTTP/1.1" 200 77
::1 - - [10/Jun/2019:01:24:47 +0900] "POST /compare.php HTTP/1.1" 200 3025
::1 - - [10/Jun/2019:01:24:51 +0900] "POST /check_com.php HTTP/1.1" 200 77
::1 - - [10/Jun/2019:01:24:54 +0900] "POST /check_com.php HTTP/1.1" 200 77
::1 - - [10/Jun/2019:01:24:56 +0900] "POST /check_com.php HTTP/1.1" 200 77
::1 - - [10/Jun/2019:01:24:58 +0900] "POST /check_com.php HTTP/1.1" 200 77
::1 - - [10/Jun/2019:01:25:02 +0900] "POST /check_com.php HTTP/1.1" 200 77
::1 - - [10/Jun/2019:01:25:05 +0900] "POST /check_com.php HTTP/1.1" 200 77
::1 - - [10/Jun/2019:01:25:07 +0900] "POST /check_com.php HTTP/1.1" 200 77
::1 - - [10/Jun/2019:01:25:09 +0900] "POST /check_com.php HTTP/1.1" 200 77
::1 - - [10/Jun/2019:01:26:06 +0900] "-" 408 -
::1 - - [10/Jun/2019:01:26:20 +0900] "POST /main.php HTTP/1.1" 200 5602
::1 - - [10/Jun/2019:01:26:21 +0900] "POST /favorite_com.php HTTP/1.1" 200 7336
::1 - - [10/Jun/2019:01:26:23 +0900] "POST /check_com.php HTTP/1.1" 200 77
::1 - - [10/Jun/2019:01:26:26 +0900] "POST /recommend.php HTTP/1.1" 200 2866
::1 - - [10/Jun/2019:01:28:01 +0900] "POST /favorite_com.php HTTP/1.1" 200 7855
::1 - - [10/Jun/2019:01:28:02 +0900] "POST /check_com.php HTTP/1.1" 200 77
::1 - - [10/Jun/2019:01:28:04 +0900] "POST /check_com.php HTTP/1.1" 200 41
::1 - - [10/Jun/2019:01:28:05 +0900] "POST /check_com.php HTTP/1.1" 200 41
::1 - - [10/Jun/2019:01:28:06 +0900] "POST /compare.php HTTP/1.1" 200 3026
::1 - - [10/Jun/2019:01:28:08 +0900] "POST /compare.php HTTP/1.1" 200 3003
::1 - - [10/Jun/2019:01:28:10 +0900] "POST /compare.php HTTP/1.1" 200 3025
::1 - - [10/Jun/2019:01:28:12 +0900] "POST /compare.php HTTP/1.1" 200 3059
::1 - - [10/Jun/2019:01:28:14 +0900] "POST /compare.php HTTP/1.1" 200 3017
::1 - - [10/Jun/2019:01:28:16 +0900] "POST /check_com.php HTTP/1.1" 200 41
::1 - - [10/Jun/2019:01:28:17 +0900] "POST /check_com.php HTTP/1.1" 200 41
::1 - - [10/Jun/2019:01:28:18 +0900] "POST /check_com.php HTTP/1.1" 200 41
::1 - - [10/Jun/2019:01:28:32 +0900] "POST /check_com.php HTTP/1.1" 200 41
::1 - - [10/Jun/2019:01:28:33 +0900] "POST /check_com.php HTTP/1.1" 200 41
::1 - - [10/Jun/2019:01:28:33 +0900] "POST /check_com.php HTTP/1.1" 200 41
::1 - - [10/Jun/2019:01:28:34 +0900] "POST /check_com.php HTTP/1.1" 200 41
::1 - - [10/Jun/2019:01:28:34 +0900] "POST /check_com.php HTTP/1.1" 200 41
::1 - - [10/Jun/2019:01:28:35 +0900] "POST /check_com.php HTTP/1.1" 200 41
::1 - - [10/Jun/2019:01:28:36 +0900] "POST /check_com.php HTTP/1.1" 200 41
::1 - - [10/Jun/2019:01:28:37 +0900] "POST /check_com.php HTTP/1.1" 200 41
::1 - - [10/Jun/2019:01:28:38 +0900] "POST /check_com.php HTTP/1.1" 200 77
::1 - - [10/Jun/2019:01:28:40 +0900] "POST /check_com.php HTTP/1.1" 200 41
::1 - - [10/Jun/2019:01:28:41 +0900] "POST /compare.php HTTP/1.1" 200 3003
::1 - - [10/Jun/2019:01:28:43 +0900] "POST /check_com.php HTTP/1.1" 200 41
::1 - - [10/Jun/2019:01:28:44 +0900] "POST /check_com.php HTTP/1.1" 200 41
::1 - - [10/Jun/2019:01:28:46 +0900] "POST /check_com.php HTTP/1.1" 200 77
::1 - - [10/Jun/2019:01:28:49 +0900] "POST /check_com.php HTTP/1.1" 200 77
::1 - - [10/Jun/2019:01:28:51 +0900] "POST /check_com.php HTTP/1.1" 200 77
::1 - - [10/Jun/2019:01:28:54 +0900] "POST /check_com.php HTTP/1.1" 200 77
::1 - - [10/Jun/2019:01:28:56 +0900] "POST /favorite_com.php HTTP/1.1" 200 7855
::1 - - [10/Jun/2019:01:29:01 +0900] "POST /check_com.php HTTP/1.1" 200 77
::1 - - [10/Jun/2019:01:29:03 +0900] "POST /check_com.php HTTP/1.1" 200 41
::1 - - [10/Jun/2019:01:29:04 +0900] "POST /check_com.php HTTP/1.1" 200 41
::1 - - [10/Jun/2019:01:29:04 +0900] "POST /check_com.php HTTP/1.1" 200 41
::1 - - [10/Jun/2019:01:29:05 +0900] "POST /check_com.php HTTP/1.1" 200 41
::1 - - [10/Jun/2019:01:30:59 +0900] "POST /favorite_com.php HTTP/1.1" 200 5896
::1 - - [10/Jun/2019:01:31:03 +0900] "POST /favorite_com.php HTTP/1.1" 200 5896
::1 - - [10/Jun/2019:01:31:40 +0900] "POST /favorite_com.php HTTP/1.1" 200 6196
::1 - - [10/Jun/2019:01:31:41 +0900] "POST /check_com.php HTTP/1.1" 200 41
::1 - - [10/Jun/2019:01:31:42 +0900] "POST /check_com.php HTTP/1.1" 200 41
::1 - - [10/Jun/2019:01:31:43 +0900] "POST /check_com.php HTTP/1.1" 200 41
::1 - - [10/Jun/2019:01:31:43 +0900] "POST /check_com.php HTTP/1.1" 200 41
::1 - - [10/Jun/2019:01:31:44 +0900] "POST /check_com.php HTTP/1.1" 200 41
::1 - - [10/Jun/2019:01:31:46 +0900] "POST /favorite_com.php HTTP/1.1" 200 6196
::1 - - [10/Jun/2019:01:31:48 +0900] "POST /check_com.php HTTP/1.1" 200 41
::1 - - [10/Jun/2019:01:31:49 +0900] "POST /check_com.php HTTP/1.1" 200 41
::1 - - [10/Jun/2019:01:31:49 +0900] "POST /check_com.php HTTP/1.1" 200 41
::1 - - [10/Jun/2019:01:31:50 +0900] "POST /check_com.php HTTP/1.1" 200 41
::1 - - [10/Jun/2019:01:31:50 +0900] "POST /check_com.php HTTP/1.1" 200 41
::1 - - [10/Jun/2019:01:31:51 +0900] "POST /check_com.php HTTP/1.1" 200 41
::1 - - [10/Jun/2019:01:31:55 +0900] "POST /favorite_com.php HTTP/1.1" 200 6196
::1 - - [10/Jun/2019:01:36:07 +0900] "POST /check_com.php HTTP/1.1" 200 77
::1 - - [10/Jun/2019:01:36:09 +0900] "POST /check_com.php HTTP/1.1" 200 77
::1 - - [10/Jun/2019:01:36:12 +0900] "POST /main.php HTTP/1.1" 200 5473
::1 - - [10/Jun/2019:01:36:13 +0900] "POST /check_com.php HTTP/1.1" 200 41
::1 - - [10/Jun/2019:01:36:14 +0900] "POST /check_com.php HTTP/1.1" 200 41
::1 - - [10/Jun/2019:01:36:15 +0900] "POST /check_com.php HTTP/1.1" 200 41
::1 - - [10/Jun/2019:01:36:16 +0900] "POST /check_com.php HTTP/1.1" 200 41
::1 - - [10/Jun/2019:01:36:16 +0900] "POST /check_com.php HTTP/1.1" 200 41
::1 - - [10/Jun/2019:01:36:33 +0900] "POST /main.php HTTP/1.1" 200 5473
::1 - - [10/Jun/2019:01:36:34 +0900] "POST /check_com.php HTTP/1.1" 200 41
::1 - - [10/Jun/2019:01:36:35 +0900] "POST /check_com.php HTTP/1.1" 200 41
::1 - - [10/Jun/2019:01:36:36 +0900] "POST /check_com.php HTTP/1.1" 200 41
::1 - - [10/Jun/2019:01:36:45 +0900] "POST /check_com.php HTTP/1.1" 200 41
::1 - - [10/Jun/2019:01:36:48 +0900] "POST /main.php HTTP/1.1" 200 5602
::1 - - [10/Jun/2019:01:36:49 +0900] "POST /check_com.php HTTP/1.1" 200 77
::1 - - [10/Jun/2019:01:36:52 +0900] "POST /check_com.php HTTP/1.1" 200 77
::1 - - [10/Jun/2019:01:36:53 +0900] "POST /check_com.php HTTP/1.1" 200 77
::1 - - [10/Jun/2019:01:36:55 +0900] "POST /check_com.php HTTP/1.1" 200 77
::1 - - [10/Jun/2019:01:37:56 +0900] "POST /favorite_com.php HTTP/1.1" 200 7881
::1 - - [10/Jun/2019:01:37:57 +0900] "POST /check_com.php HTTP/1.1" 200 41
::1 - - [10/Jun/2019:01:37:57 +0900] "POST /check_com.php HTTP/1.1" 200 41
::1 - - [10/Jun/2019:01:37:58 +0900] "POST /check_com.php HTTP/1.1" 200 41
::1 - - [10/Jun/2019:01:37:59 +0900] "POST /check_com.php HTTP/1.1" 200 41
::1 - - [10/Jun/2019:01:38:00 +0900] "POST /check_com.php HTTP/1.1" 200 41
::1 - - [10/Jun/2019:01:38:14 +0900] "POST /main.php HTTP/1.1" 200 5594
::1 - - [10/Jun/2019:01:38:15 +0900] "POST /favorite_com.php HTTP/1.1" 200 7888
::1 - - [10/Jun/2019:01:38:15 +0900] "POST /check_com.php HTTP/1.1" 200 77
::1 - - [10/Jun/2019:01:38:17 +0900] "POST /check_com.php HTTP/1.1" 200 41
::1 - - [10/Jun/2019:01:38:18 +0900] "POST /check_com.php HTTP/1.1" 200 41
::1 - - [10/Jun/2019:01:38:19 +0900] "POST /check_com.php HTTP/1.1" 200 41
::1 - - [10/Jun/2019:01:38:20 +0900] "POST /check_com.php HTTP/1.1" 200 41
::1 - - [10/Jun/2019:01:38:55 +0900] "POST /main.php HTTP/1.1" 200 5594
::1 - - [10/Jun/2019:01:38:56 +0900] "POST /favorite_com.php HTTP/1.1" 200 4667
::1 - - [10/Jun/2019:01:38:57 +0900] "POST /compare.php HTTP/1.1" 200 3003
::1 - - [10/Jun/2019:01:39:00 +0900] "POST /main.php HTTP/1.1" 200 5594
::1 - - [10/Jun/2019:01:39:02 +0900] "POST /check_com.php HTTP/1.1" 200 77
::1 - - [10/Jun/2019:01:39:55 +0900] "-" 408 -
::1 - - [10/Jun/2019:01:47:27 +0900] "POST /main.php HTTP/1.1" 200 5024
::1 - - [10/Jun/2019:01:47:30 +0900] "POST /login_form.html HTTP/1.1" 200 1227
::1 - - [10/Jun/2019:01:47:33 +0900] "POST /login.php HTTP/1.1" 200 250
::1 - - [10/Jun/2019:01:47:35 +0900] "POST /main.php HTTP/1.1" 200 5024
::1 - - [10/Jun/2019:01:47:35 +0900] "POST /favorite_com.php HTTP/1.1" 200 4710
::1 - - [10/Jun/2019:01:47:36 +0900] "POST /compare.php HTTP/1.1" 200 3003
::1 - - [10/Jun/2019:01:47:40 +0900] "POST /main.php HTTP/1.1" 200 5024
::1 - - [10/Jun/2019:01:47:40 +0900] "POST /recommend.php HTTP/1.1" 200 3415
::1 - - [10/Jun/2019:01:47:43 +0900] "POST /compare.php HTTP/1.1" 200 3026
::1 - - [10/Jun/2019:01:47:47 +0900] "POST /resume.php HTTP/1.1" 200 8257
::1 - - [10/Jun/2019:01:47:59 +0900] "POST /check_com.php HTTP/1.1" 200 77
::1 - - [10/Jun/2019:01:48:10 +0900] "POST /favorite_com.php HTTP/1.1" 200 4710
::1 - - [10/Jun/2019:01:48:12 +0900] "POST /compare.php HTTP/1.1" 200 3003
::1 - - [10/Jun/2019:01:48:57 +0900] "POST /recommend.php HTTP/1.1" 200 3415
::1 - - [10/Jun/2019:01:48:58 +0900] "POST /compare.php HTTP/1.1" 200 3026
::1 - - [10/Jun/2019:01:57:29 +0900] "POST /main.php HTTP/1.1" 200 179
::1 - - [10/Jun/2019:01:58:56 +0900] "POST /main.php HTTP/1.1" 200 237
::1 - - [10/Jun/2019:02:01:43 +0900] "POST /main.php HTTP/1.1" 200 5112
::1 - - [10/Jun/2019:02:02:43 +0900] "-" 408 -
::1 - - [10/Jun/2019:02:02:53 +0900] "POST /main.php HTTP/1.1" 200 5524
::1 - - [10/Jun/2019:02:03:34 +0900] "POST /main.php HTTP/1.1" 200 5536
::1 - - [10/Jun/2019:02:03:52 +0900] "POST /main.php HTTP/1.1" 200 5527
::1 - - [10/Jun/2019:02:05:14 +0900] "POST /main.php HTTP/1.1" 200 5523
::1 - - [11/Jun/2019:20:29:54 +0900] "GET /resume.php HTTP/1.1" 200 7769
::1 - - [11/Jun/2019:20:29:54 +0900] "GET /js/javascript.js HTTP/1.1" 200 1576
::1 - - [11/Jun/2019:20:29:55 +0900] "GET /favicon.ico HTTP/1.1" 404 209
::1 - - [11/Jun/2019:20:50:42 +0900] "POST /main.php HTTP/1.1" 200 3400
::1 - - [11/Jun/2019:20:50:43 +0900] "POST /resume.php HTTP/1.1" 200 7769
::1 - - [11/Jun/2019:20:51:42 +0900] "-" 408 -
::1 - - [11/Jun/2019:21:07:55 +0900] "POST /main.php HTTP/1.1" 200 3400
::1 - - [11/Jun/2019:21:07:58 +0900] "POST /login_form.html HTTP/1.1" 200 1227
::1 - - [11/Jun/2019:21:08:25 +0900] "GET /login.php HTTP/1.1" 200 79
::1 - - [11/Jun/2019:21:08:26 +0900] "GET /main.php HTTP/1.1" 200 9056
::1 - - [11/Jun/2019:21:09:12 +0900] "POST /register.php HTTP/1.1" 200 107
::1 - - [11/Jun/2019:21:09:13 +0900] "GET /login_form.html HTTP/1.1" 200 1227
::1 - - [11/Jun/2019:21:09:19 +0900] "POST /login.php HTTP/1.1" 200 250
::1 - - [11/Jun/2019:21:09:20 +0900] "POST /main.php HTTP/1.1" 200 5524
::1 - - [11/Jun/2019:21:09:26 +0900] "POST /com_list.php HTTP/1.1" 200 28288
::1 - - [11/Jun/2019:21:09:26 +0900] "GET /css/basicstyle.css HTTP/1.1" 200 355
::1 - - [11/Jun/2019:21:09:28 +0900] "POST /resume.php HTTP/1.1" 200 8892
::1 - - [11/Jun/2019:21:09:32 +0900] "POST /favorite_com.php HTTP/1.1" 200 4710
::1 - - [11/Jun/2019:21:09:34 +0900] "POST /recommend.php HTTP/1.1" 200 3415
::1 - - [11/Jun/2019:21:09:37 +0900] "POST /com_list.php HTTP/1.1" 200 28288
::1 - - [11/Jun/2019:21:09:40 +0900] "POST /resume.php HTTP/1.1" 200 8892
::1 - - [11/Jun/2019:21:10:37 +0900] "-" 408 -
::1 - - [11/Jun/2019:21:11:31 +0900] "POST /resume.php HTTP/1.1" 200 8766
::1 - - [11/Jun/2019:21:12:31 +0900] "-" 408 -
::1 - - [11/Jun/2019:21:13:01 +0900] "GET /login_form.html HTTP/1.1" 200 1227
::1 - - [11/Jun/2019:21:13:06 +0900] "POST /login.php HTTP/1.1" 200 250
::1 - - [11/Jun/2019:21:13:08 +0900] "POST /main.php HTTP/1.1" 200 5524
::1 - - [11/Jun/2019:21:13:29 +0900] "POST /favorite_com.php HTTP/1.1" 200 4710
::1 - - [11/Jun/2019:21:13:34 +0900] "POST /resume.php HTTP/1.1" 200 8766
::1 - - [11/Jun/2019:21:14:29 +0900] "-" 408 -
::1 - - [11/Jun/2019:21:15:38 +0900] "POST /resume.php HTTP/1.1" 200 8726
::1 - - [11/Jun/2019:21:15:39 +0900] "POST /resume.php HTTP/1.1" 200 8726
::1 - - [11/Jun/2019:21:15:40 +0900] "POST /resume.php HTTP/1.1" 200 8726
::1 - - [11/Jun/2019:21:15:48 +0900] "GET /login_form.html HTTP/1.1" 200 1227
::1 - - [11/Jun/2019:21:15:53 +0900] "POST /login.php HTTP/1.1" 200 250
::1 - - [11/Jun/2019:21:15:54 +0900] "POST /main.php HTTP/1.1" 200 5524
::1 - - [11/Jun/2019:21:16:48 +0900] "-" 408 -
::1 - - [11/Jun/2019:21:18:14 +0900] "POST /favorite_com.php HTTP/1.1" 200 4710
::1 - - [11/Jun/2019:21:18:16 +0900] "POST /main.php HTTP/1.1" 200 5524
::1 - - [11/Jun/2019:21:18:20 +0900] "POST /resume.php HTTP/1.1" 200 8726
::1 - - [11/Jun/2019:21:18:27 +0900] "POST /main.php HTTP/1.1" 200 5524
::1 - - [11/Jun/2019:21:18:28 +0900] "POST /resume.php HTTP/1.1" 200 8726
::1 - - [11/Jun/2019:21:18:50 +0900] "POST /resume.php HTTP/1.1" 200 8766
::1 - - [11/Jun/2019:21:36:51 +0900] "POST /resume.php HTTP/1.1" 200 8642
::1 - - [11/Jun/2019:21:37:51 +0900] "-" 408 -
::1 - - [11/Jun/2019:21:37:56 +0900] "POST /update_resume.php HTTP/1.1" 200 154
::1 - - [11/Jun/2019:21:38:16 +0900] "POST /update_resume.php HTTP/1.1" 200 377
::1 - - [11/Jun/2019:21:38:18 +0900] "POST /resume.php HTTP/1.1" 200 8642
::1 - - [11/Jun/2019:21:39:16 +0900] "-" 408 -
::1 - - [11/Jun/2019:21:43:00 +0900] "POST /resume.php HTTP/1.1" 200 8642
::1 - - [11/Jun/2019:21:44:00 +0900] "-" 408 -
::1 - - [11/Jun/2019:21:44:00 +0900] "POST /resume.php HTTP/1.1" 200 8947
::1 - - [11/Jun/2019:21:45:00 +0900] "-" 408 -
::1 - - [11/Jun/2019:22:14:38 +0900] "POST /resume.php HTTP/1.1" 200 9607
::1 - - [11/Jun/2019:22:14:43 +0900] "POST /main.php HTTP/1.1" 200 5524
::1 - - [11/Jun/2019:22:14:46 +0900] "POST /resume.php HTTP/1.1" 200 9607
::1 - - [11/Jun/2019:22:15:43 +0900] "-" 408 -
::1 - - [11/Jun/2019:22:16:11 +0900] "POST /resume.php HTTP/1.1" 200 9615
::1 - - [11/Jun/2019:22:17:11 +0900] "-" 408 -
::1 - - [11/Jun/2019:22:19:03 +0900] "POST /resume.php HTTP/1.1" 200 9300
::1 - - [11/Jun/2019:22:19:36 +0900] "POST /resume.php HTTP/1.1" 200 9302
::1 - - [11/Jun/2019:22:20:36 +0900] "-" 408 -
::1 - - [11/Jun/2019:22:21:21 +0900] "POST /resume.php HTTP/1.1" 200 8941
::1 - - [11/Jun/2019:22:22:21 +0900] "-" 408 -
::1 - - [11/Jun/2019:22:22:22 +0900] "POST /resume.php HTTP/1.1" 200 8742
::1 - - [11/Jun/2019:22:23:22 +0900] "-" 408 -
::1 - - [11/Jun/2019:22:23:52 +0900] "POST /resume.php HTTP/1.1" 200 8861
::1 - - [11/Jun/2019:22:24:52 +0900] "-" 408 -
::1 - - [11/Jun/2019:22:26:58 +0900] "POST /resume.php HTTP/1.1" 200 8861
::1 - - [11/Jun/2019:22:27:58 +0900] "-" 408 -
::1 - - [11/Jun/2019:22:28:47 +0900] "POST /resume.php HTTP/1.1" 200 8837
::1 - - [11/Jun/2019:22:29:03 +0900] "POST /resume.php HTTP/1.1" 200 8805
::1 - - [11/Jun/2019:22:32:29 +0900] "POST /resume.php HTTP/1.1" 200 8820
::1 - - [11/Jun/2019:22:33:03 +0900] "POST /resume.php HTTP/1.1" 200 8795
::1 - - [11/Jun/2019:23:15:00 +0900] "POST /update_resume.php HTTP/1.1" 200 377
::1 - - [11/Jun/2019:23:15:01 +0900] "POST /resume.php HTTP/1.1" 200 122
::1 - - [11/Jun/2019:23:18:23 +0900] "POST /resume.php HTTP/1.1" 200 9339
::1 - - [11/Jun/2019:23:28:36 +0900] "POST /resume.php HTTP/1.1" 200 9378
::1 - - [11/Jun/2019:23:29:18 +0900] "POST /resume.php HTTP/1.1" 200 9381
::1 - - [11/Jun/2019:23:30:06 +0900] "POST /resume.php HTTP/1.1" 200 9408
::1 - - [11/Jun/2019:23:30:37 +0900] "POST /resume.php HTTP/1.1" 200 9464
::1 - - [11/Jun/2019:23:33:41 +0900] "POST /resume.php HTTP/1.1" 200 9575
::1 - - [11/Jun/2019:23:38:29 +0900] "POST /resume.php HTTP/1.1" 200 145
::1 - - [11/Jun/2019:23:38:54 +0900] "POST /resume.php HTTP/1.1" 200 145
::1 - - [11/Jun/2019:23:39:16 +0900] "POST /resume.php HTTP/1.1" 200 9936
::1 - - [11/Jun/2019:23:41:05 +0900] "POST /resume.php HTTP/1.1" 200 9539
::1 - - [11/Jun/2019:23:42:19 +0900] "POST /resume.php HTTP/1.1" 200 9554
::1 - - [11/Jun/2019:23:42:45 +0900] "POST /resume.php HTTP/1.1" 200 9556
::1 - - [11/Jun/2019:23:43:34 +0900] "POST /update_resume.php HTTP/1.1" 200 389
::1 - - [11/Jun/2019:23:43:36 +0900] "POST /resume.php HTTP/1.1" 200 9556
::1 - - [11/Jun/2019:23:44:13 +0900] "POST /resume.php HTTP/1.1" 200 9492
::1 - - [11/Jun/2019:23:44:15 +0900] "POST /main.php HTTP/1.1" 200 5524
::1 - - [11/Jun/2019:23:44:16 +0900] "POST /resume.php HTTP/1.1" 200 9492
::1 - - [11/Jun/2019:23:44:49 +0900] "POST /resume.php HTTP/1.1" 200 9491
::1 - - [11/Jun/2019:23:49:52 +0900] "POST /resume.php HTTP/1.1" 200 9309
::1 - - [11/Jun/2019:23:50:03 +0900] "POST /update_resume.php HTTP/1.1" 200 385
::1 - - [11/Jun/2019:23:50:04 +0900] "POST /resume.php HTTP/1.1" 200 9309
::1 - - [11/Jun/2019:23:50:08 +0900] "POST /update_resume.php HTTP/1.1" 200 385
::1 - - [11/Jun/2019:23:50:09 +0900] "POST /resume.php HTTP/1.1" 200 9309
::1 - - [11/Jun/2019:23:50:11 +0900] "POST /main.php HTTP/1.1" 200 5524
::1 - - [11/Jun/2019:23:50:12 +0900] "POST /resume.php HTTP/1.1" 200 9309
::1 - - [11/Jun/2019:23:50:25 +0900] "POST /update_resume.php HTTP/1.1" 200 401
::1 - - [11/Jun/2019:23:50:26 +0900] "POST /resume.php HTTP/1.1" 200 9419
::1 - - [11/Jun/2019:23:52:11 +0900] "POST /resume.php HTTP/1.1" 200 9479
::1 - - [11/Jun/2019:23:54:28 +0900] "POST /resume.php HTTP/1.1" 200 9479
::1 - - [11/Jun/2019:23:54:41 +0900] "POST /resume.php HTTP/1.1" 200 9479
::1 - - [12/Jun/2019:00:08:54 +0900] "POST /main.php HTTP/1.1" 200 5523
::1 - - [12/Jun/2019:00:08:57 +0900] "POST /resume.php HTTP/1.1" 200 9479
::1 - - [12/Jun/2019:00:09:08 +0900] "POST /main.php HTTP/1.1" 200 5523
::1 - - [12/Jun/2019:00:09:08 +0900] "POST /login_form.html HTTP/1.1" 200 1227
::1 - - [12/Jun/2019:00:11:53 +0900] "POST /login.php HTTP/1.1" 200 250
::1 - - [12/Jun/2019:00:11:54 +0900] "POST /main.php HTTP/1.1" 200 5523
::1 - - [12/Jun/2019:00:11:56 +0900] "POST /com_list.php HTTP/1.1" 200 28288
::1 - - [12/Jun/2019:00:11:58 +0900] "POST /resume.php HTTP/1.1" 200 9517
::1 - - [12/Jun/2019:00:12:04 +0900] "POST /resume.php HTTP/1.1" 200 9517
::1 - - [12/Jun/2019:00:13:04 +0900] "-" 408 -
::1 - - [12/Jun/2019:00:15:57 +0900] "POST /resume.php HTTP/1.1" 200 9584
::1 - - [12/Jun/2019:00:19:18 +0900] "POST /main.php HTTP/1.1" 200 5523
::1 - - [12/Jun/2019:00:19:19 +0900] "POST /resume.php HTTP/1.1" 200 9584
::1 - - [12/Jun/2019:00:21:58 +0900] "POST /resume.php HTTP/1.1" 200 9584
::1 - - [12/Jun/2019:00:22:04 +0900] "POST /login_form.html HTTP/1.1" 200 1227
::1 - - [12/Jun/2019:00:25:38 +0900] "POST /login.php HTTP/1.1" 200 250
::1 - - [12/Jun/2019:00:25:40 +0900] "POST /main.php HTTP/1.1" 200 5523
::1 - - [12/Jun/2019:00:25:41 +0900] "POST /resume.php HTTP/1.1" 200 9584
::1 - - [12/Jun/2019:00:27:40 +0900] "POST /resume.php HTTP/1.1" 200 9815
::1 - - [12/Jun/2019:00:28:03 +0900] "POST /main.php HTTP/1.1" 200 5523
::1 - - [12/Jun/2019:00:28:04 +0900] "POST /resume.php HTTP/1.1" 200 9535
::1 - - [12/Jun/2019:00:28:27 +0900] "POST /main.php HTTP/1.1" 200 5523
::1 - - [12/Jun/2019:00:28:28 +0900] "POST /login_form.html HTTP/1.1" 200 1227
::1 - - [12/Jun/2019:00:28:34 +0900] "POST /login.php HTTP/1.1" 200 79
::1 - - [12/Jun/2019:00:28:34 +0900] "GET /main.php HTTP/1.1" 200 9056
::1 - - [12/Jun/2019:00:55:26 +0900] "POST /login.php HTTP/1.1" 200 79
::1 - - [12/Jun/2019:00:55:26 +0900] "GET /main.php HTTP/1.1" 200 9056
::1 - - [12/Jun/2019:00:55:31 +0900] "POST /login.php HTTP/1.1" 200 250
::1 - - [12/Jun/2019:00:55:33 +0900] "POST /main.php HTTP/1.1" 200 5523
::1 - - [12/Jun/2019:00:55:34 +0900] "POST /resume.php HTTP/1.1" 200 9534
::1 - - [12/Jun/2019:01:00:32 +0900] "POST /resume.php HTTP/1.1" 200 9107
::1 - - [12/Jun/2019:01:00:45 +0900] "POST /resume.php HTTP/1.1" 200 9106
::1 - - [12/Jun/2019:01:01:13 +0900] "POST /resume.php HTTP/1.1" 200 9016
::1 - - [12/Jun/2019:01:02:14 +0900] "POST /resume.php HTTP/1.1" 200 9279
::1 - - [12/Jun/2019:01:09:11 +0900] "POST /resume.php HTTP/1.1" 200 212
::1 - - [12/Jun/2019:01:09:38 +0900] "POST /resume.php HTTP/1.1" 200 9411
::1 - - [12/Jun/2019:01:09:58 +0900] "POST /update_resume.php HTTP/1.1" 200 377
::1 - - [12/Jun/2019:01:10:00 +0900] "POST /resume.php HTTP/1.1" 200 9411
::1 - - [12/Jun/2019:01:10:14 +0900] "POST /update_resume.php HTTP/1.1" 200 377
::1 - - [12/Jun/2019:01:10:15 +0900] "POST /resume.php HTTP/1.1" 200 9411
::1 - - [12/Jun/2019:01:15:31 +0900] "POST /resume.php HTTP/1.1" 200 9280
::1 - - [12/Jun/2019:01:15:38 +0900] "POST /update_resume.php HTTP/1.1" 200 377
::1 - - [12/Jun/2019:01:15:39 +0900] "POST /resume.php HTTP/1.1" 200 9280
::1 - - [12/Jun/2019:01:15:51 +0900] "POST /update_resume.php HTTP/1.1" 200 377
::1 - - [12/Jun/2019:01:15:52 +0900] "POST /resume.php HTTP/1.1" 200 9280
::1 - - [12/Jun/2019:01:17:03 +0900] "GET /update_resume.php HTTP/1.1" 200 1356
::1 - - [12/Jun/2019:01:17:05 +0900] "POST /resume.php HTTP/1.1" 200 8178
::1 - - [12/Jun/2019:01:17:36 +0900] "POST /update_resume.php HTTP/1.1" 200 676
::1 - - [12/Jun/2019:01:17:37 +0900] "POST /resume.php HTTP/1.1" 200 8178
::1 - - [12/Jun/2019:01:17:59 +0900] "GET /update_resume.php HTTP/1.1" 200 1356
::1 - - [12/Jun/2019:01:18:03 +0900] "POST /resume.php HTTP/1.1" 200 8178
::1 - - [12/Jun/2019:01:18:41 +0900] "GET /update_resume.php HTTP/1.1" 200 1356
::1 - - [12/Jun/2019:01:18:42 +0900] "POST /resume.php HTTP/1.1" 200 8178
::1 - - [12/Jun/2019:01:19:14 +0900] "GET /update_resume.php HTTP/1.1" 200 1120
::1 - - [12/Jun/2019:01:20:17 +0900] "GET /update_resume.php HTTP/1.1" 200 1122
::1 - - [12/Jun/2019:01:20:23 +0900] "GET /update_resume.php HTTP/1.1" 200 1122
::1 - - [12/Jun/2019:01:20:32 +0900] "POST /main.php HTTP/1.1" 200 3400
::1 - - [12/Jun/2019:01:20:34 +0900] "POST /login_form.html HTTP/1.1" 200 1227
::1 - - [12/Jun/2019:01:20:38 +0900] "POST /login.php HTTP/1.1" 200 250
::1 - - [12/Jun/2019:01:20:38 +0900] "POST /main.php HTTP/1.1" 200 5523
::1 - - [12/Jun/2019:01:20:39 +0900] "POST /resume.php HTTP/1.1" 200 9280
::1 - - [12/Jun/2019:01:20:46 +0900] "POST /update_resume.php HTTP/1.1" 200 137
::1 - - [12/Jun/2019:01:21:50 +0900] "POST /update_resume.php HTTP/1.1" 200 135
::1 - - [12/Jun/2019:01:21:55 +0900] "POST /update_resume.php HTTP/1.1" 200 135
::1 - - [12/Jun/2019:01:22:02 +0900] "POST /update_resume.php HTTP/1.1" 200 139
::1 - - [12/Jun/2019:01:23:01 +0900] "POST /update_resume.php HTTP/1.1" 200 -
::1 - - [12/Jun/2019:01:23:08 +0900] "POST /update_resume.php HTTP/1.1" 200 -
::1 - - [12/Jun/2019:01:23:13 +0900] "POST /update_resume.php HTTP/1.1" 200 4
::1 - - [12/Jun/2019:01:25:08 +0900] "POST /resume.php HTTP/1.1" 200 9663
::1 - - [12/Jun/2019:01:25:40 +0900] "POST /resume.php HTTP/1.1" 200 9469
::1 - - [12/Jun/2019:01:27:21 +0900] "POST /resume.php HTTP/1.1" 200 9469
::1 - - [12/Jun/2019:01:27:24 +0900] "POST /update_resume.php HTTP/1.1" 200 140
::1 - - [12/Jun/2019:01:28:08 +0900] "POST /resume.php HTTP/1.1" 200 9469
::1 - - [12/Jun/2019:01:28:10 +0900] "POST /update_resume.php HTTP/1.1" 200 135
::1 - - [12/Jun/2019:01:28:25 +0900] "POST /update_resume.php HTTP/1.1" 200 135
::1 - - [12/Jun/2019:01:29:09 +0900] "POST /resume.php HTTP/1.1" 200 9469
::1 - - [12/Jun/2019:01:29:11 +0900] "POST /update_resume.php HTTP/1.1" 200 135
::1 - - [12/Jun/2019:01:29:41 +0900] "POST /main.php HTTP/1.1" 200 5523
::1 - - [12/Jun/2019:01:29:42 +0900] "POST /resume.php HTTP/1.1" 200 9469
::1 - - [12/Jun/2019:01:29:45 +0900] "POST /update_resume.php HTTP/1.1" 200 135
::1 - - [12/Jun/2019:01:29:48 +0900] "POST /update_resume.php HTTP/1.1" 200 135
::1 - - [12/Jun/2019:01:29:52 +0900] "POST /update_resume.php HTTP/1.1" 200 135
::1 - - [12/Jun/2019:01:33:31 +0900] "POST /resume.php HTTP/1.1" 200 9543
::1 - - [12/Jun/2019:01:33:54 +0900] "POST /resume.php HTTP/1.1" 200 9490
::1 - - [12/Jun/2019:01:34:02 +0900] "POST /update_resume.php HTTP/1.1" 200 305
::1 - - [12/Jun/2019:01:34:31 +0900] "POST /update_resume.php HTTP/1.1" 200 135
::1 - - [12/Jun/2019:01:34:40 +0900] "POST /update_resume.php HTTP/1.1" 200 135
::1 - - [12/Jun/2019:01:34:45 +0900] "POST /update_resume.php HTTP/1.1" 200 135
::1 - - [12/Jun/2019:01:35:08 +0900] "POST /resume.php HTTP/1.1" 200 9490
::1 - - [12/Jun/2019:01:35:13 +0900] "POST /update_resume.php HTTP/1.1" 200 135
::1 - - [12/Jun/2019:01:35:46 +0900] "POST /update_resume.php HTTP/1.1" 200 140
::1 - - [12/Jun/2019:01:36:19 +0900] "POST /resume.php HTTP/1.1" 200 9490
::1 - - [12/Jun/2019:01:36:28 +0900] "POST /update_resume.php HTTP/1.1" 200 145
::1 - - [12/Jun/2019:01:37:32 +0900] "POST /resume.php HTTP/1.1" 200 9486
::1 - - [12/Jun/2019:01:37:43 +0900] "POST /update_resume.php HTTP/1.1" 200 145
::1 - - [12/Jun/2019:01:39:02 +0900] "POST /update_resume.php HTTP/1.1" 200 145
::1 - - [12/Jun/2019:01:39:12 +0900] "POST /update_resume.php HTTP/1.1" 200 145
::1 - - [12/Jun/2019:01:43:48 +0900] "POST /resume.php HTTP/1.1" 200 9469
::1 - - [12/Jun/2019:01:43:55 +0900] "POST /update_resume.php HTTP/1.1" 200 150
::1 - - [12/Jun/2019:01:45:14 +0900] "POST /update_resume.php HTTP/1.1" 200 145
::1 - - [12/Jun/2019:01:46:04 +0900] "POST /resume.php HTTP/1.1" 200 9469
::1 - - [12/Jun/2019:01:46:06 +0900] "POST /update_resume.php HTTP/1.1" 200 145
::1 - - [12/Jun/2019:01:46:09 +0900] "POST /update_resume.php HTTP/1.1" 200 145
::1 - - [12/Jun/2019:01:46:13 +0900] "POST /update_resume.php HTTP/1.1" 200 145
::1 - - [12/Jun/2019:01:46:47 +0900] "POST /update_resume.php HTTP/1.1" 200 140
::1 - - [12/Jun/2019:01:54:33 +0900] "POST /update_resume.php HTTP/1.1" 200 144
::1 - - [12/Jun/2019:01:54:56 +0900] "POST /update_resume.php HTTP/1.1" 200 144
::1 - - [12/Jun/2019:01:55:56 +0900] "-" 408 -
::1 - - [12/Jun/2019:01:56:27 +0900] "POST /update_resume.php HTTP/1.1" 200 144
::1 - - [12/Jun/2019:01:56:36 +0900] "POST /update_resume.php HTTP/1.1" 200 143
::1 - - [12/Jun/2019:01:56:50 +0900] "POST /update_resume.php HTTP/1.1" 200 139
::1 - - [12/Jun/2019:01:57:41 +0900] "POST /update_resume.php HTTP/1.1" 200 135
::1 - - [12/Jun/2019:01:57:47 +0900] "POST /update_resume.php HTTP/1.1" 200 135
::1 - - [12/Jun/2019:01:59:00 +0900] "POST /update_resume.php HTTP/1.1" 200 135
::1 - - [12/Jun/2019:02:00:57 +0900] "POST /resume.php HTTP/1.1" 200 9695
::1 - - [12/Jun/2019:02:01:40 +0900] "POST /resume.php HTTP/1.1" 200 9691
::1 - - [12/Jun/2019:02:02:42 +0900] "POST /resume.php HTTP/1.1" 200 9475
::1 - - [12/Jun/2019:02:02:45 +0900] "POST /update_resume.php HTTP/1.1" 200 139
::1 - - [12/Jun/2019:02:03:21 +0900] "POST /update_resume.php HTTP/1.1" 200 140
::1 - - [12/Jun/2019:02:03:28 +0900] "POST /update_resume.php HTTP/1.1" 200 140
::1 - - [12/Jun/2019:02:03:31 +0900] "POST /main.php HTTP/1.1" 200 5523
::1 - - [12/Jun/2019:02:03:32 +0900] "POST /resume.php HTTP/1.1" 200 9475
::1 - - [12/Jun/2019:02:04:37 +0900] "POST /update_resume.php HTTP/1.1" 200 135
::1 - - [12/Jun/2019:02:04:44 +0900] "POST /main.php HTTP/1.1" 200 5523
::1 - - [12/Jun/2019:02:04:45 +0900] "POST /resume.php HTTP/1.1" 200 9475
::1 - - [12/Jun/2019:02:05:25 +0900] "POST /update_resume.php HTTP/1.1" 200 135
::1 - - [12/Jun/2019:02:05:29 +0900] "POST /main.php HTTP/1.1" 200 5523
::1 - - [12/Jun/2019:02:05:30 +0900] "POST /resume.php HTTP/1.1" 200 9475
::1 - - [12/Jun/2019:02:07:53 +0900] "POST /resume.php HTTP/1.1" 200 9625
::1 - - [12/Jun/2019:02:09:27 +0900] "POST /resume.php HTTP/1.1" 200 9409
::1 - - [12/Jun/2019:02:09:34 +0900] "POST /update_resume.php HTTP/1.1" 200 363
::1 - - [12/Jun/2019:02:09:35 +0900] "POST /resume.php HTTP/1.1" 200 9409
::1 - - [02/Sep/2019:22:32:01 +0900] "GET /login_form.html HTTP/1.1" 200 1227
::1 - - [02/Sep/2019:22:32:01 +0900] "GET /favicon.ico HTTP/1.1" 404 209
::1 - - [02/Sep/2019:22:32:49 +0900] "POST /login.php HTTP/1.1" 200 250
::1 - - [02/Sep/2019:22:32:51 +0900] "POST /main.php HTTP/1.1" 200 5541
::1 - - [02/Sep/2019:22:32:51 +0900] "GET /js/javascript.js HTTP/1.1" 200 2024
::1 - - [02/Sep/2019:22:38:07 +0900] "POST /com_list.php HTTP/1.1" 200 28288
::1 - - [02/Sep/2019:22:38:07 +0900] "GET /css/basicstyle.css HTTP/1.1" 200 355
::1 - - [02/Sep/2019:22:38:09 +0900] "POST /main.php HTTP/1.1" 200 5541
::1 - - [02/Sep/2019:22:39:07 +0900] "-" 408 -
