[Sat Jun 01 20:09:08.354172 2019] [mpm_winnt:notice] [pid 10484:tid 652] AH00455: Apache/2.4.39 (Win64) configured -- resuming normal operations
[Sat Jun 01 20:09:08.355181 2019] [mpm_winnt:notice] [pid 10484:tid 652] AH00456: Apache Lounge VC15 Server built: May 29 2019 11:22:50
[Sat Jun 01 20:09:08.355181 2019] [core:notice] [pid 10484:tid 652] AH00094: Command line: 'c:\\Apache24\\bin\\httpd.exe -d C:/Apache24'
[Sat Jun 01 20:09:08.358184 2019] [mpm_winnt:notice] [pid 10484:tid 652] AH00418: Parent: Created child process 16044
[Sat Jun 01 20:09:09.549280 2019] [mpm_winnt:notice] [pid 16044:tid 604] AH00354: Child: Starting 64 worker threads.
The 'Apache2.4' service is restarting.
The 'Apache2.4' service has restarted.
winnt:notice] [pid 10484:tid 652] AH00424: Parent: Received restart signal -- Restarting the server.
[Sat Jun 01 20:24:49.906134 2019] [mpm_winnt:notice] [pid 10484:tid 652] AH00455: Apache/2.4.39 (Win64) configured -- resuming normal operations
[Sat Jun 01 20:24:49.906134 2019] [mpm_winnt:notice] [pid 10484:tid 652] AH00456: Apache Lounge VC15 Server built: May 29 2019 11:22:50
[Sat Jun 01 20:24:49.906134 2019] [core:notice] [pid 10484:tid 652] AH00094: Command line: 'c:\\Apache24\\bin\\httpd.exe -d C:/Apache24'
[Sat Jun 01 20:24:49.909139 2019] [mpm_winnt:notice] [pid 10484:tid 652] AH00418: Parent: Created child process 11284
[Sat Jun 01 20:24:51.083548 2019] [mpm_winnt:notice] [pid 11284:tid 580] AH00354: Child: Starting 64 worker threads.
[Sat Jun 01 20:24:51.878421 2019] [mpm_winnt:notice] [pid 16044:tid 604] AH00364: Child: All worker threads have exited.
[Sat Jun 01 20:28:17.931811 2019] [php7:warn] [pid 11284:tid 1124] [client ::1:48738] PHP Warning:  mysqli::__construct(): The server requested authentication method unknown to the client [caching_sha2_password] in C:\\Apache24\\htdocs\\test.html on line 8
[Sat Jun 01 20:28:17.931811 2019] [php7:warn] [pid 11284:tid 1124] [client ::1:48738] PHP Warning:  mysqli::__construct(): (HY000/2054): The server requested authentication method unknown to the client in C:\\Apache24\\htdocs\\test.html on line 8
[Sat Jun 01 20:30:18.771979 2019] [php7:warn] [pid 11284:tid 1116] [client ::1:48869] PHP Warning:  mysqli::__construct(): (HY000/1049): Unknown database 'mydb' in C:\\Apache24\\htdocs\\test.html on line 8
[Sat Jun 01 21:00:35.060197 2019] [php7:crit] [pid 11284:tid 1124] [client ::1:51040] PHP Parse error:  syntax error, unexpected '"' in C:\\Apache24\\htdocs\\ex.html on line 6
[Sat Jun 01 23:35:34.907544 2019] [php7:crit] [pid 11284:tid 1124] [client ::1:62083] PHP Parse error:  syntax error, unexpected '"' in C:\\Apache24\\htdocs\\ex.html on line 6
[Sun Jun 02 00:01:35.948118 2019] [php7:warn] [pid 11284:tid 1124] [client ::1:63838] PHP Warning:  mysqli_connect(): (HY000/1049): Unknown database 'ex' in C:\\Apache24\\htdocs\\dbconn.php on line 6, referer: http://localhost/login_form.html
[Sun Jun 02 00:01:35.949119 2019] [php7:warn] [pid 11284:tid 1124] [client ::1:63838] PHP Warning:  mysqli_query() expects parameter 1 to be mysqli, bool given in C:\\Apache24\\htdocs\\login.php on line 8, referer: http://localhost/login_form.html
[Sun Jun 02 00:01:35.949119 2019] [php7:warn] [pid 11284:tid 1124] [client ::1:63838] PHP Warning:  mysqli_num_rows() expects parameter 1 to be mysqli_result, null given in C:\\Apache24\\htdocs\\login.php on line 9, referer: http://localhost/login_form.html
[Sun Jun 02 00:01:35.949119 2019] [php7:warn] [pid 11284:tid 1124] [client ::1:63838] PHP Warning:  mysqli_fetch_array() expects parameter 1 to be mysqli_result, null given in C:\\Apache24\\htdocs\\login.php on line 10, referer: http://localhost/login_form.html
[Sun Jun 02 00:01:36.862187 2019] [php7:warn] [pid 11284:tid 1124] [client ::1:63838] PHP Warning:  mysqli_connect(): (HY000/1049): Unknown database 'ex' in C:\\Apache24\\htdocs\\dbconn.php on line 6, referer: http://localhost/login.php
[Sun Jun 02 00:01:36.862187 2019] [php7:warn] [pid 11284:tid 1124] [client ::1:63838] PHP Warning:  mysqli_query() expects parameter 1 to be mysqli, bool given in C:\\Apache24\\htdocs\\main.php on line 77, referer: http://localhost/login.php
[Sun Jun 02 00:01:36.862187 2019] [php7:warn] [pid 11284:tid 1124] [client ::1:63838] PHP Warning:  mysqli_fetch_array() expects parameter 1 to be mysqli_result, null given in C:\\Apache24\\htdocs\\main.php on line 78, referer: http://localhost/login.php
[Sun Jun 02 19:13:06.375231 2019] [core:warn] [pid 3596:tid 536] AH00098: pid file C:/Apache24/logs/httpd.pid overwritten -- Unclean shutdown of previous Apache run?
[Sun Jun 02 19:13:06.474254 2019] [mpm_winnt:notice] [pid 3596:tid 536] AH00455: Apache/2.4.39 (Win64) PHP/7.3.6 configured -- resuming normal operations
[Sun Jun 02 19:13:06.474254 2019] [mpm_winnt:notice] [pid 3596:tid 536] AH00456: Apache Lounge VC15 Server built: May 29 2019 11:22:50
[Sun Jun 02 19:13:06.474254 2019] [core:notice] [pid 3596:tid 536] AH00094: Command line: 'c:\\Apache24\\bin\\httpd.exe -d C:/Apache24'
[Sun Jun 02 19:13:06.476254 2019] [mpm_winnt:notice] [pid 3596:tid 536] AH00418: Parent: Created child process 6584
[Sun Jun 02 19:13:07.083391 2019] [mpm_winnt:notice] [pid 6584:tid 612] AH00354: Child: Starting 64 worker threads.
[Mon Jun 03 10:35:32.430265 2019] [php7:warn] [pid 6584:tid 1112] [client ::1:32262] PHP Warning:  mysqli_connect(): (HY000/1049): Unknown database 'ex' in C:\\Apache24\\htdocs\\dbconn.php on line 6
[Mon Jun 03 10:35:32.432266 2019] [php7:warn] [pid 6584:tid 1112] [client ::1:32262] PHP Warning:  mysqli_query() expects parameter 1 to be mysqli, bool given in C:\\Apache24\\htdocs\\main.php on line 128
[Mon Jun 03 10:35:32.432266 2019] [php7:warn] [pid 6584:tid 1112] [client ::1:32262] PHP Warning:  mysqli_fetch_array() expects parameter 1 to be mysqli_result, null given in C:\\Apache24\\htdocs\\main.php on line 129
[Tue Jun 04 19:58:38.673620 2019] [php7:warn] [pid 6584:tid 1112] [client ::1:16775] PHP Warning:  Invalid argument supplied for foreach() in C:\\Apache24\\htdocs\\update_resume.php on line 34, referer: http://localhost/resume.php
[Tue Jun 04 20:58:56.172594 2019] [php7:warn] [pid 6584:tid 1120] [client ::1:20905] PHP Warning:  Invalid argument supplied for foreach() in C:\\Apache24\\htdocs\\register.php on line 48, referer: http://localhost/main.php
[Tue Jun 04 21:26:25.191315 2019] [php7:warn] [pid 6584:tid 1120] [client ::1:23010] PHP Warning:  Invalid argument supplied for foreach() in C:\\Apache24\\htdocs\\register.php on line 48, referer: http://localhost/main.php
[Tue Jun 04 21:34:27.882836 2019] [php7:warn] [pid 6584:tid 1120] [client ::1:23568] PHP Warning:  Invalid argument supplied for foreach() in C:\\Apache24\\htdocs\\register.php on line 48, referer: http://localhost/main.php
[Tue Jun 04 21:44:27.731751 2019] [php7:crit] [pid 6584:tid 1120] [client ::1:24322] PHP Parse error:  syntax error, unexpected 'for' (T_FOR), expecting ',' or ';' in C:\\Apache24\\htdocs\\register.php on line 73, referer: http://localhost/main.php
[Tue Jun 04 21:46:06.707920 2019] [php7:crit] [pid 6584:tid 1112] [client ::1:24433] PHP Parse error:  syntax error, unexpected 'for' (T_FOR), expecting ',' or ';' in C:\\Apache24\\htdocs\\register.php on line 73, referer: http://localhost/main.php
[Tue Jun 04 21:46:52.340783 2019] [php7:crit] [pid 6584:tid 1112] [client ::1:24481] PHP Parse error:  syntax error, unexpected 'for' (T_FOR), expecting ',' or ';' in C:\\Apache24\\htdocs\\register.php on line 73, referer: http://localhost/main.php
[Tue Jun 04 21:47:49.536926 2019] [php7:warn] [pid 6584:tid 1120] [client ::1:24562] PHP Warning:  Invalid argument supplied for foreach() in C:\\Apache24\\htdocs\\register.php on line 48, referer: http://localhost/main.php
[Tue Jun 04 21:49:07.956434 2019] [php7:warn] [pid 6584:tid 1112] [client ::1:24640] PHP Warning:  Invalid argument supplied for foreach() in C:\\Apache24\\htdocs\\register.php on line 48, referer: http://localhost/main.php
[Tue Jun 04 21:50:41.204393 2019] [php7:warn] [pid 6584:tid 1112] [client ::1:24741] PHP Warning:  Invalid argument supplied for foreach() in C:\\Apache24\\htdocs\\register.php on line 48, referer: http://localhost/main.php
[Tue Jun 04 21:53:22.532918 2019] [php7:warn] [pid 6584:tid 1120] [client ::1:24973] PHP Warning:  Invalid argument supplied for foreach() in C:\\Apache24\\htdocs\\register.php on line 48, referer: http://localhost/main.php
[Tue Jun 04 21:54:41.742602 2019] [php7:warn] [pid 6584:tid 1112] [client ::1:25062] PHP Warning:  Invalid argument supplied for foreach() in C:\\Apache24\\htdocs\\register.php on line 48, referer: http://localhost/main.php
[Tue Jun 04 21:55:05.752470 2019] [php7:warn] [pid 6584:tid 1112] [client ::1:25094] PHP Warning:  Invalid argument supplied for foreach() in C:\\Apache24\\htdocs\\register.php on line 48, referer: http://localhost/main.php
[Tue Jun 04 22:02:17.210823 2019] [php7:warn] [pid 6584:tid 1120] [client ::1:25929] PHP Warning:  Invalid argument supplied for foreach() in C:\\Apache24\\htdocs\\register.php on line 48, referer: http://localhost/main.php
[Tue Jun 04 22:19:15.292976 2019] [php7:warn] [pid 6584:tid 1120] [client ::1:27297] PHP Warning:  Invalid argument supplied for foreach() in C:\\Apache24\\htdocs\\register.php on line 48, referer: http://localhost/main.php
[Tue Jun 04 22:20:13.275895 2019] [php7:warn] [pid 6584:tid 1112] [client ::1:27348] PHP Warning:  Invalid argument supplied for foreach() in C:\\Apache24\\htdocs\\register.php on line 48, referer: http://localhost/main.php
[Tue Jun 04 22:22:36.132980 2019] [php7:warn] [pid 6584:tid 1112] [client ::1:27510] PHP Warning:  Invalid argument supplied for foreach() in C:\\Apache24\\htdocs\\register.php on line 48, referer: http://localhost/main.php
[Tue Jun 04 22:22:36.133982 2019] [php7:warn] [pid 6584:tid 1112] [client ::1:27510] PHP Warning:  count(): Parameter must be an array or an object that implements Countable in C:\\Apache24\\htdocs\\register.php on line 70, referer: http://localhost/main.php
[Tue Jun 04 22:24:34.540728 2019] [php7:warn] [pid 6584:tid 1112] [client ::1:27635] PHP Warning:  Invalid argument supplied for foreach() in C:\\Apache24\\htdocs\\register.php on line 48, referer: http://localhost/main.php
[Tue Jun 04 22:25:13.846821 2019] [php7:warn] [pid 6584:tid 1120] [client ::1:27684] PHP Warning:  Invalid argument supplied for foreach() in C:\\Apache24\\htdocs\\register.php on line 48, referer: http://localhost/main.php
[Tue Jun 04 22:35:45.094082 2019] [php7:crit] [pid 6584:tid 1120] [client ::1:28389] PHP Parse error:  syntax error, unexpected 'mysqli_query' (T_STRING) in C:\\Apache24\\htdocs\\register.php on line 81, referer: http://localhost/main.php
[Tue Jun 04 22:36:29.787058 2019] [php7:warn] [pid 6584:tid 1120] [client ::1:28438] PHP Warning:  Invalid argument supplied for foreach() in C:\\Apache24\\htdocs\\register.php on line 48, referer: http://localhost/main.php
[Tue Jun 04 22:42:53.301939 2019] [php7:warn] [pid 6584:tid 1120] [client ::1:28899] PHP Warning:  Invalid argument supplied for foreach() in C:\\Apache24\\htdocs\\register.php on line 48, referer: http://localhost/main.php
[Tue Jun 04 22:43:46.308971 2019] [php7:warn] [pid 6584:tid 1120] [client ::1:28957] PHP Warning:  Invalid argument supplied for foreach() in C:\\Apache24\\htdocs\\register.php on line 48, referer: http://localhost/main.php
[Tue Jun 04 22:45:43.007017 2019] [php7:warn] [pid 6584:tid 1120] [client ::1:29082] PHP Warning:  Invalid argument supplied for foreach() in C:\\Apache24\\htdocs\\register.php on line 48, referer: http://localhost/main.php
[Tue Jun 04 22:56:52.790789 2019] [php7:warn] [pid 6584:tid 1120] [client ::1:29821] PHP Warning:  Invalid argument supplied for foreach() in C:\\Apache24\\htdocs\\register.php on line 48, referer: http://localhost/main.php
[Tue Jun 04 22:58:33.322427 2019] [php7:warn] [pid 6584:tid 1112] [client ::1:30015] PHP Warning:  Invalid argument supplied for foreach() in C:\\Apache24\\htdocs\\register.php on line 48, referer: http://localhost/main.php
[Tue Jun 04 23:00:20.173208 2019] [php7:warn] [pid 6584:tid 1112] [client ::1:30230] PHP Warning:  Invalid argument supplied for foreach() in C:\\Apache24\\htdocs\\register.php on line 48, referer: http://localhost/main.php
[Tue Jun 04 23:00:51.249885 2019] [php7:warn] [pid 6584:tid 1120] [client ::1:30271] PHP Warning:  Invalid argument supplied for foreach() in C:\\Apache24\\htdocs\\register.php on line 48, referer: http://localhost/main.php
[Tue Jun 04 23:46:18.968347 2019] [php7:crit] [pid 6584:tid 1112] [client ::1:33473] PHP Parse error:  syntax error, unexpected '$result' (T_VARIABLE) in C:\\Apache24\\htdocs\\resume.php on line 109, referer: http://localhost/main.php
[Tue Jun 04 23:46:46.222485 2019] [php7:warn] [pid 6584:tid 1120] [client ::1:33502] PHP Warning:  mysqli_fetch_array() expects parameter 1 to be mysqli_result, bool given in C:\\Apache24\\htdocs\\resume.php on line 98, referer: http://localhost/main.php
[Tue Jun 04 23:47:16.813374 2019] [php7:warn] [pid 6584:tid 1112] [client ::1:33538] PHP Warning:  mysqli_fetch_array() expects parameter 1 to be mysqli_result, bool given in C:\\Apache24\\htdocs\\resume.php on line 99, referer: http://localhost/main.php
[Thu Jun 06 00:06:11.693836 2019] [php7:warn] [pid 6584:tid 1120] [client ::1:1412] PHP Warning:  Invalid argument supplied for foreach() in C:\\Apache24\\htdocs\\update_resume.php on line 34, referer: http://localhost/resume.php
[Sat Jun 08 23:43:31.128357 2019] [php7:error] [pid 6584:tid 1120] [client ::1:7169] script 'C:/Apache24/htdocs/favorite_com.php' not found or unable to stat, referer: http://localhost/main.php
[Sat Jun 08 23:43:41.223832 2019] [php7:error] [pid 6584:tid 1120] [client ::1:7169] script 'C:/Apache24/htdocs/favorite_com.php' not found or unable to stat, referer: http://localhost/main.php
[Sat Jun 08 23:46:37.991102 2019] [php7:error] [pid 6584:tid 1120] [client ::1:7378] script 'C:/Apache24/htdocs/favorite_com.php' not found or unable to stat, referer: http://localhost/main.php
[Sun Jun 09 00:19:45.190357 2019] [php7:warn] [pid 6584:tid 1120] [client ::1:9541] PHP Warning:  Invalid argument supplied for foreach() in C:\\Apache24\\htdocs\\update_resume.php on line 43, referer: http://localhost/resume.php
[Sun Jun 09 00:34:11.492688 2019] [php7:warn] [pid 6584:tid 1120] [client ::1:10493] PHP Warning:  mysqli_fetch_array() expects parameter 1 to be mysqli_result, bool given in C:\\Apache24\\htdocs\\favorite_com.php on line 85, referer: http://localhost/main.php
[Sun Jun 09 00:42:54.745243 2019] [php7:warn] [pid 6584:tid 1120] [client ::1:11045] PHP Warning:  mysqli_fetch_array() expects parameter 1 to be mysqli_result, bool given in C:\\Apache24\\htdocs\\favorite_com.php on line 85, referer: http://localhost/main.php
[Sun Jun 09 00:54:18.932045 2019] [php7:warn] [pid 6584:tid 1120] [client ::1:11868] PHP Warning:  mysqli_fetch_array() expects parameter 1 to be mysqli_result, bool given in C:\\Apache24\\htdocs\\search.php on line 94, referer: http://localhost/com_list.php
[Sun Jun 09 00:54:35.811846 2019] [php7:warn] [pid 6584:tid 1112] [client ::1:11888] PHP Warning:  mysqli_fetch_array() expects parameter 1 to be mysqli_result, bool given in C:\\Apache24\\htdocs\\search.php on line 94, referer: http://localhost/com_list.php
[Sun Jun 09 00:55:36.301521 2019] [php7:warn] [pid 6584:tid 1112] [client ::1:11957] PHP Warning:  mysqli_fetch_array() expects parameter 1 to be mysqli_result, bool given in C:\\Apache24\\htdocs\\search.php on line 94, referer: http://localhost/com_list.php
[Sun Jun 09 00:56:10.221159 2019] [php7:warn] [pid 6584:tid 1120] [client ::1:11996] PHP Warning:  mysqli_fetch_array() expects parameter 1 to be mysqli_result, bool given in C:\\Apache24\\htdocs\\search.php on line 94, referer: http://localhost/com_list.php
[Sun Jun 09 00:59:40.162791 2019] [php7:warn] [pid 6584:tid 1120] [client ::1:12241] PHP Warning:  mysqli_fetch_array() expects parameter 1 to be mysqli_result, bool given in C:\\Apache24\\htdocs\\search.php on line 94, referer: http://localhost/com_list.php
[Sun Jun 09 01:00:01.183525 2019] [php7:warn] [pid 6584:tid 1112] [client ::1:12265] PHP Warning:  mysqli_fetch_array() expects parameter 1 to be mysqli_result, bool given in C:\\Apache24\\htdocs\\search.php on line 94, referer: http://localhost/com_list.php
[Sun Jun 09 01:00:54.965635 2019] [php7:warn] [pid 6584:tid 1120] [client ::1:12336] PHP Warning:  mysqli_fetch_array() expects parameter 1 to be mysqli_result, bool given in C:\\Apache24\\htdocs\\search.php on line 94, referer: http://localhost/com_list.php
[Sun Jun 09 01:01:50.136060 2019] [php7:warn] [pid 6584:tid 1112] [client ::1:12395] PHP Warning:  mysqli_fetch_array() expects parameter 1 to be mysqli_result, bool given in C:\\Apache24\\htdocs\\search.php on line 94, referer: http://localhost/com_list.php
[Sun Jun 09 01:08:37.829858 2019] [php7:warn] [pid 6584:tid 1120] [client ::1:12924] PHP Warning:  mysqli_fetch_array() expects parameter 1 to be mysqli_result, bool given in C:\\Apache24\\htdocs\\search.php on line 94, referer: http://localhost/com_list.php
[Sun Jun 09 01:08:48.233200 2019] [php7:warn] [pid 6584:tid 1112] [client ::1:12937] PHP Warning:  mysqli_fetch_array() expects parameter 1 to be mysqli_result, bool given in C:\\Apache24\\htdocs\\search.php on line 94, referer: http://localhost/com_list.php
[Sun Jun 09 01:09:21.773753 2019] [php7:warn] [pid 6584:tid 1120] [client ::1:12972] PHP Warning:  mysqli_fetch_array() expects parameter 1 to be mysqli_result, bool given in C:\\Apache24\\htdocs\\search.php on line 94, referer: http://localhost/com_list.php
[Sun Jun 09 01:09:24.225305 2019] [php7:warn] [pid 6584:tid 1120] [client ::1:12972] PHP Warning:  mysqli_fetch_array() expects parameter 1 to be mysqli_result, bool given in C:\\Apache24\\htdocs\\search.php on line 94, referer: http://localhost/com_list.php
[Sun Jun 09 01:10:22.550439 2019] [php7:warn] [pid 6584:tid 1112] [client ::1:13045] PHP Warning:  mysqli_fetch_array() expects parameter 1 to be mysqli_result, bool given in C:\\Apache24\\htdocs\\search.php on line 94, referer: http://localhost/com_list.php
[Sun Jun 09 01:10:25.850183 2019] [php7:warn] [pid 6584:tid 1112] [client ::1:13045] PHP Warning:  mysqli_fetch_array() expects parameter 1 to be mysqli_result, bool given in C:\\Apache24\\htdocs\\search.php on line 94, referer: http://localhost/com_list.php
[Sun Jun 09 20:09:39.041179 2019] [php7:warn] [pid 6584:tid 1120] [client ::1:42540] PHP Warning:  mysqli_fetch_array() expects parameter 1 to be mysqli_result, bool given in C:\\Apache24\\htdocs\\main.php on line 70, referer: http://localhost/login.php
[Sun Jun 09 20:10:58.551179 2019] [php7:warn] [pid 6584:tid 1112] [client ::1:42653] PHP Warning:  mysqli_fetch_array() expects parameter 1 to be mysqli_result, bool given in C:\\Apache24\\htdocs\\main.php on line 73, referer: http://localhost/login.php
[Sun Jun 09 20:12:15.471548 2019] [php7:warn] [pid 6584:tid 1120] [client ::1:42742] PHP Warning:  mysqli_fetch_array() expects parameter 1 to be mysqli_result, bool given in C:\\Apache24\\htdocs\\main.php on line 73, referer: http://localhost/login.php
[Sun Jun 09 20:12:40.477568 2019] [php7:warn] [pid 6584:tid 1112] [client ::1:42743] PHP Warning:  mysqli_fetch_array() expects parameter 1 to be mysqli_result, bool given in C:\\Apache24\\htdocs\\main.php on line 73, referer: http://localhost/favorite_com.php
[Sun Jun 09 20:12:43.330104 2019] [php7:warn] [pid 6584:tid 1112] [client ::1:42743] PHP Warning:  mysqli_fetch_array() expects parameter 1 to be mysqli_result, bool given in C:\\Apache24\\htdocs\\main.php on line 73, referer: http://localhost/favorite_com.php
[Sun Jun 09 20:13:03.312384 2019] [php7:warn] [pid 6584:tid 1120] [client ::1:42818] PHP Warning:  mysqli_fetch_array() expects parameter 1 to be mysqli_result, bool given in C:\\Apache24\\htdocs\\main.php on line 73, referer: http://localhost/favorite_com.php
[Sun Jun 09 20:18:45.105254 2019] [php7:warn] [pid 6584:tid 1112] [client ::1:43428] PHP Warning:  mysqli_fetch_array() expects parameter 1 to be mysqli_result, bool given in C:\\Apache24\\htdocs\\main.php on line 77, referer: http://localhost/favorite_com.php
[Sun Jun 09 20:19:14.478301 2019] [php7:warn] [pid 6584:tid 1120] [client ::1:43460] PHP Warning:  mysqli_fetch_array() expects parameter 1 to be mysqli_result, bool given in C:\\Apache24\\htdocs\\main.php on line 77, referer: http://localhost/favorite_com.php
[Sun Jun 09 20:19:50.211268 2019] [php7:warn] [pid 6584:tid 1112] [client ::1:43503] PHP Warning:  mysqli_fetch_array() expects parameter 1 to be mysqli_result, bool given in C:\\Apache24\\htdocs\\main.php on line 77, referer: http://localhost/favorite_com.php
[Sun Jun 09 20:34:59.518087 2019] [php7:warn] [pid 6584:tid 1120] [client ::1:44709] PHP Warning:  mysqli_fetch_array() expects parameter 1 to be mysqli_result, bool given in C:\\Apache24\\htdocs\\main.php on line 78, referer: http://localhost/favorite_com.php
[Sun Jun 09 20:35:11.985261 2019] [php7:warn] [pid 6584:tid 1120] [client ::1:44722] PHP Warning:  mysqli_fetch_array() expects parameter 1 to be mysqli_result, bool given in C:\\Apache24\\htdocs\\main.php on line 78, referer: http://localhost/login.php
[Sun Jun 09 20:36:19.639916 2019] [php7:warn] [pid 6584:tid 1112] [client ::1:44824] PHP Warning:  mysqli_fetch_array() expects parameter 1 to be mysqli_result, bool given in C:\\Apache24\\htdocs\\main.php on line 80, referer: http://localhost/login.php
[Sun Jun 09 20:36:55.148153 2019] [php7:warn] [pid 6584:tid 1120] [client ::1:44863] PHP Warning:  mysqli_fetch_array() expects parameter 1 to be mysqli_result, bool given in C:\\Apache24\\htdocs\\main.php on line 80, referer: http://localhost/login.php
[Sun Jun 09 20:40:40.722980 2019] [php7:warn] [pid 6584:tid 1112] [client ::1:45123] PHP Warning:  mysqli_fetch_array() expects parameter 1 to be mysqli_result, bool given in C:\\Apache24\\htdocs\\main.php on line 80, referer: http://localhost/login.php
[Sun Jun 09 21:54:45.523990 2019] [php7:crit] [pid 6584:tid 1120] [client ::1:52835] PHP Parse error:  syntax error, unexpected '$result2' (T_VARIABLE) in C:\\Apache24\\htdocs\\check_com.php on line 14, referer: http://localhost/favorite_com.php
[Sun Jun 09 21:54:58.839025 2019] [php7:crit] [pid 6584:tid 1120] [client ::1:52871] PHP Parse error:  syntax error, unexpected '$result2' (T_VARIABLE) in C:\\Apache24\\htdocs\\check_com.php on line 14, referer: http://localhost/favorite_com.php
[Sun Jun 09 21:55:04.578927 2019] [php7:crit] [pid 6584:tid 1112] [client ::1:52894] PHP Parse error:  syntax error, unexpected '$result2' (T_VARIABLE) in C:\\Apache24\\htdocs\\check_com.php on line 14, referer: http://localhost/favorite_com.php
[Sun Jun 09 21:59:23.301921 2019] [php7:crit] [pid 6584:tid 1120] [client ::1:53561] PHP Parse error:  syntax error, unexpected '$result2' (T_VARIABLE) in C:\\Apache24\\htdocs\\check_com.php on line 14, referer: http://localhost/favorite_com.php
[Sun Jun 09 21:59:45.483604 2019] [php7:crit] [pid 6584:tid 1112] [client ::1:53603] PHP Parse error:  syntax error, unexpected '$result' (T_VARIABLE) in C:\\Apache24\\htdocs\\check_com.php on line 14, referer: http://localhost/favorite_com.php
[Sun Jun 09 22:00:28.744857 2019] [php7:crit] [pid 6584:tid 1120] [client ::1:53687] PHP Parse error:  syntax error, unexpected '$result' (T_VARIABLE) in C:\\Apache24\\htdocs\\check_com.php on line 14, referer: http://localhost/favorite_com.php
[Sun Jun 09 22:00:39.381191 2019] [php7:crit] [pid 6584:tid 1112] [client ::1:53715] PHP Parse error:  syntax error, unexpected '$result' (T_VARIABLE) in C:\\Apache24\\htdocs\\check_com.php on line 14, referer: http://localhost/favorite_com.php
[Sun Jun 09 22:00:46.045559 2019] [php7:crit] [pid 6584:tid 1120] [client ::1:53716] PHP Parse error:  syntax error, unexpected '$result' (T_VARIABLE) in C:\\Apache24\\htdocs\\check_com.php on line 14, referer: http://localhost/favorite_com.php
[Sun Jun 09 22:01:27.719127 2019] [php7:crit] [pid 6584:tid 1112] [client ::1:53823] PHP Parse error:  syntax error, unexpected '$result' (T_VARIABLE) in C:\\Apache24\\htdocs\\check_com.php on line 15, referer: http://localhost/favorite_com.php
[Sun Jun 09 22:01:30.549397 2019] [php7:crit] [pid 6584:tid 1112] [client ::1:53823] PHP Parse error:  syntax error, unexpected '$result' (T_VARIABLE) in C:\\Apache24\\htdocs\\check_com.php on line 15, referer: http://localhost/favorite_com.php
[Sun Jun 09 22:01:35.475588 2019] [php7:crit] [pid 6584:tid 1112] [client ::1:53823] PHP Parse error:  syntax error, unexpected '$result' (T_VARIABLE) in C:\\Apache24\\htdocs\\check_com.php on line 15, referer: http://localhost/favorite_com.php
[Sun Jun 09 22:02:07.252970 2019] [php7:crit] [pid 6584:tid 1120] [client ::1:53898] PHP Parse error:  syntax error, unexpected '}', expecting end of file in C:\\Apache24\\htdocs\\check_com.php on line 25, referer: http://localhost/favorite_com.php
[Sun Jun 09 22:50:04.378950 2019] [php7:error] [pid 6584:tid 1120] [client ::1:59497] PHP Recoverable fatal error:  Object of class mysqli_result could not be converted to string in C:\\Apache24\\htdocs\\main.php on line 10, referer: http://localhost/login.php
[Sun Jun 09 22:50:14.961562 2019] [php7:error] [pid 6584:tid 1112] [client ::1:59498] PHP Recoverable fatal error:  Object of class mysqli_result could not be converted to string in C:\\Apache24\\htdocs\\main.php on line 10, referer: http://localhost/login.php
[Sun Jun 09 22:52:06.444701 2019] [php7:warn] [pid 6584:tid 1112] [client ::1:59752] PHP Warning:  mysqli_num_rows() expects parameter 1 to be mysqli_result, array given in C:\\Apache24\\htdocs\\main.php on line 8, referer: http://localhost/login.php
[Sun Jun 09 23:13:20.356640 2019] [php7:error] [pid 6584:tid 1120] [client ::1:62242] PHP Fatal error:  Uncaught Error: Call to undefined function datediff() in C:\\Apache24\\htdocs\\main.php:11\nStack trace:\n#0 {main}\n  thrown in C:\\Apache24\\htdocs\\main.php on line 11, referer: http://localhost/login.php
[Sun Jun 09 23:13:22.170047 2019] [php7:error] [pid 6584:tid 1120] [client ::1:62242] PHP Fatal error:  Uncaught Error: Call to undefined function datediff() in C:\\Apache24\\htdocs\\main.php:11\nStack trace:\n#0 {main}\n  thrown in C:\\Apache24\\htdocs\\main.php on line 11, referer: http://localhost/login.php
[Sun Jun 09 23:27:48.112307 2019] [php7:warn] [pid 6584:tid 1112] [client ::1:63904] PHP Warning:  date_diff() expects at least 2 parameters, 1 given in C:\\Apache24\\htdocs\\main.php on line 9, referer: http://localhost/login.php
[Sun Jun 09 23:29:22.465800 2019] [php7:warn] [pid 6584:tid 1120] [client ::1:64083] PHP Warning:  date_diff() expects at least 2 parameters, 1 given in C:\\Apache24\\htdocs\\main.php on line 9, referer: http://localhost/login.php
[Sun Jun 09 23:30:00.205299 2019] [php7:warn] [pid 6584:tid 1112] [client ::1:64154] PHP Warning:  date_diff() expects at least 2 parameters, 1 given in C:\\Apache24\\htdocs\\main.php on line 9, referer: http://localhost/login.php
[Sun Jun 09 23:32:15.698788 2019] [php7:warn] [pid 6584:tid 1120] [client ::1:64421] PHP Warning:  date_diff() expects at least 2 parameters, 1 given in C:\\Apache24\\htdocs\\main.php on line 9, referer: http://localhost/login.php
[Sun Jun 09 23:44:17.973261 2019] [php7:warn] [pid 6584:tid 1112] [client ::1:1327] PHP Warning:  date_diff() expects at least 2 parameters, 1 given in C:\\Apache24\\htdocs\\main.php on line 10, referer: http://localhost/login.php
[Sun Jun 09 23:44:17.976262 2019] [php7:warn] [pid 6584:tid 1112] [client ::1:1327] PHP Warning:  date_diff() expects parameter 1 to be DateTimeInterface, string given in C:\\Apache24\\htdocs\\main.php on line 138, referer: http://localhost/login.php
[Sun Jun 09 23:44:17.976262 2019] [php7:warn] [pid 6584:tid 1112] [client ::1:1327] PHP Warning:  date_diff() expects parameter 1 to be DateTimeInterface, string given in C:\\Apache24\\htdocs\\main.php on line 139, referer: http://localhost/login.php
[Sun Jun 09 23:50:47.952677 2019] [php7:warn] [pid 6584:tid 1120] [client ::1:2162] PHP Warning:  date() expects parameter 2 to be int, string given in C:\\Apache24\\htdocs\\main.php on line 10, referer: http://localhost/login.php
[Sun Jun 09 23:50:47.952677 2019] [php7:warn] [pid 6584:tid 1120] [client ::1:2162] PHP Warning:  date() expects parameter 2 to be int, string given in C:\\Apache24\\htdocs\\main.php on line 11, referer: http://localhost/login.php
[Sun Jun 09 23:50:47.952677 2019] [php7:warn] [pid 6584:tid 1120] [client ::1:2162] PHP Warning:  date_diff() expects parameter 1 to be DateTimeInterface, string given in C:\\Apache24\\htdocs\\main.php on line 13, referer: http://localhost/login.php
[Sun Jun 09 23:50:47.952677 2019] [php7:warn] [pid 6584:tid 1120] [client ::1:2162] PHP Warning:  date_diff() expects parameter 1 to be DateTimeInterface, string given in C:\\Apache24\\htdocs\\main.php on line 14, referer: http://localhost/login.php
[Sun Jun 09 23:54:45.567583 2019] [php7:warn] [pid 6584:tid 1112] [client ::1:2778] PHP Warning:  date_diff() expects parameter 1 to be DateTimeInterface, string given in C:\\Apache24\\htdocs\\main.php on line 13, referer: http://localhost/login.php
[Sun Jun 09 23:54:45.567583 2019] [php7:warn] [pid 6584:tid 1112] [client ::1:2778] PHP Warning:  date_diff() expects parameter 1 to be DateTimeInterface, string given in C:\\Apache24\\htdocs\\main.php on line 14, referer: http://localhost/login.php
[Sun Jun 09 23:59:38.324443 2019] [php7:error] [pid 6584:tid 1120] [client ::1:3373] PHP Fatal error:  Uncaught Error: Call to undefined function interval() in C:\\Apache24\\htdocs\\main.php:13\nStack trace:\n#0 {main}\n  thrown in C:\\Apache24\\htdocs\\main.php on line 13, referer: http://localhost/login.php
[Mon Jun 10 00:02:33.639946 2019] [php7:crit] [pid 6584:tid 1120] [client ::1:3733] PHP Parse error:  syntax error, unexpected ')' in C:\\Apache24\\htdocs\\main.php on line 12, referer: http://localhost/login.php
[Mon Jun 10 00:05:55.009406 2019] [php7:crit] [pid 6584:tid 1112] [client ::1:4112] PHP Parse error:  syntax error, unexpected '?>' in C:\\Apache24\\htdocs\\main.php on line 136, referer: http://localhost/login.php
[Mon Jun 10 00:09:02.164563 2019] [php7:error] [pid 6584:tid 1120] [client ::1:4480] PHP Fatal error:  Uncaught Error: Call to undefined function Dateinterval() in C:\\Apache24\\htdocs\\main.php:135\nStack trace:\n#0 {main}\n  thrown in C:\\Apache24\\htdocs\\main.php on line 135, referer: http://localhost/login.php
[Mon Jun 10 00:09:25.001685 2019] [php7:error] [pid 6584:tid 1112] [client ::1:4527] PHP Fatal error:  Uncaught Error: Call to undefined function interval() in C:\\Apache24\\htdocs\\main.php:135\nStack trace:\n#0 {main}\n  thrown in C:\\Apache24\\htdocs\\main.php on line 135, referer: http://localhost/login.php
[Mon Jun 10 00:52:10.299623 2019] [php7:warn] [pid 6584:tid 1120] [client ::1:9772] PHP Warning:  mysqli_fetch_array() expects parameter 1 to be mysqli_result, bool given in C:\\Apache24\\htdocs\\check_com.php on line 16, referer: http://localhost/favorite_com.php
[Mon Jun 10 00:52:17.387220 2019] [php7:warn] [pid 6584:tid 1112] [client ::1:9774] PHP Warning:  mysqli_fetch_array() expects parameter 1 to be mysqli_result, bool given in C:\\Apache24\\htdocs\\check_com.php on line 16, referer: http://localhost/favorite_com.php
[Mon Jun 10 00:53:08.502491 2019] [php7:warn] [pid 6584:tid 1120] [client ::1:9968] PHP Warning:  mysqli_fetch_array() expects parameter 1 to be mysqli_result, bool given in C:\\Apache24\\htdocs\\check_com.php on line 16, referer: http://localhost/favorite_com.php
[Mon Jun 10 00:53:16.245236 2019] [php7:warn] [pid 6584:tid 1120] [client ::1:9968] PHP Warning:  mysqli_fetch_array() expects parameter 1 to be mysqli_result, bool given in C:\\Apache24\\htdocs\\check_com.php on line 16, referer: http://localhost/favorite_com.php
[Mon Jun 10 01:57:29.523079 2019] [php7:crit] [pid 6584:tid 1120] [client ::1:17692] PHP Parse error:  syntax error, unexpected ''\xec\x9d\xbc \xed\x9b\x84'' (T_CONSTANT_ENCAPSED_STRING), expecting ',' or ';' in C:\\Apache24\\htdocs\\main.php on line 136, referer: http://localhost/favorite_com.php
[Mon Jun 10 01:58:56.102705 2019] [php7:crit] [pid 6584:tid 1112] [client ::1:17851] PHP Parse error:  syntax error, unexpected '' (T_ENCAPSED_AND_WHITESPACE), expecting '-' or identifier (T_STRING) or variable (T_VARIABLE) or number (T_NUM_STRING) in C:\\Apache24\\htdocs\\main.php on line 136, referer: http://localhost/favorite_com.php
[Tue Jun 11 21:37:56.730372 2019] [php7:crit] [pid 6584:tid 1112] [client ::1:16445] PHP Parse error:  syntax error, unexpected '<', expecting end of file in C:\\Apache24\\htdocs\\update_resume.php on line 76, referer: http://localhost/resume.php
[Tue Jun 11 21:38:16.960866 2019] [php7:warn] [pid 6584:tid 1120] [client ::1:16485] PHP Warning:  Invalid argument supplied for foreach() in C:\\Apache24\\htdocs\\update_resume.php on line 43, referer: http://localhost/resume.php
[Tue Jun 11 23:15:00.138369 2019] [php7:warn] [pid 6584:tid 1112] [client ::1:28000] PHP Warning:  Invalid argument supplied for foreach() in C:\\Apache24\\htdocs\\update_resume.php on line 43, referer: http://localhost/resume.php
[Tue Jun 11 23:15:01.503677 2019] [php7:crit] [pid 6584:tid 1112] [client ::1:28000] PHP Parse error:  syntax error, unexpected ';' in C:\\Apache24\\htdocs\\resume.php on line 168, referer: http://localhost/update_resume.php
[Tue Jun 11 23:38:29.018877 2019] [php7:crit] [pid 6584:tid 1120] [client ::1:30663] PHP Parse error:  syntax error, unexpected '}', expecting end of file in C:\\Apache24\\htdocs\\resume.php on line 185, referer: http://localhost/update_resume.php
[Tue Jun 11 23:38:54.379590 2019] [php7:crit] [pid 6584:tid 1112] [client ::1:30711] PHP Parse error:  syntax error, unexpected '}', expecting end of file in C:\\Apache24\\htdocs\\resume.php on line 187, referer: http://localhost/update_resume.php
[Tue Jun 11 23:43:34.838362 2019] [php7:warn] [pid 6584:tid 1120] [client ::1:31268] PHP Warning:  Invalid argument supplied for foreach() in C:\\Apache24\\htdocs\\update_resume.php on line 43, referer: http://localhost/resume.php
[Tue Jun 11 23:50:03.843512 2019] [php7:warn] [pid 6584:tid 1120] [client ::1:32013] PHP Warning:  Invalid argument supplied for foreach() in C:\\Apache24\\htdocs\\update_resume.php on line 43, referer: http://localhost/resume.php
[Tue Jun 11 23:50:08.181488 2019] [php7:warn] [pid 6584:tid 1120] [client ::1:32013] PHP Warning:  Invalid argument supplied for foreach() in C:\\Apache24\\htdocs\\update_resume.php on line 43, referer: http://localhost/resume.php
[Tue Jun 11 23:50:25.753445 2019] [php7:warn] [pid 6584:tid 1112] [client ::1:32062] PHP Warning:  Invalid argument supplied for foreach() in C:\\Apache24\\htdocs\\update_resume.php on line 43, referer: http://localhost/resume.php
[Wed Jun 12 01:00:32.910356 2019] [php7:warn] [pid 6584:tid 1112] [client ::1:40243] PHP Warning:  mysqli_fetch_array() expects parameter 1 to be mysqli_result, bool given in C:\\Apache24\\htdocs\\resume.php on line 186, referer: http://localhost/main.php
[Wed Jun 12 01:00:45.851572 2019] [php7:warn] [pid 6584:tid 1120] [client ::1:40270] PHP Warning:  mysqli_fetch_array() expects parameter 1 to be mysqli_result, bool given in C:\\Apache24\\htdocs\\resume.php on line 186, referer: http://localhost/main.php
[Wed Jun 12 01:09:11.058585 2019] [php7:crit] [pid 6584:tid 1112] [client ::1:20792] PHP Parse error:  syntax error, unexpected ']', expecting '-' or identifier (T_STRING) or variable (T_VARIABLE) or number (T_NUM_STRING) in C:\\Apache24\\htdocs\\resume.php on line 197, referer: http://localhost/main.php
[Wed Jun 12 01:09:58.887251 2019] [php7:warn] [pid 6584:tid 1112] [client ::1:20888] PHP Warning:  Invalid argument supplied for foreach() in C:\\Apache24\\htdocs\\update_resume.php on line 43, referer: http://localhost/resume.php
[Wed Jun 12 01:10:14.347912 2019] [php7:warn] [pid 6584:tid 1120] [client ::1:20925] PHP Warning:  Invalid argument supplied for foreach() in C:\\Apache24\\htdocs\\update_resume.php on line 43, referer: http://localhost/resume.php
[Wed Jun 12 01:15:38.769352 2019] [php7:warn] [pid 6584:tid 1120] [client ::1:21520] PHP Warning:  Invalid argument supplied for foreach() in C:\\Apache24\\htdocs\\update_resume.php on line 43, referer: http://localhost/resume.php
[Wed Jun 12 01:15:51.043508 2019] [php7:warn] [pid 6584:tid 1112] [client ::1:21562] PHP Warning:  Invalid argument supplied for foreach() in C:\\Apache24\\htdocs\\update_resume.php on line 43, referer: http://localhost/resume.php
[Wed Jun 12 01:17:03.636637 2019] [php7:warn] [pid 6584:tid 1120] [client ::1:21702] PHP Warning:  count(): Parameter must be an array or an object that implements Countable in C:\\Apache24\\htdocs\\update_resume.php on line 27
[Wed Jun 12 01:17:03.637638 2019] [php7:warn] [pid 6584:tid 1120] [client ::1:21702] PHP Warning:  count(): Parameter must be an array or an object that implements Countable in C:\\Apache24\\htdocs\\update_resume.php on line 36
[Wed Jun 12 01:17:03.637638 2019] [php7:warn] [pid 6584:tid 1120] [client ::1:21702] PHP Warning:  Invalid argument supplied for foreach() in C:\\Apache24\\htdocs\\update_resume.php on line 43
[Wed Jun 12 01:17:03.637638 2019] [php7:warn] [pid 6584:tid 1120] [client ::1:21702] PHP Warning:  count(): Parameter must be an array or an object that implements Countable in C:\\Apache24\\htdocs\\update_resume.php on line 70
[Wed Jun 12 01:17:03.637638 2019] [php7:warn] [pid 6584:tid 1120] [client ::1:21702] PHP Warning:  count(): Parameter must be an array or an object that implements Countable in C:\\Apache24\\htdocs\\update_resume.php on line 81
[Wed Jun 12 01:17:03.637638 2019] [php7:warn] [pid 6584:tid 1120] [client ::1:21702] PHP Warning:  Invalid argument supplied for foreach() in C:\\Apache24\\htdocs\\update_resume.php on line 120
[Wed Jun 12 01:17:03.638638 2019] [php7:warn] [pid 6584:tid 1120] [client ::1:21702] PHP Warning:  mysqli_fetch_array() expects parameter 1 to be mysqli_result, bool given in C:\\Apache24\\htdocs\\update_resume.php on line 200
[Wed Jun 12 01:17:36.043238 2019] [php7:warn] [pid 6584:tid 1112] [client ::1:21775] PHP Warning:  Invalid argument supplied for foreach() in C:\\Apache24\\htdocs\\update_resume.php on line 43, referer: http://localhost/resume.php
[Wed Jun 12 01:17:36.044235 2019] [php7:warn] [pid 6584:tid 1112] [client ::1:21775] PHP Warning:  Invalid argument supplied for foreach() in C:\\Apache24\\htdocs\\update_resume.php on line 120, referer: http://localhost/resume.php
[Wed Jun 12 01:17:36.045236 2019] [php7:warn] [pid 6584:tid 1112] [client ::1:21775] PHP Warning:  mysqli_fetch_array() expects parameter 1 to be mysqli_result, bool given in C:\\Apache24\\htdocs\\update_resume.php on line 200, referer: http://localhost/resume.php
[Wed Jun 12 01:17:59.488118 2019] [php7:warn] [pid 6584:tid 1120] [client ::1:21824] PHP Warning:  count(): Parameter must be an array or an object that implements Countable in C:\\Apache24\\htdocs\\update_resume.php on line 27
[Wed Jun 12 01:17:59.488118 2019] [php7:warn] [pid 6584:tid 1120] [client ::1:21824] PHP Warning:  count(): Parameter must be an array or an object that implements Countable in C:\\Apache24\\htdocs\\update_resume.php on line 36
[Wed Jun 12 01:17:59.488118 2019] [php7:warn] [pid 6584:tid 1120] [client ::1:21824] PHP Warning:  Invalid argument supplied for foreach() in C:\\Apache24\\htdocs\\update_resume.php on line 43
[Wed Jun 12 01:17:59.488118 2019] [php7:warn] [pid 6584:tid 1120] [client ::1:21824] PHP Warning:  count(): Parameter must be an array or an object that implements Countable in C:\\Apache24\\htdocs\\update_resume.php on line 70
[Wed Jun 12 01:17:59.489121 2019] [php7:warn] [pid 6584:tid 1120] [client ::1:21824] PHP Warning:  count(): Parameter must be an array or an object that implements Countable in C:\\Apache24\\htdocs\\update_resume.php on line 81
[Wed Jun 12 01:17:59.489121 2019] [php7:warn] [pid 6584:tid 1120] [client ::1:21824] PHP Warning:  Invalid argument supplied for foreach() in C:\\Apache24\\htdocs\\update_resume.php on line 120
[Wed Jun 12 01:17:59.491119 2019] [php7:warn] [pid 6584:tid 1120] [client ::1:21824] PHP Warning:  mysqli_fetch_array() expects parameter 1 to be mysqli_result, bool given in C:\\Apache24\\htdocs\\update_resume.php on line 200
[Wed Jun 12 01:18:41.168727 2019] [php7:warn] [pid 6584:tid 1112] [client ::1:21907] PHP Warning:  count(): Parameter must be an array or an object that implements Countable in C:\\Apache24\\htdocs\\update_resume.php on line 27
[Wed Jun 12 01:18:41.169728 2019] [php7:warn] [pid 6584:tid 1112] [client ::1:21907] PHP Warning:  count(): Parameter must be an array or an object that implements Countable in C:\\Apache24\\htdocs\\update_resume.php on line 36
[Wed Jun 12 01:18:41.169728 2019] [php7:warn] [pid 6584:tid 1112] [client ::1:21907] PHP Warning:  Invalid argument supplied for foreach() in C:\\Apache24\\htdocs\\update_resume.php on line 43
[Wed Jun 12 01:18:41.169728 2019] [php7:warn] [pid 6584:tid 1112] [client ::1:21907] PHP Warning:  count(): Parameter must be an array or an object that implements Countable in C:\\Apache24\\htdocs\\update_resume.php on line 70
[Wed Jun 12 01:18:41.169728 2019] [php7:warn] [pid 6584:tid 1112] [client ::1:21907] PHP Warning:  count(): Parameter must be an array or an object that implements Countable in C:\\Apache24\\htdocs\\update_resume.php on line 81
[Wed Jun 12 01:18:41.169728 2019] [php7:warn] [pid 6584:tid 1112] [client ::1:21907] PHP Warning:  Invalid argument supplied for foreach() in C:\\Apache24\\htdocs\\update_resume.php on line 120
[Wed Jun 12 01:18:41.170728 2019] [php7:warn] [pid 6584:tid 1112] [client ::1:21907] PHP Warning:  mysqli_fetch_array() expects parameter 1 to be mysqli_result, bool given in C:\\Apache24\\htdocs\\update_resume.php on line 200
[Wed Jun 12 01:19:14.661664 2019] [php7:warn] [pid 6584:tid 1120] [client ::1:21973] PHP Warning:  count(): Parameter must be an array or an object that implements Countable in C:\\Apache24\\htdocs\\update_resume.php on line 27
[Wed Jun 12 01:19:14.661664 2019] [php7:warn] [pid 6584:tid 1120] [client ::1:21973] PHP Warning:  count(): Parameter must be an array or an object that implements Countable in C:\\Apache24\\htdocs\\update_resume.php on line 36
[Wed Jun 12 01:19:14.661664 2019] [php7:warn] [pid 6584:tid 1120] [client ::1:21973] PHP Warning:  Invalid argument supplied for foreach() in C:\\Apache24\\htdocs\\update_resume.php on line 43
[Wed Jun 12 01:19:14.661664 2019] [php7:warn] [pid 6584:tid 1120] [client ::1:21973] PHP Warning:  count(): Parameter must be an array or an object that implements Countable in C:\\Apache24\\htdocs\\update_resume.php on line 69
[Wed Jun 12 01:19:14.661664 2019] [php7:warn] [pid 6584:tid 1120] [client ::1:21973] PHP Warning:  count(): Parameter must be an array or an object that implements Countable in C:\\Apache24\\htdocs\\update_resume.php on line 80
[Wed Jun 12 01:19:14.661664 2019] [php7:warn] [pid 6584:tid 1120] [client ::1:21973] PHP Warning:  Invalid argument supplied for foreach() in C:\\Apache24\\htdocs\\update_resume.php on line 116
[Wed Jun 12 01:19:14.662664 2019] [php7:warn] [pid 6584:tid 1120] [client ::1:21973] PHP Warning:  mysqli_fetch_array() expects parameter 1 to be mysqli_result, bool given in C:\\Apache24\\htdocs\\update_resume.php on line 196
[Wed Jun 12 01:20:17.635954 2019] [php7:warn] [pid 6584:tid 1112] [client ::1:22100] PHP Warning:  count(): Parameter must be an array or an object that implements Countable in C:\\Apache24\\htdocs\\update_resume.php on line 27
[Wed Jun 12 01:20:17.635954 2019] [php7:warn] [pid 6584:tid 1112] [client ::1:22100] PHP Warning:  count(): Parameter must be an array or an object that implements Countable in C:\\Apache24\\htdocs\\update_resume.php on line 36
[Wed Jun 12 01:20:17.635954 2019] [php7:warn] [pid 6584:tid 1112] [client ::1:22100] PHP Warning:  Invalid argument supplied for foreach() in C:\\Apache24\\htdocs\\update_resume.php on line 43
[Wed Jun 12 01:20:17.635954 2019] [php7:warn] [pid 6584:tid 1112] [client ::1:22100] PHP Warning:  count(): Parameter must be an array or an object that implements Countable in C:\\Apache24\\htdocs\\update_resume.php on line 69
[Wed Jun 12 01:20:17.635954 2019] [php7:warn] [pid 6584:tid 1112] [client ::1:22100] PHP Warning:  count(): Parameter must be an array or an object that implements Countable in C:\\Apache24\\htdocs\\update_resume.php on line 81
[Wed Jun 12 01:20:17.636954 2019] [php7:warn] [pid 6584:tid 1112] [client ::1:22100] PHP Warning:  Invalid argument supplied for foreach() in C:\\Apache24\\htdocs\\update_resume.php on line 117
[Wed Jun 12 01:20:17.636954 2019] [php7:warn] [pid 6584:tid 1112] [client ::1:22100] PHP Warning:  mysqli_fetch_array() expects parameter 1 to be mysqli_result, bool given in C:\\Apache24\\htdocs\\update_resume.php on line 197
[Wed Jun 12 01:20:23.708717 2019] [php7:warn] [pid 6584:tid 1120] [client ::1:22101] PHP Warning:  count(): Parameter must be an array or an object that implements Countable in C:\\Apache24\\htdocs\\update_resume.php on line 27
[Wed Jun 12 01:20:23.708717 2019] [php7:warn] [pid 6584:tid 1120] [client ::1:22101] PHP Warning:  count(): Parameter must be an array or an object that implements Countable in C:\\Apache24\\htdocs\\update_resume.php on line 36
[Wed Jun 12 01:20:23.708717 2019] [php7:warn] [pid 6584:tid 1120] [client ::1:22101] PHP Warning:  Invalid argument supplied for foreach() in C:\\Apache24\\htdocs\\update_resume.php on line 43
[Wed Jun 12 01:20:23.708717 2019] [php7:warn] [pid 6584:tid 1120] [client ::1:22101] PHP Warning:  count(): Parameter must be an array or an object that implements Countable in C:\\Apache24\\htdocs\\update_resume.php on line 69
[Wed Jun 12 01:20:23.708717 2019] [php7:warn] [pid 6584:tid 1120] [client ::1:22101] PHP Warning:  count(): Parameter must be an array or an object that implements Countable in C:\\Apache24\\htdocs\\update_resume.php on line 81
[Wed Jun 12 01:20:23.708717 2019] [php7:warn] [pid 6584:tid 1120] [client ::1:22101] PHP Warning:  Invalid argument supplied for foreach() in C:\\Apache24\\htdocs\\update_resume.php on line 117
[Wed Jun 12 01:20:23.709717 2019] [php7:warn] [pid 6584:tid 1120] [client ::1:22101] PHP Warning:  mysqli_fetch_array() expects parameter 1 to be mysqli_result, bool given in C:\\Apache24\\htdocs\\update_resume.php on line 197
[Wed Jun 12 01:20:46.120371 2019] [php7:warn] [pid 6584:tid 1120] [client ::1:22165] PHP Warning:  Invalid argument supplied for foreach() in C:\\Apache24\\htdocs\\update_resume.php on line 43, referer: http://localhost/resume.php
[Wed Jun 12 01:21:50.877386 2019] [php7:warn] [pid 6584:tid 1112] [client ::1:22289] PHP Warning:  Invalid argument supplied for foreach() in C:\\Apache24\\htdocs\\update_resume.php on line 44, referer: http://localhost/resume.php
[Wed Jun 12 01:21:55.941605 2019] [php7:warn] [pid 6584:tid 1120] [client ::1:22290] PHP Warning:  Invalid argument supplied for foreach() in C:\\Apache24\\htdocs\\update_resume.php on line 44, referer: http://localhost/resume.php
[Wed Jun 12 01:22:02.952254 2019] [php7:warn] [pid 6584:tid 1112] [client ::1:22302] PHP Warning:  Invalid argument supplied for foreach() in C:\\Apache24\\htdocs\\update_resume.php on line 44, referer: http://localhost/resume.php
[Wed Jun 12 01:27:24.617425 2019] [php7:warn] [pid 6584:tid 1120] [client ::1:22928] PHP Warning:  Invalid argument supplied for foreach() in C:\\Apache24\\htdocs\\update_resume.php on line 42, referer: http://localhost/resume.php
[Wed Jun 12 01:28:10.675943 2019] [php7:warn] [pid 6584:tid 1112] [client ::1:23019] PHP Warning:  Invalid argument supplied for foreach() in C:\\Apache24\\htdocs\\update_resume.php on line 42, referer: http://localhost/resume.php
[Wed Jun 12 01:28:25.301387 2019] [php7:warn] [pid 6584:tid 1120] [client ::1:23055] PHP Warning:  Invalid argument supplied for foreach() in C:\\Apache24\\htdocs\\update_resume.php on line 42, referer: http://localhost/resume.php
[Wed Jun 12 01:29:11.797287 2019] [php7:warn] [pid 6584:tid 1112] [client ::1:23139] PHP Warning:  Invalid argument supplied for foreach() in C:\\Apache24\\htdocs\\update_resume.php on line 42, referer: http://localhost/resume.php
[Wed Jun 12 01:29:45.350473 2019] [php7:warn] [pid 6584:tid 1120] [client ::1:23203] PHP Warning:  Invalid argument supplied for foreach() in C:\\Apache24\\htdocs\\update_resume.php on line 42, referer: http://localhost/resume.php
[Wed Jun 12 01:29:48.938566 2019] [php7:warn] [pid 6584:tid 1120] [client ::1:23203] PHP Warning:  Invalid argument supplied for foreach() in C:\\Apache24\\htdocs\\update_resume.php on line 42, referer: http://localhost/resume.php
[Wed Jun 12 01:29:52.626537 2019] [php7:warn] [pid 6584:tid 1120] [client ::1:23203] PHP Warning:  Invalid argument supplied for foreach() in C:\\Apache24\\htdocs\\update_resume.php on line 42, referer: http://localhost/resume.php
[Wed Jun 12 01:33:31.996115 2019] [php7:warn] [pid 6584:tid 1112] [client ::1:23639] PHP Warning:  mysqli_fetch_array() expects parameter 1 to be mysqli_result, bool given in C:\\Apache24\\htdocs\\resume.php on line 185, referer: http://localhost/main.php
[Wed Jun 12 01:34:02.371231 2019] [php7:warn] [pid 6584:tid 1112] [client ::1:23687] PHP Warning:  Invalid argument supplied for foreach() in C:\\Apache24\\htdocs\\update_resume.php on line 42, referer: http://localhost/resume.php
[Wed Jun 12 01:34:02.371231 2019] [php7:warn] [pid 6584:tid 1112] [client ::1:23687] PHP Warning:  count(): Parameter must be an array or an object that implements Countable in C:\\Apache24\\htdocs\\update_resume.php on line 79, referer: http://localhost/resume.php
[Wed Jun 12 01:34:31.885755 2019] [php7:warn] [pid 6584:tid 1120] [client ::1:23759] PHP Warning:  Invalid argument supplied for foreach() in C:\\Apache24\\htdocs\\update_resume.php on line 42, referer: http://localhost/resume.php
[Wed Jun 12 01:34:40.629908 2019] [php7:warn] [pid 6584:tid 1112] [client ::1:23760] PHP Warning:  Invalid argument supplied for foreach() in C:\\Apache24\\htdocs\\update_resume.php on line 42, referer: http://localhost/resume.php
[Wed Jun 12 01:34:45.765523 2019] [php7:warn] [pid 6584:tid 1120] [client ::1:23780] PHP Warning:  Invalid argument supplied for foreach() in C:\\Apache24\\htdocs\\update_resume.php on line 42, referer: http://localhost/resume.php
[Wed Jun 12 01:35:13.430461 2019] [php7:warn] [pid 6584:tid 1120] [client ::1:23834] PHP Warning:  Invalid argument supplied for foreach() in C:\\Apache24\\htdocs\\update_resume.php on line 42, referer: http://localhost/resume.php
[Wed Jun 12 01:35:46.717898 2019] [php7:warn] [pid 6584:tid 1112] [client ::1:23910] PHP Warning:  Invalid argument supplied for foreach() in C:\\Apache24\\htdocs\\update_resume.php on line 42, referer: http://localhost/resume.php
[Wed Jun 12 01:36:28.036906 2019] [php7:warn] [pid 6584:tid 1112] [client ::1:23975] PHP Warning:  Invalid argument supplied for foreach() in C:\\Apache24\\htdocs\\update_resume.php on line 42, referer: http://localhost/resume.php
[Wed Jun 12 01:37:43.413495 2019] [php7:warn] [pid 6584:tid 1120] [client ::1:24140] PHP Warning:  Invalid argument supplied for foreach() in C:\\Apache24\\htdocs\\update_resume.php on line 42, referer: http://localhost/resume.php
[Wed Jun 12 01:39:02.338486 2019] [php7:warn] [pid 6584:tid 1112] [client ::1:24299] PHP Warning:  Invalid argument supplied for foreach() in C:\\Apache24\\htdocs\\update_resume.php on line 42, referer: http://localhost/resume.php
[Wed Jun 12 01:39:12.484955 2019] [php7:warn] [pid 6584:tid 1120] [client ::1:24320] PHP Warning:  Invalid argument supplied for foreach() in C:\\Apache24\\htdocs\\update_resume.php on line 42, referer: http://localhost/resume.php
[Wed Jun 12 01:43:55.286216 2019] [php7:warn] [pid 6584:tid 1120] [client ::1:24845] PHP Warning:  Invalid argument supplied for foreach() in C:\\Apache24\\htdocs\\update_resume.php on line 42, referer: http://localhost/resume.php
[Wed Jun 12 01:45:14.944581 2019] [php7:warn] [pid 6584:tid 1112] [client ::1:25008] PHP Warning:  Invalid argument supplied for foreach() in C:\\Apache24\\htdocs\\update_resume.php on line 42, referer: http://localhost/resume.php
[Wed Jun 12 01:46:06.276534 2019] [php7:warn] [pid 6584:tid 1120] [client ::1:25103] PHP Warning:  Invalid argument supplied for foreach() in C:\\Apache24\\htdocs\\update_resume.php on line 42, referer: http://localhost/resume.php
[Wed Jun 12 01:46:09.915999 2019] [php7:warn] [pid 6584:tid 1120] [client ::1:25103] PHP Warning:  Invalid argument supplied for foreach() in C:\\Apache24\\htdocs\\update_resume.php on line 42, referer: http://localhost/resume.php
[Wed Jun 12 01:46:13.995465 2019] [php7:warn] [pid 6584:tid 1120] [client ::1:25103] PHP Warning:  Invalid argument supplied for foreach() in C:\\Apache24\\htdocs\\update_resume.php on line 42, referer: http://localhost/resume.php
[Wed Jun 12 01:46:47.950587 2019] [php7:warn] [pid 6584:tid 1112] [client ::1:25188] PHP Warning:  Invalid argument supplied for foreach() in C:\\Apache24\\htdocs\\update_resume.php on line 42, referer: http://localhost/resume.php
[Wed Jun 12 01:54:33.531572 2019] [php7:warn] [pid 6584:tid 1120] [client ::1:26175] PHP Warning:  Invalid argument supplied for foreach() in C:\\Apache24\\htdocs\\update_resume.php on line 42, referer: http://localhost/resume.php
[Wed Jun 12 01:54:56.116380 2019] [php7:warn] [pid 6584:tid 1112] [client ::1:26248] PHP Warning:  Invalid argument supplied for foreach() in C:\\Apache24\\htdocs\\update_resume.php on line 42, referer: http://localhost/resume.php
[Wed Jun 12 01:56:27.737200 2019] [php7:warn] [pid 6584:tid 1120] [client ::1:26498] PHP Warning:  Invalid argument supplied for foreach() in C:\\Apache24\\htdocs\\update_resume.php on line 42, referer: http://localhost/resume.php
[Wed Jun 12 01:56:36.275042 2019] [php7:warn] [pid 6584:tid 1112] [client ::1:26500] PHP Warning:  Invalid argument supplied for foreach() in C:\\Apache24\\htdocs\\update_resume.php on line 42, referer: http://localhost/resume.php
[Wed Jun 12 01:56:50.193699 2019] [php7:warn] [pid 6584:tid 1120] [client ::1:26563] PHP Warning:  Invalid argument supplied for foreach() in C:\\Apache24\\htdocs\\update_resume.php on line 42, referer: http://localhost/resume.php
[Wed Jun 12 01:57:41.072390 2019] [php7:warn] [pid 6584:tid 1112] [client ::1:26679] PHP Warning:  Invalid argument supplied for foreach() in C:\\Apache24\\htdocs\\update_resume.php on line 42, referer: http://localhost/resume.php
[Wed Jun 12 01:57:47.270148 2019] [php7:warn] [pid 6584:tid 1120] [client ::1:26710] PHP Warning:  Invalid argument supplied for foreach() in C:\\Apache24\\htdocs\\update_resume.php on line 42, referer: http://localhost/resume.php
[Wed Jun 12 01:59:00.214958 2019] [php7:warn] [pid 6584:tid 1112] [client ::1:26879] PHP Warning:  Invalid argument supplied for foreach() in C:\\Apache24\\htdocs\\update_resume.php on line 42, referer: http://localhost/resume.php
[Wed Jun 12 02:02:45.404259 2019] [php7:warn] [pid 6584:tid 1120] [client ::1:27317] PHP Warning:  Invalid argument supplied for foreach() in C:\\Apache24\\htdocs\\update_resume.php on line 42, referer: http://localhost/resume.php
[Wed Jun 12 02:03:21.821902 2019] [php7:warn] [pid 6584:tid 1112] [client ::1:27379] PHP Warning:  Invalid argument supplied for foreach() in C:\\Apache24\\htdocs\\update_resume.php on line 42, referer: http://localhost/resume.php
[Wed Jun 12 02:03:28.030265 2019] [php7:warn] [pid 6584:tid 1120] [client ::1:27407] PHP Warning:  Invalid argument supplied for foreach() in C:\\Apache24\\htdocs\\update_resume.php on line 42, referer: http://localhost/resume.php
[Wed Jun 12 02:04:37.855529 2019] [php7:warn] [pid 6584:tid 1112] [client ::1:27550] PHP Warning:  Invalid argument supplied for foreach() in C:\\Apache24\\htdocs\\update_resume.php on line 42, referer: http://localhost/resume.php
[Wed Jun 12 02:05:25.733171 2019] [php7:warn] [pid 6584:tid 1112] [client ::1:27644] PHP Warning:  Invalid argument supplied for foreach() in C:\\Apache24\\htdocs\\update_resume.php on line 42, referer: http://localhost/resume.php
[Wed Jun 12 02:09:34.850984 2019] [php7:warn] [pid 6584:tid 1112] [client ::1:28124] PHP Warning:  Invalid argument supplied for foreach() in C:\\Apache24\\htdocs\\update_resume.php on line 42, referer: http://localhost/resume.php
[Thu Jun 13 09:17:15.739033 2019] [mpm_winnt:notice] [pid 3596:tid 536] AH00422: Parent: Received shutdown signal -- Shutting down the server.
[Thu Jun 13 09:17:17.753523 2019] [mpm_winnt:notice] [pid 6584:tid 612] AH00364: Child: All worker threads have exited.
[Thu Jun 13 09:17:17.800387 2019] [mpm_winnt:notice] [pid 3596:tid 536] AH00430: Parent: Child process 6584 exited successfully.
[Thu Jun 13 15:23:45.845808 2019] [mpm_winnt:notice] [pid 3512:tid 704] AH00455: Apache/2.4.39 (Win64) PHP/7.3.6 configured -- resuming normal operations
[Thu Jun 13 15:23:45.845808 2019] [mpm_winnt:notice] [pid 3512:tid 704] AH00456: Apache Lounge VC15 Server built: May 29 2019 11:22:50
[Thu Jun 13 15:23:45.845808 2019] [core:notice] [pid 3512:tid 704] AH00094: Command line: 'c:\\Apache24\\bin\\httpd.exe -d C:/Apache24'
[Thu Jun 13 15:23:45.845808 2019] [mpm_winnt:notice] [pid 3512:tid 704] AH00418: Parent: Created child process 6656
[Thu Jun 13 15:23:46.283338 2019] [mpm_winnt:notice] [pid 6656:tid 600] AH00354: Child: Starting 64 worker threads.
[Fri Jun 14 21:26:44.783918 2019] [mpm_winnt:notice] [pid 3512:tid 704] AH00422: Parent: Received shutdown signal -- Shutting down the server.
[Fri Jun 14 21:26:46.816342 2019] [mpm_winnt:notice] [pid 6656:tid 600] AH00364: Child: All worker threads have exited.
[Fri Jun 14 21:26:46.847947 2019] [mpm_winnt:notice] [pid 3512:tid 704] AH00430: Parent: Child process 6656 exited successfully.
[Fri Jun 14 21:32:26.252084 2019] [mpm_winnt:notice] [pid 3292:tid 676] AH00455: Apache/2.4.39 (Win64) PHP/7.3.6 configured -- resuming normal operations
[Fri Jun 14 21:32:26.253085 2019] [mpm_winnt:notice] [pid 3292:tid 676] AH00456: Apache Lounge VC15 Server built: May 29 2019 11:22:50
[Fri Jun 14 21:32:26.253085 2019] [core:notice] [pid 3292:tid 676] AH00094: Command line: 'c:\\Apache24\\bin\\httpd.exe -d C:/Apache24'
[Fri Jun 14 21:32:26.254085 2019] [mpm_winnt:notice] [pid 3292:tid 676] AH00418: Parent: Created child process 7056
[Fri Jun 14 21:32:26.723191 2019] [mpm_winnt:notice] [pid 7056:tid 680] AH00354: Child: Starting 64 worker threads.
[Wed Jun 19 13:19:25.658934 2019] [core:warn] [pid 3460:tid 700] AH00098: pid file C:/Apache24/logs/httpd.pid overwritten -- Unclean shutdown of previous Apache run?
[Wed Jun 19 13:19:25.737064 2019] [mpm_winnt:notice] [pid 3460:tid 700] AH00455: Apache/2.4.39 (Win64) PHP/7.3.6 configured -- resuming normal operations
[Wed Jun 19 13:19:25.737064 2019] [mpm_winnt:notice] [pid 3460:tid 700] AH00456: Apache Lounge VC15 Server built: May 29 2019 11:22:50
[Wed Jun 19 13:19:25.737064 2019] [core:notice] [pid 3460:tid 700] AH00094: Command line: 'c:\\Apache24\\bin\\httpd.exe -d C:/Apache24'
[Wed Jun 19 13:19:25.737064 2019] [mpm_winnt:notice] [pid 3460:tid 700] AH00418: Parent: Created child process 6560
[Wed Jun 19 13:19:26.283976 2019] [mpm_winnt:notice] [pid 6560:tid 652] AH00354: Child: Starting 64 worker threads.
[Sat Jun 22 23:22:03.027945 2019] [core:warn] [pid 3508:tid 700] AH00098: pid file C:/Apache24/logs/httpd.pid overwritten -- Unclean shutdown of previous Apache run?
[Sat Jun 22 23:22:03.106074 2019] [mpm_winnt:notice] [pid 3508:tid 700] AH00455: Apache/2.4.39 (Win64) PHP/7.3.6 configured -- resuming normal operations
[Sat Jun 22 23:22:03.106074 2019] [mpm_winnt:notice] [pid 3508:tid 700] AH00456: Apache Lounge VC15 Server built: May 29 2019 11:22:50
[Sat Jun 22 23:22:03.106074 2019] [core:notice] [pid 3508:tid 700] AH00094: Command line: 'c:\\Apache24\\bin\\httpd.exe -d C:/Apache24'
[Sat Jun 22 23:22:03.106074 2019] [mpm_winnt:notice] [pid 3508:tid 700] AH00418: Parent: Created child process 6284
[Sat Jun 22 23:22:03.715491 2019] [mpm_winnt:notice] [pid 6284:tid 560] AH00354: Child: Starting 64 worker threads.
[Wed Jul 10 23:13:27.241941 2019] [mpm_winnt:notice] [pid 3508:tid 700] AH00422: Parent: Received shutdown signal -- Shutting down the server.
[Wed Jul 10 23:13:29.286019 2019] [mpm_winnt:notice] [pid 6284:tid 560] AH00364: Child: All worker threads have exited.
[Wed Jul 10 23:13:29.332904 2019] [mpm_winnt:notice] [pid 3508:tid 700] AH00430: Parent: Child process 6284 exited successfully.
[Thu Jul 11 20:44:03.578099 2019] [mpm_winnt:notice] [pid 3504:tid 720] AH00455: Apache/2.4.39 (Win64) PHP/7.3.6 configured -- resuming normal operations
[Thu Jul 11 20:44:03.578099 2019] [mpm_winnt:notice] [pid 3504:tid 720] AH00456: Apache Lounge VC15 Server built: May 29 2019 11:22:50
[Thu Jul 11 20:44:03.578099 2019] [core:notice] [pid 3504:tid 720] AH00094: Command line: 'c:\\Apache24\\bin\\httpd.exe -d C:/Apache24'
[Thu Jul 11 20:44:03.578099 2019] [mpm_winnt:notice] [pid 3504:tid 720] AH00418: Parent: Created child process 6712
[Thu Jul 11 20:44:04.109384 2019] [mpm_winnt:notice] [pid 6712:tid 592] AH00354: Child: Starting 64 worker threads.
[Wed Aug 07 11:22:01.866287 2019] [mpm_winnt:notice] [pid 3504:tid 720] AH00422: Parent: Received shutdown signal -- Shutting down the server.
[Wed Aug 07 11:22:03.933302 2019] [mpm_winnt:notice] [pid 6712:tid 592] AH00364: Child: All worker threads have exited.
[Wed Aug 07 11:22:04.120055 2019] [mpm_winnt:notice] [pid 3504:tid 720] AH00430: Parent: Child process 6712 exited successfully.
[Wed Aug 07 11:22:36.304009 2019] [mpm_winnt:notice] [pid 4072:tid 680] AH00455: Apache/2.4.39 (Win64) PHP/7.3.6 configured -- resuming normal operations
[Wed Aug 07 11:22:36.304009 2019] [mpm_winnt:notice] [pid 4072:tid 680] AH00456: Apache Lounge VC15 Server built: May 29 2019 11:22:50
[Wed Aug 07 11:22:36.304009 2019] [core:notice] [pid 4072:tid 680] AH00094: Command line: 'c:\\Apache24\\bin\\httpd.exe -d C:/Apache24'
[Wed Aug 07 11:22:36.304009 2019] [mpm_winnt:notice] [pid 4072:tid 680] AH00418: Parent: Created child process 8124
[Wed Aug 07 11:22:36.913424 2019] [mpm_winnt:notice] [pid 8124:tid 116] AH00354: Child: Starting 64 worker threads.
[Sat Aug 10 10:37:58.920095 2019] [mpm_winnt:notice] [pid 4072:tid 680] AH00422: Parent: Received shutdown signal -- Shutting down the server.
[Sat Aug 10 10:38:00.940429 2019] [mpm_winnt:notice] [pid 8124:tid 116] AH00364: Child: All worker threads have exited.
[Sat Aug 10 10:38:01.018560 2019] [mpm_winnt:notice] [pid 4072:tid 680] AH00430: Parent: Child process 8124 exited successfully.
[Sat Aug 10 10:38:31.035442 2019] [mpm_winnt:notice] [pid 3804:tid 124] AH00455: Apache/2.4.39 (Win64) PHP/7.3.6 configured -- resuming normal operations
[Sat Aug 10 10:38:31.035442 2019] [mpm_winnt:notice] [pid 3804:tid 124] AH00456: Apache Lounge VC15 Server built: May 29 2019 11:22:50
[Sat Aug 10 10:38:31.035442 2019] [core:notice] [pid 3804:tid 124] AH00094: Command line: 'c:\\Apache24\\bin\\httpd.exe -d C:/Apache24'
[Sat Aug 10 10:38:31.037443 2019] [mpm_winnt:notice] [pid 3804:tid 124] AH00418: Parent: Created child process 7424
[Sat Aug 10 10:38:31.647581 2019] [mpm_winnt:notice] [pid 7424:tid 616] AH00354: Child: Starting 64 worker threads.
[Thu Aug 15 17:59:25.258473 2019] [mpm_winnt:notice] [pid 3804:tid 124] AH00422: Parent: Received shutdown signal -- Shutting down the server.
[Thu Aug 15 17:59:27.282071 2019] [mpm_winnt:notice] [pid 7424:tid 616] AH00364: Child: All worker threads have exited.
[Thu Aug 15 17:59:27.313328 2019] [mpm_winnt:notice] [pid 3804:tid 124] AH00430: Parent: Child process 7424 exited successfully.
[Thu Aug 15 19:18:47.873154 2019] [mpm_winnt:notice] [pid 3800:tid 132] AH00455: Apache/2.4.39 (Win64) PHP/7.3.6 configured -- resuming normal operations
[Thu Aug 15 19:18:47.873154 2019] [mpm_winnt:notice] [pid 3800:tid 132] AH00456: Apache Lounge VC15 Server built: May 29 2019 11:22:50
[Thu Aug 15 19:18:47.873154 2019] [core:notice] [pid 3800:tid 132] AH00094: Command line: 'c:\\Apache24\\bin\\httpd.exe -d C:/Apache24'
[Thu Aug 15 19:18:47.873154 2019] [mpm_winnt:notice] [pid 3800:tid 132] AH00418: Parent: Created child process 6912
[Thu Aug 15 19:18:48.420065 2019] [mpm_winnt:notice] [pid 6912:tid 668] AH00354: Child: Starting 64 worker threads.
[Fri Aug 16 08:31:31.237019 2019] [mpm_winnt:notice] [pid 3800:tid 132] AH00422: Parent: Received shutdown signal -- Shutting down the server.
[Fri Aug 16 08:31:33.265053 2019] [mpm_winnt:notice] [pid 6912:tid 668] AH00364: Child: All worker threads have exited.
[Fri Aug 16 08:31:33.296309 2019] [mpm_winnt:notice] [pid 3800:tid 132] AH00430: Parent: Child process 6912 exited successfully.
[Fri Aug 16 08:32:01.855402 2019] [mpm_winnt:notice] [pid 3576:tid 704] AH00455: Apache/2.4.39 (Win64) PHP/7.3.6 configured -- resuming normal operations
[Fri Aug 16 08:32:01.856402 2019] [mpm_winnt:notice] [pid 3576:tid 704] AH00456: Apache Lounge VC15 Server built: May 29 2019 11:22:50
[Fri Aug 16 08:32:01.856402 2019] [core:notice] [pid 3576:tid 704] AH00094: Command line: 'c:\\Apache24\\bin\\httpd.exe -d C:/Apache24'
[Fri Aug 16 08:32:01.857402 2019] [mpm_winnt:notice] [pid 3576:tid 704] AH00418: Parent: Created child process 7272
[Fri Aug 16 08:32:02.308504 2019] [mpm_winnt:notice] [pid 7272:tid 616] AH00354: Child: Starting 64 worker threads.
[Tue Aug 27 10:14:34.592469 2019] [mpm_winnt:notice] [pid 3576:tid 704] AH00422: Parent: Received shutdown signal -- Shutting down the server.
[Tue Aug 27 10:14:36.626001 2019] [mpm_winnt:notice] [pid 7272:tid 616] AH00364: Child: All worker threads have exited.
[Tue Aug 27 10:14:36.672880 2019] [mpm_winnt:notice] [pid 3576:tid 704] AH00430: Parent: Child process 7272 exited successfully.
[Tue Aug 27 10:15:09.670899 2019] [mpm_winnt:notice] [pid 4140:tid 580] AH00455: Apache/2.4.39 (Win64) PHP/7.3.6 configured -- resuming normal operations
[Tue Aug 27 10:15:09.670899 2019] [mpm_winnt:notice] [pid 4140:tid 580] AH00456: Apache Lounge VC15 Server built: May 29 2019 11:22:50
[Tue Aug 27 10:15:09.670899 2019] [core:notice] [pid 4140:tid 580] AH00094: Command line: 'c:\\Apache24\\bin\\httpd.exe -d C:/Apache24'
[Tue Aug 27 10:15:09.673899 2019] [mpm_winnt:notice] [pid 4140:tid 580] AH00418: Parent: Created child process 8580
[Tue Aug 27 10:15:10.401063 2019] [mpm_winnt:notice] [pid 8580:tid 668] AH00354: Child: Starting 64 worker threads.
[Sat Aug 31 21:42:35.216689 2019] [core:warn] [pid 3936:tid 676] AH00098: pid file C:/Apache24/logs/httpd.pid overwritten -- Unclean shutdown of previous Apache run?
[Sat Aug 31 21:42:35.357324 2019] [mpm_winnt:notice] [pid 3936:tid 676] AH00455: Apache/2.4.39 (Win64) PHP/7.3.6 configured -- resuming normal operations
[Sat Aug 31 21:42:35.357324 2019] [mpm_winnt:notice] [pid 3936:tid 676] AH00456: Apache Lounge VC15 Server built: May 29 2019 11:22:50
[Sat Aug 31 21:42:35.357324 2019] [core:notice] [pid 3936:tid 676] AH00094: Command line: 'c:\\Apache24\\bin\\httpd.exe -d C:/Apache24'
[Sat Aug 31 21:42:35.357324 2019] [mpm_winnt:notice] [pid 3936:tid 676] AH00418: Parent: Created child process 6796
[Sat Aug 31 21:42:35.951114 2019] [mpm_winnt:notice] [pid 6796:tid 548] AH00354: Child: Starting 64 worker threads.
[Sat Sep 07 16:42:29.443525 2019] [core:warn] [pid 3724:tid 744] AH00098: pid file C:/Apache24/logs/httpd.pid overwritten -- Unclean shutdown of previous Apache run?
[Sat Sep 07 16:42:29.501538 2019] [mpm_winnt:notice] [pid 3724:tid 744] AH00455: Apache/2.4.39 (Win64) PHP/7.3.6 configured -- resuming normal operations
[Sat Sep 07 16:42:29.501538 2019] [mpm_winnt:notice] [pid 3724:tid 744] AH00456: Apache Lounge VC15 Server built: May 29 2019 11:22:50
[Sat Sep 07 16:42:29.501538 2019] [core:notice] [pid 3724:tid 744] AH00094: Command line: 'c:\\Apache24\\bin\\httpd.exe -d C:/Apache24'
[Sat Sep 07 16:42:29.503539 2019] [mpm_winnt:notice] [pid 3724:tid 744] AH00418: Parent: Created child process 7548
[Sat Sep 07 16:42:29.949639 2019] [mpm_winnt:notice] [pid 7548:tid 648] AH00354: Child: Starting 64 worker threads.
[Thu Sep 12 00:10:51.066776 2019] [mpm_winnt:notice] [pid 3724:tid 744] AH00422: Parent: Received shutdown signal -- Shutting down the server.
[Thu Sep 12 00:10:53.096352 2019] [mpm_winnt:notice] [pid 7548:tid 648] AH00364: Child: All worker threads have exited.
[Thu Sep 12 00:10:53.127604 2019] [mpm_winnt:notice] [pid 3724:tid 744] AH00430: Parent: Child process 7548 exited successfully.
[Thu Sep 12 10:29:15.500183 2019] [mpm_winnt:notice] [pid 3640:tid 748] AH00455: Apache/2.4.39 (Win64) PHP/7.3.6 configured -- resuming normal operations
[Thu Sep 12 10:29:15.501184 2019] [mpm_winnt:notice] [pid 3640:tid 748] AH00456: Apache Lounge VC15 Server built: May 29 2019 11:22:50
[Thu Sep 12 10:29:15.501184 2019] [core:notice] [pid 3640:tid 748] AH00094: Command line: 'c:\\Apache24\\bin\\httpd.exe -d C:/Apache24'
[Thu Sep 12 10:29:15.503183 2019] [mpm_winnt:notice] [pid 3640:tid 748] AH00418: Parent: Created child process 7264
[Thu Sep 12 10:29:15.952285 2019] [mpm_winnt:notice] [pid 7264:tid 628] AH00354: Child: Starting 64 worker threads.
[Sat Oct 05 00:04:08.755146 2019] [mpm_winnt:notice] [pid 3640:tid 748] AH00422: Parent: Received shutdown signal -- Shutting down the server.
[Sat Oct 05 00:04:10.773530 2019] [mpm_winnt:notice] [pid 7264:tid 628] AH00364: Child: All worker threads have exited.
[Sat Oct 05 00:04:10.804782 2019] [mpm_winnt:notice] [pid 3640:tid 748] AH00430: Parent: Child process 7264 exited successfully.
[Sat Oct 05 10:49:39.092603 2019] [mpm_winnt:notice] [pid 3700:tid 684] AH00455: Apache/2.4.39 (Win64) PHP/7.3.6 configured -- resuming normal operations
[Sat Oct 05 10:49:39.092603 2019] [mpm_winnt:notice] [pid 3700:tid 684] AH00456: Apache Lounge VC15 Server built: May 29 2019 11:22:50
[Sat Oct 05 10:49:39.092603 2019] [core:notice] [pid 3700:tid 684] AH00094: Command line: 'c:\\Apache24\\bin\\httpd.exe -d C:/Apache24'
[Sat Oct 05 10:49:39.108232 2019] [mpm_winnt:notice] [pid 3700:tid 684] AH00418: Parent: Created child process 7428
[Sat Oct 05 10:49:39.608262 2019] [mpm_winnt:notice] [pid 7428:tid 524] AH00354: Child: Starting 64 worker threads.
[Sat Oct 05 10:51:46.962514 2019] [mpm_winnt:notice] [pid 3700:tid 684] AH00422: Parent: Received shutdown signal -- Shutting down the server.
[Sat Oct 05 10:51:48.972644 2019] [mpm_winnt:notice] [pid 7428:tid 524] AH00364: Child: All worker threads have exited.
[Sat Oct 05 10:51:48.988269 2019] [mpm_winnt:notice] [pid 3700:tid 684] AH00430: Parent: Child process 7428 exited successfully.
[Sat Oct 05 10:52:20.098801 2019] [mpm_winnt:notice] [pid 3752:tid 700] AH00455: Apache/2.4.39 (Win64) PHP/7.3.6 configured -- resuming normal operations
[Sat Oct 05 10:52:20.098801 2019] [mpm_winnt:notice] [pid 3752:tid 700] AH00456: Apache Lounge VC15 Server built: May 29 2019 11:22:50
[Sat Oct 05 10:52:20.098801 2019] [core:notice] [pid 3752:tid 700] AH00094: Command line: 'c:\\Apache24\\bin\\httpd.exe -d C:/Apache24'
[Sat Oct 05 10:52:20.114427 2019] [mpm_winnt:notice] [pid 3752:tid 700] AH00418: Parent: Created child process 7488
[Sat Oct 05 10:52:20.598829 2019] [mpm_winnt:notice] [pid 7488:tid 600] AH00354: Child: Starting 64 worker threads.
[Fri Oct 11 00:33:32.028963 2019] [mpm_winnt:notice] [pid 3752:tid 700] AH00422: Parent: Received shutdown signal -- Shutting down the server.
[Fri Oct 11 00:33:34.061614 2019] [mpm_winnt:notice] [pid 7488:tid 600] AH00364: Child: All worker threads have exited.
[Fri Oct 11 00:33:34.077246 2019] [mpm_winnt:notice] [pid 3752:tid 700] AH00430: Parent: Child process 7488 exited successfully.
[Fri Oct 11 07:41:52.733003 2019] [mpm_winnt:notice] [pid 3752:tid 520] AH00455: Apache/2.4.39 (Win64) PHP/7.3.6 configured -- resuming normal operations
[Fri Oct 11 07:41:52.733003 2019] [mpm_winnt:notice] [pid 3752:tid 520] AH00456: Apache Lounge VC15 Server built: May 29 2019 11:22:50
[Fri Oct 11 07:41:52.733003 2019] [core:notice] [pid 3752:tid 520] AH00094: Command line: 'c:\\Apache24\\bin\\httpd.exe -d C:/Apache24'
[Fri Oct 11 07:41:52.733003 2019] [mpm_winnt:notice] [pid 3752:tid 520] AH00418: Parent: Created child process 6956
[Fri Oct 11 07:41:53.326791 2019] [mpm_winnt:notice] [pid 6956:tid 684] AH00354: Child: Starting 64 worker threads.
[Sun Nov 03 18:29:38.743232 2019] [core:warn] [pid 4076:tid 752] AH00098: pid file C:/Apache24/logs/httpd.pid overwritten -- Unclean shutdown of previous Apache run?
[Sun Nov 03 18:29:38.930744 2019] [mpm_winnt:notice] [pid 4076:tid 752] AH00455: Apache/2.4.39 (Win64) PHP/7.3.6 configured -- resuming normal operations
[Sun Nov 03 18:29:38.930744 2019] [mpm_winnt:notice] [pid 4076:tid 752] AH00456: Apache Lounge VC15 Server built: May 29 2019 11:22:50
[Sun Nov 03 18:29:38.930744 2019] [core:notice] [pid 4076:tid 752] AH00094: Command line: 'c:\\Apache24\\bin\\httpd.exe -d C:/Apache24'
[Sun Nov 03 18:29:38.946371 2019] [mpm_winnt:notice] [pid 4076:tid 752] AH00418: Parent: Created child process 7008
[Sun Nov 03 18:29:39.508908 2019] [mpm_winnt:notice] [pid 7008:tid 636] AH00354: Child: Starting 64 worker threads.
[Thu Nov 07 21:10:15.603667 2019] [mpm_winnt:notice] [pid 4076:tid 752] AH00422: Parent: Received shutdown signal -- Shutting down the server.
[Thu Nov 07 21:10:17.633511 2019] [mpm_winnt:notice] [pid 7008:tid 636] AH00364: Child: All worker threads have exited.
[Thu Nov 07 21:10:17.680390 2019] [mpm_winnt:notice] [pid 4076:tid 752] AH00430: Parent: Child process 7008 exited successfully.
[Thu Nov 07 22:18:28.430755 2019] [mpm_winnt:notice] [pid 3848:tid 700] AH00455: Apache/2.4.39 (Win64) PHP/7.3.6 configured -- resuming normal operations
[Thu Nov 07 22:18:28.431756 2019] [mpm_winnt:notice] [pid 3848:tid 700] AH00456: Apache Lounge VC15 Server built: May 29 2019 11:22:50
[Thu Nov 07 22:18:28.431756 2019] [core:notice] [pid 3848:tid 700] AH00094: Command line: 'c:\\Apache24\\bin\\httpd.exe -d C:/Apache24'
[Thu Nov 07 22:18:28.433757 2019] [mpm_winnt:notice] [pid 3848:tid 700] AH00418: Parent: Created child process 7832
[Thu Nov 07 22:18:28.905863 2019] [mpm_winnt:notice] [pid 7832:tid 656] AH00354: Child: Starting 64 worker threads.
[Thu Nov 07 22:19:08.386186 2019] [mpm_winnt:notice] [pid 3848:tid 700] AH00422: Parent: Received shutdown signal -- Shutting down the server.
[Thu Nov 07 22:19:10.394642 2019] [mpm_winnt:notice] [pid 7832:tid 656] AH00364: Child: All worker threads have exited.
[Thu Nov 07 22:19:10.410269 2019] [mpm_winnt:notice] [pid 3848:tid 700] AH00430: Parent: Child process 7832 exited successfully.
[Thu Nov 07 22:19:40.923651 2019] [mpm_winnt:notice] [pid 3772:tid 720] AH00455: Apache/2.4.39 (Win64) PHP/7.3.6 configured -- resuming normal operations
[Thu Nov 07 22:19:40.923651 2019] [mpm_winnt:notice] [pid 3772:tid 720] AH00456: Apache Lounge VC15 Server built: May 29 2019 11:22:50
[Thu Nov 07 22:19:40.923651 2019] [core:notice] [pid 3772:tid 720] AH00094: Command line: 'c:\\Apache24\\bin\\httpd.exe -d C:/Apache24'
[Thu Nov 07 22:19:40.925653 2019] [mpm_winnt:notice] [pid 3772:tid 720] AH00418: Parent: Created child process 7852
[Thu Nov 07 22:19:41.430767 2019] [mpm_winnt:notice] [pid 7852:tid 648] AH00354: Child: Starting 64 worker threads.
[Sat Nov 09 00:48:46.847346 2019] [mpm_winnt:notice] [pid 3772:tid 720] AH00422: Parent: Received shutdown signal -- Shutting down the server.
[Sat Nov 09 00:48:48.851418 2019] [mpm_winnt:notice] [pid 7852:tid 648] AH00364: Child: All worker threads have exited.
[Sat Nov 09 00:48:48.882670 2019] [mpm_winnt:notice] [pid 3772:tid 720] AH00430: Parent: Child process 7852 exited successfully.
[Sat Nov 09 10:24:45.412095 2019] [mpm_winnt:notice] [pid 3784:tid 748] AH00455: Apache/2.4.39 (Win64) PHP/7.3.6 configured -- resuming normal operations
[Sat Nov 09 10:24:45.412095 2019] [mpm_winnt:notice] [pid 3784:tid 748] AH00456: Apache Lounge VC15 Server built: May 29 2019 11:22:50
[Sat Nov 09 10:24:45.412095 2019] [core:notice] [pid 3784:tid 748] AH00094: Command line: 'c:\\Apache24\\bin\\httpd.exe -d C:/Apache24'
[Sat Nov 09 10:24:45.414096 2019] [mpm_winnt:notice] [pid 3784:tid 748] AH00418: Parent: Created child process 7780
[Sat Nov 09 10:24:45.880201 2019] [mpm_winnt:notice] [pid 7780:tid 468] AH00354: Child: Starting 64 worker threads.
[Sat Nov 09 10:24:53.294883 2019] [mpm_winnt:notice] [pid 3784:tid 748] AH00422: Parent: Received shutdown signal -- Shutting down the server.
[Sat Nov 09 10:24:55.300336 2019] [mpm_winnt:notice] [pid 7780:tid 468] AH00364: Child: All worker threads have exited.
[Sat Nov 09 10:24:55.323342 2019] [mpm_winnt:notice] [pid 3784:tid 748] AH00430: Parent: Child process 7780 exited successfully.
[Sat Nov 09 10:25:26.222342 2019] [mpm_winnt:notice] [pid 3964:tid 744] AH00455: Apache/2.4.39 (Win64) PHP/7.3.6 configured -- resuming normal operations
[Sat Nov 09 10:25:26.222342 2019] [mpm_winnt:notice] [pid 3964:tid 744] AH00456: Apache Lounge VC15 Server built: May 29 2019 11:22:50
[Sat Nov 09 10:25:26.222342 2019] [core:notice] [pid 3964:tid 744] AH00094: Command line: 'c:\\Apache24\\bin\\httpd.exe -d C:/Apache24'
[Sat Nov 09 10:25:26.222342 2019] [mpm_winnt:notice] [pid 3964:tid 744] AH00418: Parent: Created child process 7396
[Sat Nov 09 10:25:26.769254 2019] [mpm_winnt:notice] [pid 7396:tid 656] AH00354: Child: Starting 64 worker threads.
[Sun Nov 10 11:47:17.980414 2019] [mpm_winnt:notice] [pid 3964:tid 744] AH00422: Parent: Received shutdown signal -- Shutting down the server.
[Sun Nov 10 11:47:20.006465 2019] [mpm_winnt:notice] [pid 7396:tid 656] AH00364: Child: All worker threads have exited.
[Sun Nov 10 11:47:20.037717 2019] [mpm_winnt:notice] [pid 3964:tid 744] AH00430: Parent: Child process 7396 exited successfully.
[Sun Nov 10 11:47:50.579083 2019] [mpm_winnt:notice] [pid 4232:tid 692] AH00455: Apache/2.4.39 (Win64) PHP/7.3.6 configured -- resuming normal operations
[Sun Nov 10 11:47:50.580084 2019] [mpm_winnt:notice] [pid 4232:tid 692] AH00456: Apache Lounge VC15 Server built: May 29 2019 11:22:50
[Sun Nov 10 11:47:50.580084 2019] [core:notice] [pid 4232:tid 692] AH00094: Command line: 'c:\\Apache24\\bin\\httpd.exe -d C:/Apache24'
[Sun Nov 10 11:47:50.582084 2019] [mpm_winnt:notice] [pid 4232:tid 692] AH00418: Parent: Created child process 8168
[Sun Nov 10 11:47:51.316249 2019] [mpm_winnt:notice] [pid 8168:tid 708] AH00354: Child: Starting 64 worker threads.
[Mon Nov 11 01:00:03.327166 2019] [core:warn] [pid 4008:tid 668] AH00098: pid file C:/Apache24/logs/httpd.pid overwritten -- Unclean shutdown of previous Apache run?
[Mon Nov 11 01:00:03.428189 2019] [mpm_winnt:notice] [pid 4008:tid 668] AH00455: Apache/2.4.39 (Win64) PHP/7.3.6 configured -- resuming normal operations
[Mon Nov 11 01:00:03.428189 2019] [mpm_winnt:notice] [pid 4008:tid 668] AH00456: Apache Lounge VC15 Server built: May 29 2019 11:22:50
[Mon Nov 11 01:00:03.428189 2019] [core:notice] [pid 4008:tid 668] AH00094: Command line: 'c:\\Apache24\\bin\\httpd.exe -d C:/Apache24'
[Mon Nov 11 01:00:03.429188 2019] [mpm_winnt:notice] [pid 4008:tid 668] AH00418: Parent: Created child process 7604
[Mon Nov 11 01:00:03.947303 2019] [mpm_winnt:notice] [pid 7604:tid 4] AH00354: Child: Starting 64 worker threads.
[Wed Nov 13 23:16:27.721477 2019] [core:warn] [pid 4060:tid 144] AH00098: pid file C:/Apache24/logs/httpd.pid overwritten -- Unclean shutdown of previous Apache run?
[Wed Nov 13 23:16:27.799496 2019] [mpm_winnt:notice] [pid 4060:tid 144] AH00455: Apache/2.4.39 (Win64) PHP/7.3.6 configured -- resuming normal operations
[Wed Nov 13 23:16:27.799496 2019] [mpm_winnt:notice] [pid 4060:tid 144] AH00456: Apache Lounge VC15 Server built: May 29 2019 11:22:50
[Wed Nov 13 23:16:27.799496 2019] [core:notice] [pid 4060:tid 144] AH00094: Command line: 'c:\\Apache24\\bin\\httpd.exe -d C:/Apache24'
[Wed Nov 13 23:16:27.800495 2019] [mpm_winnt:notice] [pid 4060:tid 144] AH00418: Parent: Created child process 6748
[Wed Nov 13 23:16:28.399629 2019] [mpm_winnt:notice] [pid 6748:tid 648] AH00354: Child: Starting 64 worker threads.
[Thu Nov 14 00:49:55.630382 2019] [mpm_winnt:notice] [pid 4060:tid 144] AH00422: Parent: Received shutdown signal -- Shutting down the server.
[Thu Nov 14 00:49:57.644013 2019] [mpm_winnt:notice] [pid 6748:tid 648] AH00364: Child: All worker threads have exited.
[Thu Nov 14 00:49:57.659640 2019] [mpm_winnt:notice] [pid 4060:tid 144] AH00430: Parent: Child process 6748 exited successfully.
[Thu Nov 14 21:43:17.572330 2019] [mpm_winnt:notice] [pid 3696:tid 776] AH00455: Apache/2.4.39 (Win64) PHP/7.3.6 configured -- resuming normal operations
[Thu Nov 14 21:43:17.572330 2019] [mpm_winnt:notice] [pid 3696:tid 776] AH00456: Apache Lounge VC15 Server built: May 29 2019 11:22:50
[Thu Nov 14 21:43:17.572330 2019] [core:notice] [pid 3696:tid 776] AH00094: Command line: 'c:\\Apache24\\bin\\httpd.exe -d C:/Apache24'
[Thu Nov 14 21:43:17.572330 2019] [mpm_winnt:notice] [pid 3696:tid 776] AH00418: Parent: Created child process 6996
[Thu Nov 14 21:43:18.041111 2019] [mpm_winnt:notice] [pid 6996:tid 616] AH00354: Child: Starting 64 worker threads.
[Fri Nov 29 10:22:53.904817 2019] [core:warn] [pid 4308:tid 660] AH00098: pid file C:/Apache24/logs/httpd.pid overwritten -- Unclean shutdown of previous Apache run?
[Fri Nov 29 10:22:54.080857 2019] [mpm_winnt:notice] [pid 4308:tid 660] AH00455: Apache/2.4.39 (Win64) PHP/7.3.6 configured -- resuming normal operations
[Fri Nov 29 10:22:54.080857 2019] [mpm_winnt:notice] [pid 4308:tid 660] AH00456: Apache Lounge VC15 Server built: May 29 2019 11:22:50
[Fri Nov 29 10:22:54.080857 2019] [core:notice] [pid 4308:tid 660] AH00094: Command line: 'c:\\Apache24\\bin\\httpd.exe -d C:/Apache24'
[Fri Nov 29 10:22:54.082860 2019] [mpm_winnt:notice] [pid 4308:tid 660] AH00418: Parent: Created child process 8704
[Fri Nov 29 10:22:54.643984 2019] [mpm_winnt:notice] [pid 8704:tid 600] AH00354: Child: Starting 64 worker threads.
[Thu Dec 05 02:42:15.138688 2019] [core:warn] [pid 3952:tid 744] AH00098: pid file C:/Apache24/logs/httpd.pid overwritten -- Unclean shutdown of previous Apache run?
[Thu Dec 05 02:42:15.217706 2019] [mpm_winnt:notice] [pid 3952:tid 744] AH00455: Apache/2.4.39 (Win64) PHP/7.3.6 configured -- resuming normal operations
[Thu Dec 05 02:42:15.217706 2019] [mpm_winnt:notice] [pid 3952:tid 744] AH00456: Apache Lounge VC15 Server built: May 29 2019 11:22:50
[Thu Dec 05 02:42:15.217706 2019] [core:notice] [pid 3952:tid 744] AH00094: Command line: 'c:\\Apache24\\bin\\httpd.exe -d C:/Apache24'
[Thu Dec 05 02:42:15.219706 2019] [mpm_winnt:notice] [pid 3952:tid 744] AH00418: Parent: Created child process 7552
[Thu Dec 05 02:42:15.738822 2019] [mpm_winnt:notice] [pid 7552:tid 548] AH00354: Child: Starting 64 worker threads.
[Thu Dec 12 23:31:51.826553 2019] [mpm_winnt:notice] [pid 3952:tid 744] AH00422: Parent: Received shutdown signal -- Shutting down the server.
[Thu Dec 12 23:31:53.846858 2019] [mpm_winnt:notice] [pid 7552:tid 548] AH00364: Child: All worker threads have exited.
[Thu Dec 12 23:31:53.893732 2019] [mpm_winnt:notice] [pid 3952:tid 744] AH00430: Parent: Child process 7552 exited successfully.
[Fri Dec 13 09:14:21.791684 2019] [mpm_winnt:notice] [pid 3684:tid 728] AH00455: Apache/2.4.39 (Win64) PHP/7.3.6 configured -- resuming normal operations
[Fri Dec 13 09:14:21.791684 2019] [mpm_winnt:notice] [pid 3684:tid 728] AH00456: Apache Lounge VC15 Server built: May 29 2019 11:22:50
[Fri Dec 13 09:14:21.791684 2019] [core:notice] [pid 3684:tid 728] AH00094: Command line: 'c:\\Apache24\\bin\\httpd.exe -d C:/Apache24'
[Fri Dec 13 09:14:21.793685 2019] [mpm_winnt:notice] [pid 3684:tid 728] AH00418: Parent: Created child process 7824
[Fri Dec 13 09:14:22.273792 2019] [mpm_winnt:notice] [pid 7824:tid 640] AH00354: Child: Starting 64 worker threads.
[Fri Dec 13 09:15:59.649890 2019] [mpm_winnt:notice] [pid 3684:tid 728] AH00422: Parent: Received shutdown signal -- Shutting down the server.
[Fri Dec 13 09:16:01.665834 2019] [mpm_winnt:notice] [pid 7824:tid 640] AH00364: Child: All worker threads have exited.
[Fri Dec 13 09:16:01.681451 2019] [mpm_winnt:notice] [pid 3684:tid 728] AH00430: Parent: Child process 7824 exited successfully.
[Fri Dec 13 09:16:33.202743 2019] [mpm_winnt:notice] [pid 3684:tid 760] AH00455: Apache/2.4.39 (Win64) PHP/7.3.6 configured -- resuming normal operations
[Fri Dec 13 09:16:33.205744 2019] [mpm_winnt:notice] [pid 3684:tid 760] AH00456: Apache Lounge VC15 Server built: May 29 2019 11:22:50
[Fri Dec 13 09:16:33.205744 2019] [core:notice] [pid 3684:tid 760] AH00094: Command line: 'c:\\Apache24\\bin\\httpd.exe -d C:/Apache24'
[Fri Dec 13 09:16:33.207745 2019] [mpm_winnt:notice] [pid 3684:tid 760] AH00418: Parent: Created child process 7224
[Fri Dec 13 09:16:33.719860 2019] [mpm_winnt:notice] [pid 7224:tid 636] AH00354: Child: Starting 64 worker threads.
[Sun Dec 15 01:14:53.803554 2019] [mpm_winnt:notice] [pid 3684:tid 760] AH00422: Parent: Received shutdown signal -- Shutting down the server.
[Sun Dec 15 01:14:55.818069 2019] [mpm_winnt:notice] [pid 7224:tid 636] AH00364: Child: All worker threads have exited.
[Sun Dec 15 01:14:55.849184 2019] [mpm_winnt:notice] [pid 3684:tid 760] AH00430: Parent: Child process 7224 exited successfully.
[Sun Dec 15 13:26:50.248716 2019] [mpm_winnt:notice] [pid 3824:tid 640] AH00455: Apache/2.4.39 (Win64) PHP/7.3.6 configured -- resuming normal operations
[Sun Dec 15 13:26:50.248716 2019] [mpm_winnt:notice] [pid 3824:tid 640] AH00456: Apache Lounge VC15 Server built: May 29 2019 11:22:50
[Sun Dec 15 13:26:50.248716 2019] [core:notice] [pid 3824:tid 640] AH00094: Command line: 'c:\\Apache24\\bin\\httpd.exe -d C:/Apache24'
[Sun Dec 15 13:26:50.250716 2019] [mpm_winnt:notice] [pid 3824:tid 640] AH00418: Parent: Created child process 7652
[Sun Dec 15 13:26:50.816842 2019] [mpm_winnt:notice] [pid 7652:tid 620] AH00354: Child: Starting 64 worker threads.
[Sun Dec 15 22:57:24.907368 2019] [mpm_winnt:notice] [pid 3824:tid 640] AH00422: Parent: Received shutdown signal -- Shutting down the server.
[Sun Dec 15 22:57:26.930247 2019] [mpm_winnt:notice] [pid 7652:tid 620] AH00364: Child: All worker threads have exited.
[Sun Dec 15 22:57:26.945935 2019] [mpm_winnt:notice] [pid 3824:tid 640] AH00430: Parent: Child process 7652 exited successfully.
[Sun Dec 15 22:57:57.349701 2019] [mpm_winnt:notice] [pid 4084:tid 544] AH00455: Apache/2.4.39 (Win64) PHP/7.3.6 configured -- resuming normal operations
[Sun Dec 15 22:57:57.349701 2019] [mpm_winnt:notice] [pid 4084:tid 544] AH00456: Apache Lounge VC15 Server built: May 29 2019 11:22:50
[Sun Dec 15 22:57:57.350701 2019] [core:notice] [pid 4084:tid 544] AH00094: Command line: 'c:\\Apache24\\bin\\httpd.exe -d C:/Apache24'
[Sun Dec 15 22:57:57.352702 2019] [mpm_winnt:notice] [pid 4084:tid 544] AH00418: Parent: Created child process 8788
[Sun Dec 15 22:57:58.090867 2019] [mpm_winnt:notice] [pid 8788:tid 604] AH00354: Child: Starting 64 worker threads.
[Wed Dec 25 01:00:10.931091 2019] [mpm_winnt:notice] [pid 4084:tid 544] AH00422: Parent: Received shutdown signal -- Shutting down the server.
[Wed Dec 25 01:00:12.969612 2019] [mpm_winnt:notice] [pid 8788:tid 604] AH00364: Child: All worker threads have exited.
[Wed Dec 25 01:00:13.016492 2019] [mpm_winnt:notice] [pid 4084:tid 544] AH00430: Parent: Child process 8788 exited successfully.
[Wed Dec 25 01:00:46.697722 2019] [mpm_winnt:notice] [pid 4448:tid 712] AH00455: Apache/2.4.39 (Win64) PHP/7.3.6 configured -- resuming normal operations
[Wed Dec 25 01:00:46.697722 2019] [mpm_winnt:notice] [pid 4448:tid 712] AH00456: Apache Lounge VC15 Server built: May 29 2019 11:22:50
[Wed Dec 25 01:00:46.697722 2019] [core:notice] [pid 4448:tid 712] AH00094: Command line: 'c:\\Apache24\\bin\\httpd.exe -d C:/Apache24'
[Wed Dec 25 01:00:46.699723 2019] [mpm_winnt:notice] [pid 4448:tid 712] AH00418: Parent: Created child process 9164
[Wed Dec 25 01:00:47.608929 2019] [mpm_winnt:notice] [pid 9164:tid 652] AH00354: Child: Starting 64 worker threads.
